[ 2017-07-28T08:46:48+08:00 ] 127.0.0.1 /index.php/Home/Kill/check_num
INFO: [ app_begin ] --START--
INFO: Run Behavior\ReadHtmlCacheBehavior [ RunTime:0.000453s ]
INFO: [ app_begin ] --END-- [ RunTime:0.000864s ]
INFO: [ app_end ] --START--
INFO: Run Behavior\ShowPageTraceBehavior [ RunTime:0.000615s ]
INFO: [ app_end ] --END-- [ RunTime:0.000663s ]

[ 2017-07-28T08:46:49+08:00 ] 127.0.0.1 /index.php/Home/Kill/addCart?goods_id=43
INFO: [ app_begin ] --START--
INFO: Run Behavior\ReadHtmlCacheBehavior [ RunTime:0.000545s ]
INFO: [ app_begin ] --END-- [ RunTime:0.000888s ]
SQL: SHOW COLUMNS FROM `sp_goods` [ RunTime:0.0039s ]
SQL: SELECT * FROM `sp_goods` WHERE `goods_id` = 43 LIMIT 1   [ RunTime:0.0004s ]
NOTIC: [8] A session had already been started - ignoring session_start() D:\wamp\xiangmu\tpshop\Application\Home\Common\Cart.class.php 第 23 行.

[ 2017-07-28T08:46:55+08:00 ] 127.0.0.1 /index.php/Home/Kill/check_num
INFO: [ app_begin ] --START--
INFO: Run Behavior\ReadHtmlCacheBehavior [ RunTime:0.000441s ]
INFO: [ app_begin ] --END-- [ RunTime:0.000759s ]
INFO: [ app_end ] --START--
INFO: Run Behavior\ShowPageTraceBehavior [ RunTime:0.000715s ]
INFO: [ app_end ] --END-- [ RunTime:0.000766s ]

[ 2017-07-28T08:46:56+08:00 ] 127.0.0.1 /index.php/Home/Kill/addCart?goods_id=43
INFO: [ app_begin ] --START--
INFO: Run Behavior\ReadHtmlCacheBehavior [ RunTime:0.000458s ]
INFO: [ app_begin ] --END-- [ RunTime:0.000773s ]
SQL: SHOW COLUMNS FROM `sp_goods` [ RunTime:0.0040s ]
SQL: SELECT * FROM `sp_goods` WHERE `goods_id` = 43 LIMIT 1   [ RunTime:0.0005s ]
NOTIC: [8] A session had already been started - ignoring session_start() D:\wamp\xiangmu\tpshop\Application\Home\Common\Cart.class.php 第 23 行.

[ 2017-07-28T08:57:10+08:00 ] 192.168.21.39 /index.php/Home/Kill/check_num
INFO: [ app_begin ] --START--
INFO: Run Behavior\ReadHtmlCacheBehavior [ RunTime:0.000429s ]
INFO: [ app_begin ] --END-- [ RunTime:0.000757s ]
INFO: [ app_end ] --START--
INFO: Run Behavior\ShowPageTraceBehavior [ RunTime:0.000643s ]
INFO: [ app_end ] --END-- [ RunTime:0.000691s ]

[ 2017-07-28T08:57:11+08:00 ] 192.168.21.39 /index.php/Home/Kill/addCart?goods_id=43
INFO: [ app_begin ] --START--
INFO: Run Behavior\ReadHtmlCacheBehavior [ RunTime:0.000534s ]
INFO: [ app_begin ] --END-- [ RunTime:0.000878s ]
SQL: SHOW COLUMNS FROM `sp_goods` [ RunTime:0.0039s ]
SQL: SELECT * FROM `sp_goods` WHERE `goods_id` = 43 LIMIT 1   [ RunTime:0.0003s ]
NOTIC: [8] A session had already been started - ignoring session_start() D:\wamp\xiangmu\tpshop\Application\Home\Common\Cart.class.php 第 23 行.

[ 2017-07-28T08:57:24+08:00 ] 192.168.21.39 /index.php/Home/Kill/check_num
INFO: [ app_begin ] --START--
INFO: Run Behavior\ReadHtmlCacheBehavior [ RunTime:0.000477s ]
INFO: [ app_begin ] --END-- [ RunTime:0.000922s ]
INFO: [ app_end ] --START--
INFO: Run Behavior\ShowPageTraceBehavior [ RunTime:0.000582s ]
INFO: [ app_end ] --END-- [ RunTime:0.000624s ]

[ 2017-07-28T08:57:25+08:00 ] 192.168.21.39 /index.php/Home/Kill/addCart?goods_id=43
INFO: [ app_begin ] --START--
INFO: Run Behavior\ReadHtmlCacheBehavior [ RunTime:0.000566s ]
INFO: [ app_begin ] --END-- [ RunTime:0.000919s ]
SQL: SHOW COLUMNS FROM `sp_goods` [ RunTime:0.0053s ]
SQL: SELECT * FROM `sp_goods` WHERE `goods_id` = 43 LIMIT 1   [ RunTime:0.0004s ]
NOTIC: [8] A session had already been started - ignoring session_start() D:\wamp\xiangmu\tpshop\Application\Home\Common\Cart.class.php 第 23 行.

[ 2017-07-28T08:57:25+08:00 ] 192.168.21.39 /index.php/Home/Kill/check_num
INFO: [ app_begin ] --START--
INFO: Run Behavior\ReadHtmlCacheBehavior [ RunTime:0.000455s ]
INFO: [ app_begin ] --END-- [ RunTime:0.000779s ]
INFO: [ app_end ] --START--
INFO: Run Behavior\ShowPageTraceBehavior [ RunTime:0.000593s ]
INFO: [ app_end ] --END-- [ RunTime:0.000637s ]

[ 2017-07-28T08:57:26+08:00 ] 192.168.21.39 /index.php/Home/Kill/addCart?goods_id=43
INFO: [ app_begin ] --START--
INFO: Run Behavior\ReadHtmlCacheBehavior [ RunTime:0.000458s ]
INFO: [ app_begin ] --END-- [ RunTime:0.000774s ]
SQL: SHOW COLUMNS FROM `sp_goods` [ RunTime:0.0040s ]
SQL: SELECT * FROM `sp_goods` WHERE `goods_id` = 43 LIMIT 1   [ RunTime:0.0003s ]
NOTIC: [8] A session had already been started - ignoring session_start() D:\wamp\xiangmu\tpshop\Application\Home\Common\Cart.class.php 第 23 行.

[ 2017-07-28T08:57:27+08:00 ] 192.168.21.39 /index.php/Home/Kill/check_num
INFO: [ app_begin ] --START--
INFO: Run Behavior\ReadHtmlCacheBehavior [ RunTime:0.000469s ]
INFO: [ app_begin ] --END-- [ RunTime:0.000802s ]
INFO: [ app_end ] --START--
INFO: Run Behavior\ShowPageTraceBehavior [ RunTime:0.000662s ]
INFO: [ app_end ] --END-- [ RunTime:0.000712s ]

[ 2017-07-28T08:57:28+08:00 ] 192.168.21.39 /index.php/Home/Kill/addCart?goods_id=43
INFO: [ app_begin ] --START--
INFO: Run Behavior\ReadHtmlCacheBehavior [ RunTime:0.000564s ]
INFO: [ app_begin ] --END-- [ RunTime:0.000959s ]
SQL: SHOW COLUMNS FROM `sp_goods` [ RunTime:0.0040s ]
SQL: SELECT * FROM `sp_goods` WHERE `goods_id` = 43 LIMIT 1   [ RunTime:0.0003s ]
NOTIC: [8] A session had already been started - ignoring session_start() D:\wamp\xiangmu\tpshop\Application\Home\Common\Cart.class.php 第 23 行.

[ 2017-07-28T08:57:29+08:00 ] 192.168.21.39 /index.php/Home/Kill/addCart?goods_id=43
INFO: [ app_begin ] --START--
INFO: Run Behavior\ReadHtmlCacheBehavior [ RunTime:0.000460s ]
INFO: [ app_begin ] --END-- [ RunTime:0.000765s ]
SQL: SHOW COLUMNS FROM `sp_goods` [ RunTime:0.0033s ]
SQL: SELECT * FROM `sp_goods` WHERE `goods_id` = 43 LIMIT 1   [ RunTime:0.0003s ]
NOTIC: [8] A session had already been started - ignoring session_start() D:\wamp\xiangmu\tpshop\Application\Home\Common\Cart.class.php 第 23 行.

[ 2017-07-28T08:57:29+08:00 ] 192.168.21.39 /index.php/Home/Kill/check_num
INFO: [ app_begin ] --START--
INFO: Run Behavior\ReadHtmlCacheBehavior [ RunTime:0.000470s ]
INFO: [ app_begin ] --END-- [ RunTime:0.000776s ]
INFO: [ app_end ] --START--
INFO: Run Behavior\ShowPageTraceBehavior [ RunTime:0.000755s ]
INFO: [ app_end ] --END-- [ RunTime:0.000807s ]

[ 2017-07-28T08:57:29+08:00 ] 192.168.21.39 /index.php/Home/Kill/check_num
INFO: [ app_begin ] --START--
INFO: Run Behavior\ReadHtmlCacheBehavior [ RunTime:0.000457s ]
INFO: [ app_begin ] --END-- [ RunTime:0.000789s ]
INFO: [ app_end ] --START--
INFO: Run Behavior\ShowPageTraceBehavior [ RunTime:0.000802s ]
INFO: [ app_end ] --END-- [ RunTime:0.000860s ]

[ 2017-07-28T08:57:30+08:00 ] 192.168.21.39 /index.php/Home/Kill/addCart?goods_id=43
INFO: [ app_begin ] --START--
INFO: Run Behavior\ReadHtmlCacheBehavior [ RunTime:0.000553s ]
INFO: [ app_begin ] --END-- [ RunTime:0.000922s ]
SQL: SHOW COLUMNS FROM `sp_goods` [ RunTime:0.0036s ]
SQL: SELECT * FROM `sp_goods` WHERE `goods_id` = 43 LIMIT 1   [ RunTime:0.0004s ]
NOTIC: [8] A session had already been started - ignoring session_start() D:\wamp\xiangmu\tpshop\Application\Home\Common\Cart.class.php 第 23 行.

[ 2017-07-28T08:57:33+08:00 ] 192.168.21.29 /index.php/Home/Kill/
ERR: 非法操作:index

[ 2017-07-28T08:57:51+08:00 ] 192.168.21.29 /index.php/Home/Kill/addCart?goods_id=43
INFO: [ app_begin ] --START--
INFO: Run Behavior\ReadHtmlCacheBehavior [ RunTime:0.000476s ]
INFO: [ app_begin ] --END-- [ RunTime:0.000818s ]
SQL: SHOW COLUMNS FROM `sp_goods` [ RunTime:0.0042s ]
SQL: SELECT * FROM `sp_goods` WHERE `goods_id` = 43 LIMIT 1   [ RunTime:0.0004s ]
NOTIC: [8] A session had already been started - ignoring session_start() D:\wamp\xiangmu\tpshop\Application\Home\Common\Cart.class.php 第 23 行.

[ 2017-07-28T08:57:51+08:00 ] 192.168.21.29 /index.php/Home/Kill/check_num
INFO: [ app_begin ] --START--
INFO: Run Behavior\ReadHtmlCacheBehavior [ RunTime:0.000489s ]
INFO: [ app_begin ] --END-- [ RunTime:0.000845s ]
INFO: [ app_end ] --START--
INFO: Run Behavior\ShowPageTraceBehavior [ RunTime:0.000717s ]
INFO: [ app_end ] --END-- [ RunTime:0.000778s ]

[ 2017-07-28T08:58:01+08:00 ] 192.168.21.29 /index.php/Home/Kill/check_num
INFO: [ app_begin ] --START--
INFO: Run Behavior\ReadHtmlCacheBehavior [ RunTime:0.000454s ]
INFO: [ app_begin ] --END-- [ RunTime:0.000776s ]
INFO: [ app_end ] --START--
INFO: Run Behavior\ShowPageTraceBehavior [ RunTime:0.000602s ]
INFO: [ app_end ] --END-- [ RunTime:0.000648s ]

[ 2017-07-28T08:58:02+08:00 ] 192.168.21.29 /index.php/Home/Kill/addCart?goods_id=43
INFO: [ app_begin ] --START--
INFO: Run Behavior\ReadHtmlCacheBehavior [ RunTime:0.000456s ]
INFO: [ app_begin ] --END-- [ RunTime:0.000773s ]
SQL: SHOW COLUMNS FROM `sp_goods` [ RunTime:0.0041s ]
SQL: SELECT * FROM `sp_goods` WHERE `goods_id` = 43 LIMIT 1   [ RunTime:0.0004s ]
NOTIC: [8] A session had already been started - ignoring session_start() D:\wamp\xiangmu\tpshop\Application\Home\Common\Cart.class.php 第 23 行.

[ 2017-07-28T08:58:10+08:00 ] 192.168.21.29 /index.php/Home/Kill/check_num
INFO: [ app_begin ] --START--
INFO: Run Behavior\ReadHtmlCacheBehavior [ RunTime:0.000451s ]
INFO: [ app_begin ] --END-- [ RunTime:0.000767s ]
INFO: [ app_end ] --START--
INFO: Run Behavior\ShowPageTraceBehavior [ RunTime:0.000655s ]
INFO: [ app_end ] --END-- [ RunTime:0.000707s ]

[ 2017-07-28T08:58:11+08:00 ] 192.168.21.29 /index.php/Home/Kill/addCart?goods_id=43
INFO: [ app_begin ] --START--
INFO: Run Behavior\ReadHtmlCacheBehavior [ RunTime:0.000502s ]
INFO: [ app_begin ] --END-- [ RunTime:0.000852s ]
SQL: SHOW COLUMNS FROM `sp_goods` [ RunTime:0.0041s ]
SQL: SELECT * FROM `sp_goods` WHERE `goods_id` = 43 LIMIT 1   [ RunTime:0.0003s ]
NOTIC: [8] A session had already been started - ignoring session_start() D:\wamp\xiangmu\tpshop\Application\Home\Common\Cart.class.php 第 23 行.

[ 2017-07-28T08:58:18+08:00 ] 192.168.21.29 /index.php/Home/Kill/check_num
INFO: [ app_begin ] --START--
INFO: Run Behavior\ReadHtmlCacheBehavior [ RunTime:0.000493s ]
INFO: [ app_begin ] --END-- [ RunTime:0.000843s ]
INFO: [ app_end ] --START--
INFO: Run Behavior\ShowPageTraceBehavior [ RunTime:0.000546s ]
INFO: [ app_end ] --END-- [ RunTime:0.000600s ]

[ 2017-07-28T08:58:19+08:00 ] 192.168.21.29 /index.php/Home/Kill/addCart?goods_id=43
INFO: [ app_begin ] --START--
INFO: Run Behavior\ReadHtmlCacheBehavior [ RunTime:0.000455s ]
INFO: [ app_begin ] --END-- [ RunTime:0.000772s ]
SQL: SHOW COLUMNS FROM `sp_goods` [ RunTime:0.0041s ]
SQL: SELECT * FROM `sp_goods` WHERE `goods_id` = 43 LIMIT 1   [ RunTime:0.0004s ]
NOTIC: [8] A session had already been started - ignoring session_start() D:\wamp\xiangmu\tpshop\Application\Home\Common\Cart.class.php 第 23 行.

[ 2017-07-28T10:24:39+08:00 ] 192.168.21.39 /index.php/Home/Kill/addCart?goods_id=42
INFO: [ app_begin ] --START--
INFO: Run Behavior\ReadHtmlCacheBehavior [ RunTime:0.000500s ]
INFO: [ app_begin ] --END-- [ RunTime:0.000862s ]
SQL: SHOW COLUMNS FROM `sp_goods` [ RunTime:0.0043s ]
SQL: SELECT * FROM `sp_goods` WHERE `goods_id` = 42 LIMIT 1   [ RunTime:0.0003s ]
NOTIC: [8] A session had already been started - ignoring session_start() D:\wamp\xiangmu\tpshop\Application\Home\Common\Cart.class.php 第 23 行.

[ 2017-07-28T10:24:39+08:00 ] 192.168.21.39 /index.php/Home/Kill/check_num
INFO: [ app_begin ] --START--
INFO: Run Behavior\ReadHtmlCacheBehavior [ RunTime:0.000614s ]
INFO: [ app_begin ] --END-- [ RunTime:0.000966s ]
INFO: [ app_end ] --START--
INFO: Run Behavior\ShowPageTraceBehavior [ RunTime:0.000561s ]
INFO: [ app_end ] --END-- [ RunTime:0.000602s ]

[ 2017-07-28T10:24:39+08:00 ] 192.168.21.39 /index.php/Home/Kill/check_num
INFO: [ app_begin ] --START--
INFO: Run Behavior\ReadHtmlCacheBehavior [ RunTime:0.000706s ]
INFO: [ app_begin ] --END-- [ RunTime:0.001191s ]
INFO: [ app_end ] --START--
INFO: Run Behavior\ShowPageTraceBehavior [ RunTime:0.000633s ]
INFO: [ app_end ] --END-- [ RunTime:0.000679s ]

[ 2017-07-28T10:24:39+08:00 ] 192.168.21.39 /index.php/Home/Kill/check_num
INFO: [ app_begin ] --START--
INFO: Run Behavior\ReadHtmlCacheBehavior [ RunTime:0.000532s ]
INFO: [ app_begin ] --END-- [ RunTime:0.000912s ]
INFO: [ app_end ] --START--
INFO: Run Behavior\ShowPageTraceBehavior [ RunTime:0.000545s ]
INFO: [ app_end ] --END-- [ RunTime:0.000588s ]

[ 2017-07-28T10:24:39+08:00 ] 192.168.21.39 /index.php/Home/Kill/check_num
INFO: [ app_begin ] --START--
INFO: Run Behavior\ReadHtmlCacheBehavior [ RunTime:0.000489s ]
INFO: [ app_begin ] --END-- [ RunTime:0.000844s ]
INFO: [ app_end ] --START--
INFO: Run Behavior\ShowPageTraceBehavior [ RunTime:0.000696s ]
INFO: [ app_end ] --END-- [ RunTime:0.000759s ]

[ 2017-07-28T10:24:39+08:00 ] 192.168.21.39 /index.php/Home/Kill/check_num
INFO: [ app_begin ] --START--
INFO: Run Behavior\ReadHtmlCacheBehavior [ RunTime:0.000559s ]
INFO: [ app_begin ] --END-- [ RunTime:0.000934s ]
INFO: [ app_end ] --START--
INFO: Run Behavior\ShowPageTraceBehavior [ RunTime:0.000603s ]
INFO: [ app_end ] --END-- [ RunTime:0.000648s ]

[ 2017-07-28T10:24:40+08:00 ] 192.168.21.39 /index.php/Home/Kill/addCart?goods_id=42
INFO: [ app_begin ] --START--
INFO: Run Behavior\ReadHtmlCacheBehavior [ RunTime:0.000545s ]
INFO: [ app_begin ] --END-- [ RunTime:0.000882s ]
SQL: SHOW COLUMNS FROM `sp_goods` [ RunTime:0.0044s ]
SQL: SELECT * FROM `sp_goods` WHERE `goods_id` = 42 LIMIT 1   [ RunTime:0.0004s ]
NOTIC: [8] A session had already been started - ignoring session_start() D:\wamp\xiangmu\tpshop\Application\Home\Common\Cart.class.php 第 23 行.

[ 2017-07-28T10:24:41+08:00 ] 192.168.21.39 /index.php/Home/Kill/addCart?goods_id=42
INFO: [ app_begin ] --START--
INFO: Run Behavior\ReadHtmlCacheBehavior [ RunTime:0.000537s ]
INFO: [ app_begin ] --END-- [ RunTime:0.000921s ]
SQL: SHOW COLUMNS FROM `sp_goods` [ RunTime:0.0046s ]
SQL: SELECT * FROM `sp_goods` WHERE `goods_id` = 42 LIMIT 1   [ RunTime:0.0003s ]
NOTIC: [8] A session had already been started - ignoring session_start() D:\wamp\xiangmu\tpshop\Application\Home\Common\Cart.class.php 第 23 行.

[ 2017-07-28T10:24:42+08:00 ] 192.168.21.39 /index.php/Home/Kill/addCart?goods_id=42
INFO: [ app_begin ] --START--
INFO: Run Behavior\ReadHtmlCacheBehavior [ RunTime:0.000447s ]
INFO: [ app_begin ] --END-- [ RunTime:0.000756s ]
SQL: SHOW COLUMNS FROM `sp_goods` [ RunTime:0.0040s ]
SQL: SELECT * FROM `sp_goods` WHERE `goods_id` = 42 LIMIT 1   [ RunTime:0.0008s ]
NOTIC: [8] A session had already been started - ignoring session_start() D:\wamp\xiangmu\tpshop\Application\Home\Common\Cart.class.php 第 23 行.

[ 2017-07-28T10:24:43+08:00 ] 192.168.21.39 /index.php/Home/Kill/addCart?goods_id=42
INFO: [ app_begin ] --START--
INFO: Run Behavior\ReadHtmlCacheBehavior [ RunTime:0.000733s ]
INFO: [ app_begin ] --END-- [ RunTime:0.001254s ]
SQL: SHOW COLUMNS FROM `sp_goods` [ RunTime:0.0042s ]
SQL: SELECT * FROM `sp_goods` WHERE `goods_id` = 42 LIMIT 1   [ RunTime:0.0003s ]
NOTIC: [8] A session had already been started - ignoring session_start() D:\wamp\xiangmu\tpshop\Application\Home\Common\Cart.class.php 第 23 行.

[ 2017-07-28T10:24:52+08:00 ] 192.168.21.39 /index.php/Home/Kill/check_num
INFO: [ app_begin ] --START--
INFO: Run Behavior\ReadHtmlCacheBehavior [ RunTime:0.000639s ]
INFO: [ app_begin ] --END-- [ RunTime:0.001010s ]
INFO: [ app_end ] --START--
INFO: Run Behavior\ShowPageTraceBehavior [ RunTime:0.000609s ]
INFO: [ app_end ] --END-- [ RunTime:0.000658s ]

[ 2017-07-28T10:24:53+08:00 ] 192.168.21.39 /index.php/Home/Kill/addCart?goods_id=42
INFO: [ app_begin ] --START--
INFO: Run Behavior\ReadHtmlCacheBehavior [ RunTime:0.000541s ]
INFO: [ app_begin ] --END-- [ RunTime:0.000940s ]
SQL: SHOW COLUMNS FROM `sp_goods` [ RunTime:0.0047s ]
SQL: SELECT * FROM `sp_goods` WHERE `goods_id` = 42 LIMIT 1   [ RunTime:0.0008s ]
NOTIC: [8] A session had already been started - ignoring session_start() D:\wamp\xiangmu\tpshop\Application\Home\Common\Cart.class.php 第 23 行.

[ 2017-07-28T10:48:24+08:00 ] 192.168.21.33 /index.php/Home/Kill/check_num
INFO: [ app_begin ] --START--
INFO: Run Behavior\ReadHtmlCacheBehavior [ RunTime:0.000459s ]
INFO: [ app_begin ] --END-- [ RunTime:0.000780s ]
INFO: [ app_end ] --START--
INFO: Run Behavior\ShowPageTraceBehavior [ RunTime:0.000670s ]
INFO: [ app_end ] --END-- [ RunTime:0.000723s ]

[ 2017-07-28T10:48:25+08:00 ] 192.168.21.33 /index.php/Home/Kill/addCart?goods_id=43
INFO: [ app_begin ] --START--
INFO: Run Behavior\ReadHtmlCacheBehavior [ RunTime:0.000528s ]
INFO: [ app_begin ] --END-- [ RunTime:0.000869s ]
SQL: SHOW COLUMNS FROM `sp_goods` [ RunTime:0.0056s ]
SQL: SELECT * FROM `sp_goods` WHERE `goods_id` = 43 LIMIT 1   [ RunTime:0.0004s ]
NOTIC: [8] A session had already been started - ignoring session_start() D:\wamp\xiangmu\tpshop\Application\Home\Common\Cart.class.php 第 23 行.

[ 2017-07-28T11:19:31+08:00 ] 192.168.21.33 /index.php/Home/Kill/check_num
INFO: [ app_begin ] --START--
INFO: Run Behavior\ReadHtmlCacheBehavior [ RunTime:0.000470s ]
INFO: [ app_begin ] --END-- [ RunTime:0.000802s ]
INFO: [ app_end ] --START--
INFO: Run Behavior\ShowPageTraceBehavior [ RunTime:0.000594s ]
INFO: [ app_end ] --END-- [ RunTime:0.000642s ]

[ 2017-07-28T11:19:32+08:00 ] 192.168.21.33 /index.php/Home/Kill/addCart?goods_id=43
INFO: [ app_begin ] --START--
INFO: Run Behavior\ReadHtmlCacheBehavior [ RunTime:0.000551s ]
INFO: [ app_begin ] --END-- [ RunTime:0.000891s ]
SQL: SHOW COLUMNS FROM `sp_goods` [ RunTime:0.0059s ]
SQL: SELECT * FROM `sp_goods` WHERE `goods_id` = 43 LIMIT 1   [ RunTime:0.0004s ]
NOTIC: [8] A session had already been started - ignoring session_start() D:\wamp\xiangmu\tpshop\Application\Home\Common\Cart.class.php 第 23 行.

[ 2017-07-28T13:47:49+08:00 ] 192.168.21.33 /index.php/Home/Kill/addCart?goods_id=43
INFO: [ app_begin ] --START--
INFO: Run Behavior\ReadHtmlCacheBehavior [ RunTime:0.000704s ]
INFO: [ app_begin ] --END-- [ RunTime:0.001224s ]
SQL: SHOW COLUMNS FROM `sp_goods` [ RunTime:0.0060s ]
SQL: SELECT * FROM `sp_goods` WHERE `goods_id` = 43 LIMIT 1   [ RunTime:0.0004s ]
NOTIC: [8] A session had already been started - ignoring session_start() D:\wamp\xiangmu\tpshop\Application\Home\Common\Cart.class.php 第 23 行.

[ 2017-07-28T13:47:49+08:00 ] 192.168.21.33 /index.php/Home/Kill/check_num
INFO: [ app_begin ] --START--
INFO: Run Behavior\ReadHtmlCacheBehavior [ RunTime:0.000729s ]
INFO: [ app_begin ] --END-- [ RunTime:0.001227s ]
INFO: [ app_end ] --START--
INFO: Run Behavior\ShowPageTraceBehavior [ RunTime:0.000768s ]
INFO: [ app_end ] --END-- [ RunTime:0.000828s ]

[ 2017-07-28T14:01:16+08:00 ] 192.168.21.35 /index.php/Home/Kill/addCart?goods_id=43
INFO: [ app_begin ] --START--
INFO: Run Behavior\ReadHtmlCacheBehavior [ RunTime:0.000453s ]
INFO: [ app_begin ] --END-- [ RunTime:0.000779s ]
SQL: SHOW COLUMNS FROM `sp_goods` [ RunTime:0.0064s ]
SQL: SELECT * FROM `sp_goods` WHERE `goods_id` = 43 LIMIT 1   [ RunTime:0.0004s ]
NOTIC: [8] A session had already been started - ignoring session_start() D:\wamp\xiangmu\tpshop\Application\Home\Common\Cart.class.php 第 23 行.

[ 2017-07-28T14:01:16+08:00 ] 192.168.21.35 /index.php/Home/Kill/check_num
INFO: [ app_begin ] --START--
INFO: Run Behavior\ReadHtmlCacheBehavior [ RunTime:0.000509s ]
INFO: [ app_begin ] --END-- [ RunTime:0.000864s ]
INFO: [ app_end ] --START--
INFO: Run Behavior\ShowPageTraceBehavior [ RunTime:0.000754s ]
INFO: [ app_end ] --END-- [ RunTime:0.000819s ]

[ 2017-07-28T14:01:22+08:00 ] 192.168.21.35 /index.php/Home/Kill/addCart?goods_id=43
INFO: [ app_begin ] --START--
INFO: Run Behavior\ReadHtmlCacheBehavior [ RunTime:0.000430s ]
INFO: [ app_begin ] --END-- [ RunTime:0.000726s ]
SQL: SHOW COLUMNS FROM `sp_goods` [ RunTime:0.0062s ]
SQL: SELECT * FROM `sp_goods` WHERE `goods_id` = 43 LIMIT 1   [ RunTime:0.0003s ]
NOTIC: [8] A session had already been started - ignoring session_start() D:\wamp\xiangmu\tpshop\Application\Home\Common\Cart.class.php 第 23 行.

[ 2017-07-28T14:01:22+08:00 ] 192.168.21.35 /index.php/Home/Kill/check_num
INFO: [ app_begin ] --START--
INFO: Run Behavior\ReadHtmlCacheBehavior [ RunTime:0.000443s ]
INFO: [ app_begin ] --END-- [ RunTime:0.000773s ]
INFO: [ app_end ] --START--
INFO: Run Behavior\ShowPageTraceBehavior [ RunTime:0.000668s ]
INFO: [ app_end ] --END-- [ RunTime:0.000723s ]

[ 2017-07-28T14:01:27+08:00 ] 192.168.21.35 /index.php/Home/Kill/addCart?goods_id=43
INFO: [ app_begin ] --START--
INFO: Run Behavior\ReadHtmlCacheBehavior [ RunTime:0.000450s ]
INFO: [ app_begin ] --END-- [ RunTime:0.000762s ]
SQL: SHOW COLUMNS FROM `sp_goods` [ RunTime:0.0077s ]
SQL: SELECT * FROM `sp_goods` WHERE `goods_id` = 43 LIMIT 1   [ RunTime:0.0004s ]
NOTIC: [8] A session had already been started - ignoring session_start() D:\wamp\xiangmu\tpshop\Application\Home\Common\Cart.class.php 第 23 行.

[ 2017-07-28T14:01:27+08:00 ] 192.168.21.35 /index.php/Home/Kill/check_num
INFO: [ app_begin ] --START--
INFO: Run Behavior\ReadHtmlCacheBehavior [ RunTime:0.000477s ]
INFO: [ app_begin ] --END-- [ RunTime:0.000829s ]
INFO: [ app_end ] --START--
INFO: Run Behavior\ShowPageTraceBehavior [ RunTime:0.000652s ]
INFO: [ app_end ] --END-- [ RunTime:0.000710s ]

[ 2017-07-28T14:01:27+08:00 ] 192.168.21.35 /index.php/Home/Kill/check_num
INFO: [ app_begin ] --START--
INFO: Run Behavior\ReadHtmlCacheBehavior [ RunTime:0.000460s ]
INFO: [ app_begin ] --END-- [ RunTime:0.000792s ]
INFO: [ app_end ] --START--
INFO: Run Behavior\ShowPageTraceBehavior [ RunTime:0.000524s ]
INFO: [ app_end ] --END-- [ RunTime:0.000574s ]

[ 2017-07-28T14:01:28+08:00 ] 192.168.21.35 /index.php/Home/Kill/addCart?goods_id=43
INFO: [ app_begin ] --START--
INFO: Run Behavior\ReadHtmlCacheBehavior [ RunTime:0.000492s ]
INFO: [ app_begin ] --END-- [ RunTime:0.000843s ]
SQL: SHOW COLUMNS FROM `sp_goods` [ RunTime:0.0052s ]
SQL: SELECT * FROM `sp_goods` WHERE `goods_id` = 43 LIMIT 1   [ RunTime:0.0004s ]
NOTIC: [8] A session had already been started - ignoring session_start() D:\wamp\xiangmu\tpshop\Application\Home\Common\Cart.class.php 第 23 行.

[ 2017-07-28T14:01:29+08:00 ] 192.168.21.35 /index.php/Home/Kill/addCart?goods_id=43
INFO: [ app_begin ] --START--
INFO: Run Behavior\ReadHtmlCacheBehavior [ RunTime:0.000854s ]
INFO: [ app_begin ] --END-- [ RunTime:0.001365s ]
SQL: SHOW COLUMNS FROM `sp_goods` [ RunTime:0.0059s ]
SQL: SELECT * FROM `sp_goods` WHERE `goods_id` = 43 LIMIT 1   [ RunTime:0.0004s ]
NOTIC: [8] A session had already been started - ignoring session_start() D:\wamp\xiangmu\tpshop\Application\Home\Common\Cart.class.php 第 23 行.

[ 2017-07-28T14:01:29+08:00 ] 192.168.21.35 /index.php/Home/Kill/check_num
INFO: [ app_begin ] --START--
INFO: Run Behavior\ReadHtmlCacheBehavior [ RunTime:0.000593s ]
INFO: [ app_begin ] --END-- [ RunTime:0.000961s ]
INFO: [ app_end ] --START--
INFO: Run Behavior\ShowPageTraceBehavior [ RunTime:0.000585s ]
INFO: [ app_end ] --END-- [ RunTime:0.000628s ]

[ 2017-07-28T14:01:45+08:00 ] 192.168.21.29 /index.php/Home/Kill/check_num
INFO: [ app_begin ] --START--
INFO: Run Behavior\ReadHtmlCacheBehavior [ RunTime:0.000538s ]
INFO: [ app_begin ] --END-- [ RunTime:0.000903s ]
INFO: [ app_end ] --START--
INFO: Run Behavior\ShowPageTraceBehavior [ RunTime:0.000585s ]
INFO: [ app_end ] --END-- [ RunTime:0.000639s ]

[ 2017-07-28T14:01:46+08:00 ] 192.168.21.29 /index.php/Home/Kill/addCart?goods_id=43
INFO: [ app_begin ] --START--
INFO: Run Behavior\ReadHtmlCacheBehavior [ RunTime:0.000522s ]
INFO: [ app_begin ] --END-- [ RunTime:0.000885s ]
SQL: SHOW COLUMNS FROM `sp_goods` [ RunTime:0.0051s ]
SQL: SELECT * FROM `sp_goods` WHERE `goods_id` = 43 LIMIT 1   [ RunTime:0.0004s ]
NOTIC: [8] A session had already been started - ignoring session_start() D:\wamp\xiangmu\tpshop\Application\Home\Common\Cart.class.php 第 23 行.

[ 2017-07-28T14:03:38+08:00 ] 192.168.21.33 /index.php/Home/Kill/check_num
INFO: [ app_begin ] --START--
INFO: Run Behavior\ReadHtmlCacheBehavior [ RunTime:0.000498s ]
INFO: [ app_begin ] --END-- [ RunTime:0.000841s ]
INFO: [ app_end ] --START--
INFO: Run Behavior\ShowPageTraceBehavior [ RunTime:0.000717s ]
INFO: [ app_end ] --END-- [ RunTime:0.000777s ]

[ 2017-07-28T14:03:39+08:00 ] 192.168.21.33 /index.php/Home/Kill/addCart?goods_id=43
INFO: [ app_begin ] --START--
INFO: Run Behavior\ReadHtmlCacheBehavior [ RunTime:0.000605s ]
INFO: [ app_begin ] --END-- [ RunTime:0.000994s ]
SQL: SHOW COLUMNS FROM `sp_goods` [ RunTime:0.0058s ]
SQL: SELECT * FROM `sp_goods` WHERE `goods_id` = 43 LIMIT 1   [ RunTime:0.0003s ]
NOTIC: [8] A session had already been started - ignoring session_start() D:\wamp\xiangmu\tpshop\Application\Home\Common\Cart.class.php 第 23 行.

[ 2017-07-28T14:05:08+08:00 ] 192.168.21.32 /index.php/Home/Goods/
ERR: 非法操作:index

[ 2017-07-28T14:05:11+08:00 ] 192.168.21.32 /index.php/Home/Goods/
ERR: 非法操作:index

