[ 2017-07-27T19:29:37+08:00 ] 127.0.0.1 /index.php/Home/Shop/addCart?goods_id=41
INFO: [ app_begin ] --START--
INFO: Run Behavior\ReadHtmlCacheBehavior [ RunTime:0.000546s ]
INFO: [ app_begin ] --END-- [ RunTime:0.000901s ]
SQL: SHOW COLUMNS FROM `sp_goods` [ RunTime:0.0046s ]
SQL: SELECT * FROM `sp_goods` WHERE `goods_id` = 41 LIMIT 1   [ RunTime:0.0003s ]
NOTIC: [8] A session had already been started - ignoring session_start() D:\wamp\xiangmu\tpshop\Application\Home\Common\Cart.class.php 第 23 行.

[ 2017-07-27T19:29:45+08:00 ] 127.0.0.1 /index.php/Home/Shop/addCart?goods_id=41
INFO: [ app_begin ] --START--
INFO: Run Behavior\ReadHtmlCacheBehavior [ RunTime:0.000487s ]
INFO: [ app_begin ] --END-- [ RunTime:0.000844s ]
SQL: SHOW COLUMNS FROM `sp_goods` [ RunTime:0.0049s ]
SQL: SELECT * FROM `sp_goods` WHERE `goods_id` = 41 LIMIT 1   [ RunTime:0.0004s ]
NOTIC: [8] A session had already been started - ignoring session_start() D:\wamp\xiangmu\tpshop\Application\Home\Common\Cart.class.php 第 23 行.

[ 2017-07-27T19:38:40+08:00 ] 127.0.0.1 /index.php/Home/Shop/addCart?goods_id=43
INFO: [ app_begin ] --START--
INFO: Run Behavior\ReadHtmlCacheBehavior [ RunTime:0.000582s ]
INFO: [ app_begin ] --END-- [ RunTime:0.001000s ]
SQL: SHOW COLUMNS FROM `sp_goods` [ RunTime:0.0045s ]
SQL: SELECT * FROM `sp_goods` WHERE `goods_id` = 43 LIMIT 1   [ RunTime:0.0005s ]
NOTIC: [8] A session had already been started - ignoring session_start() D:\wamp\xiangmu\tpshop\Application\Home\Common\Cart.class.php 第 23 行.

[ 2017-07-27T19:39:11+08:00 ] 127.0.0.1 /index.php/Home/Shop/addCart?goods_id=43
INFO: [ app_begin ] --START--
INFO: Run Behavior\ReadHtmlCacheBehavior [ RunTime:0.000454s ]
INFO: [ app_begin ] --END-- [ RunTime:0.000783s ]
SQL: SHOW COLUMNS FROM `sp_goods` [ RunTime:0.0044s ]
SQL: SELECT * FROM `sp_goods` WHERE `goods_id` = 43 LIMIT 1   [ RunTime:0.0003s ]
NOTIC: [8] A session had already been started - ignoring session_start() D:\wamp\xiangmu\tpshop\Application\Home\Common\Cart.class.php 第 23 行.

[ 2017-07-27T19:41:32+08:00 ] 127.0.0.1 /index.php/Home/Shop/addCart?goods_id=43
INFO: [ app_begin ] --START--
INFO: Run Behavior\ReadHtmlCacheBehavior [ RunTime:0.000490s ]
INFO: [ app_begin ] --END-- [ RunTime:0.000845s ]
SQL: SHOW COLUMNS FROM `sp_goods` [ RunTime:0.0048s ]
SQL: SELECT * FROM `sp_goods` WHERE `goods_id` = 43 LIMIT 1   [ RunTime:0.0004s ]
NOTIC: [8] A session had already been started - ignoring session_start() D:\wamp\xiangmu\tpshop\Application\Home\Common\Cart.class.php 第 23 行.

[ 2017-07-27T19:48:22+08:00 ] 127.0.0.1 /index.php/Home/Kill/check_num
INFO: [ app_begin ] --START--
INFO: Run Behavior\ReadHtmlCacheBehavior [ RunTime:0.000776s ]
INFO: [ app_begin ] --END-- [ RunTime:0.002673s ]
INFO: [ app_end ] --START--
INFO: Run Behavior\ShowPageTraceBehavior [ RunTime:0.000580s ]
INFO: [ app_end ] --END-- [ RunTime:0.000630s ]

[ 2017-07-27T19:48:25+08:00 ] 127.0.0.1 /index.php/Home/Shop/addCart?goods_id=43
INFO: [ app_begin ] --START--
INFO: Run Behavior\ReadHtmlCacheBehavior [ RunTime:0.000484s ]
INFO: [ app_begin ] --END-- [ RunTime:0.000835s ]
SQL: SHOW COLUMNS FROM `sp_goods` [ RunTime:0.0048s ]
SQL: SELECT * FROM `sp_goods` WHERE `goods_id` = 43 LIMIT 1   [ RunTime:0.0004s ]
NOTIC: [8] A session had already been started - ignoring session_start() D:\wamp\xiangmu\tpshop\Application\Home\Common\Cart.class.php 第 23 行.

[ 2017-07-27T19:48:35+08:00 ] 127.0.0.1 /index.php/Home/Kill/check_num
INFO: [ app_begin ] --START--
INFO: Run Behavior\ReadHtmlCacheBehavior [ RunTime:0.000667s ]
INFO: [ app_begin ] --END-- [ RunTime:0.001463s ]
INFO: [ app_end ] --START--
INFO: Run Behavior\ShowPageTraceBehavior [ RunTime:0.000513s ]
INFO: [ app_end ] --END-- [ RunTime:0.000555s ]

[ 2017-07-27T19:48:38+08:00 ] 127.0.0.1 /index.php/Home/Shop/addCart?goods_id=43
INFO: [ app_begin ] --START--
INFO: Run Behavior\ReadHtmlCacheBehavior [ RunTime:0.000591s ]
INFO: [ app_begin ] --END-- [ RunTime:0.000990s ]
SQL: SHOW COLUMNS FROM `sp_goods` [ RunTime:0.0046s ]
SQL: SELECT * FROM `sp_goods` WHERE `goods_id` = 43 LIMIT 1   [ RunTime:0.0004s ]
NOTIC: [8] A session had already been started - ignoring session_start() D:\wamp\xiangmu\tpshop\Application\Home\Common\Cart.class.php 第 23 行.

[ 2017-07-27T19:50:52+08:00 ] 127.0.0.1 /index.php/Home/Kill/check_num
INFO: [ app_begin ] --START--
INFO: Run Behavior\ReadHtmlCacheBehavior [ RunTime:0.001560s ]
INFO: [ app_begin ] --END-- [ RunTime:0.002477s ]
INFO: [ app_end ] --START--
INFO: Run Behavior\ShowPageTraceBehavior [ RunTime:0.000646s ]
INFO: [ app_end ] --END-- [ RunTime:0.000705s ]

[ 2017-07-27T19:50:53+08:00 ] 127.0.0.1 /index.php/Home/Shop/addCart?goods_id=43
INFO: [ app_begin ] --START--
INFO: Run Behavior\ReadHtmlCacheBehavior [ RunTime:0.000435s ]
INFO: [ app_begin ] --END-- [ RunTime:0.000757s ]
SQL: SHOW COLUMNS FROM `sp_goods` [ RunTime:0.0042s ]
SQL: SELECT * FROM `sp_goods` WHERE `goods_id` = 43 LIMIT 1   [ RunTime:0.0004s ]
NOTIC: [8] A session had already been started - ignoring session_start() D:\wamp\xiangmu\tpshop\Application\Home\Common\Cart.class.php 第 23 行.

[ 2017-07-27T19:53:12+08:00 ] 127.0.0.1 /index.php/Home/Kill/check_num
INFO: [ app_begin ] --START--
INFO: Run Behavior\ReadHtmlCacheBehavior [ RunTime:0.000474s ]
INFO: [ app_begin ] --END-- [ RunTime:0.000840s ]
INFO: [ app_end ] --START--
INFO: Run Behavior\ShowPageTraceBehavior [ RunTime:0.000623s ]
INFO: [ app_end ] --END-- [ RunTime:0.000678s ]

[ 2017-07-27T19:53:14+08:00 ] 127.0.0.1 /index.php/Home/Shop/addCart?goods_id=43
INFO: [ app_begin ] --START--
INFO: Run Behavior\ReadHtmlCacheBehavior [ RunTime:0.000496s ]
INFO: [ app_begin ] --END-- [ RunTime:0.000847s ]
SQL: SHOW COLUMNS FROM `sp_goods` [ RunTime:0.0045s ]
SQL: SELECT * FROM `sp_goods` WHERE `goods_id` = 43 LIMIT 1   [ RunTime:0.0004s ]
NOTIC: [8] A session had already been started - ignoring session_start() D:\wamp\xiangmu\tpshop\Application\Home\Common\Cart.class.php 第 23 行.

[ 2017-07-27T19:54:31+08:00 ] 127.0.0.1 /index.php/Home/Kill/check_num
INFO: [ app_begin ] --START--
INFO: Run Behavior\ReadHtmlCacheBehavior [ RunTime:0.000449s ]
INFO: [ app_begin ] --END-- [ RunTime:0.000755s ]
INFO: [ app_end ] --START--
INFO: Run Behavior\ShowPageTraceBehavior [ RunTime:0.000696s ]
INFO: [ app_end ] --END-- [ RunTime:0.000763s ]

[ 2017-07-27T19:54:35+08:00 ] 127.0.0.1 /index.php/Home/Shop/addCart?goods_id=43
INFO: [ app_begin ] --START--
INFO: Run Behavior\ReadHtmlCacheBehavior [ RunTime:0.000440s ]
INFO: [ app_begin ] --END-- [ RunTime:0.000742s ]
SQL: SHOW COLUMNS FROM `sp_goods` [ RunTime:0.0046s ]
SQL: SELECT * FROM `sp_goods` WHERE `goods_id` = 43 LIMIT 1   [ RunTime:0.0004s ]
NOTIC: [8] A session had already been started - ignoring session_start() D:\wamp\xiangmu\tpshop\Application\Home\Common\Cart.class.php 第 23 行.

[ 2017-07-27T20:03:59+08:00 ] 127.0.0.1 /index.php/Home/Kill/check_num
INFO: [ app_begin ] --START--
INFO: Run Behavior\ReadHtmlCacheBehavior [ RunTime:0.000489s ]
INFO: [ app_begin ] --END-- [ RunTime:0.000847s ]
INFO: [ app_end ] --START--
INFO: Run Behavior\ShowPageTraceBehavior [ RunTime:0.001352s ]
INFO: [ app_end ] --END-- [ RunTime:0.001539s ]

[ 2017-07-27T20:04:04+08:00 ] 127.0.0.1 /index.php/Home/Shop/addCart?goods_id=43
INFO: [ app_begin ] --START--
INFO: Run Behavior\ReadHtmlCacheBehavior [ RunTime:0.000497s ]
INFO: [ app_begin ] --END-- [ RunTime:0.000853s ]
SQL: SHOW COLUMNS FROM `sp_goods` [ RunTime:0.0045s ]
SQL: SELECT * FROM `sp_goods` WHERE `goods_id` = 43 LIMIT 1   [ RunTime:0.0003s ]
NOTIC: [8] A session had already been started - ignoring session_start() D:\wamp\xiangmu\tpshop\Application\Home\Common\Cart.class.php 第 23 行.

[ 2017-07-27T20:04:06+08:00 ] 127.0.0.1 /index.php/Home/Kill/check_num
INFO: [ app_begin ] --START--
INFO: Run Behavior\ReadHtmlCacheBehavior [ RunTime:0.000576s ]
INFO: [ app_begin ] --END-- [ RunTime:0.001391s ]
INFO: [ app_end ] --START--
INFO: Run Behavior\ShowPageTraceBehavior [ RunTime:0.000626s ]
INFO: [ app_end ] --END-- [ RunTime:0.000682s ]

[ 2017-07-27T20:04:08+08:00 ] 127.0.0.1 /index.php/Home/Shop/addCart?goods_id=43
INFO: [ app_begin ] --START--
INFO: Run Behavior\ReadHtmlCacheBehavior [ RunTime:0.000579s ]
INFO: [ app_begin ] --END-- [ RunTime:0.001134s ]
SQL: SHOW COLUMNS FROM `sp_goods` [ RunTime:0.0048s ]
SQL: SELECT * FROM `sp_goods` WHERE `goods_id` = 43 LIMIT 1   [ RunTime:0.0003s ]
NOTIC: [8] A session had already been started - ignoring session_start() D:\wamp\xiangmu\tpshop\Application\Home\Common\Cart.class.php 第 23 行.

[ 2017-07-27T20:09:36+08:00 ] 127.0.0.1 /index.php/Home/Kill/check_num
INFO: [ app_begin ] --START--
INFO: Run Behavior\ReadHtmlCacheBehavior [ RunTime:0.000560s ]
INFO: [ app_begin ] --END-- [ RunTime:0.001021s ]
INFO: [ app_end ] --START--
INFO: Run Behavior\ShowPageTraceBehavior [ RunTime:0.000684s ]
INFO: [ app_end ] --END-- [ RunTime:0.000746s ]

[ 2017-07-27T20:09:39+08:00 ] 127.0.0.1 /index.php/Home/Shop/addCart?goods_id=43
INFO: [ app_begin ] --START--
INFO: Run Behavior\ReadHtmlCacheBehavior [ RunTime:0.000462s ]
INFO: [ app_begin ] --END-- [ RunTime:0.000791s ]
SQL: SHOW COLUMNS FROM `sp_goods` [ RunTime:0.0047s ]
SQL: SELECT * FROM `sp_goods` WHERE `goods_id` = 43 LIMIT 1   [ RunTime:0.0009s ]
NOTIC: [8] A session had already been started - ignoring session_start() D:\wamp\xiangmu\tpshop\Application\Home\Common\Cart.class.php 第 23 行.

[ 2017-07-27T20:09:46+08:00 ] 127.0.0.1 /index.php/Home/Kill/check_num
INFO: [ app_begin ] --START--
INFO: Run Behavior\ReadHtmlCacheBehavior [ RunTime:0.000526s ]
INFO: [ app_begin ] --END-- [ RunTime:0.000855s ]
INFO: [ app_end ] --START--
INFO: Run Behavior\ShowPageTraceBehavior [ RunTime:0.000648s ]
INFO: [ app_end ] --END-- [ RunTime:0.000702s ]

[ 2017-07-27T20:09:50+08:00 ] 127.0.0.1 /index.php/Home/Shop/addCart?goods_id=43
INFO: [ app_begin ] --START--
INFO: Run Behavior\ReadHtmlCacheBehavior [ RunTime:0.002449s ]
INFO: [ app_begin ] --END-- [ RunTime:0.003078s ]
SQL: SHOW COLUMNS FROM `sp_goods` [ RunTime:0.0075s ]
SQL: SELECT * FROM `sp_goods` WHERE `goods_id` = 43 LIMIT 1   [ RunTime:0.0005s ]
NOTIC: [8] A session had already been started - ignoring session_start() D:\wamp\xiangmu\tpshop\Application\Home\Common\Cart.class.php 第 23 行.

[ 2017-07-27T20:23:14+08:00 ] 127.0.0.1 /index.php/Home/Kill/check_num
INFO: [ app_begin ] --START--
INFO: Run Behavior\ReadHtmlCacheBehavior [ RunTime:0.000659s ]
INFO: [ app_begin ] --END-- [ RunTime:0.001097s ]
INFO: [ app_end ] --START--
INFO: Run Behavior\ShowPageTraceBehavior [ RunTime:0.000678s ]
INFO: [ app_end ] --END-- [ RunTime:0.000737s ]

[ 2017-07-27T20:23:18+08:00 ] 127.0.0.1 /index.php/Home/Shop/addCart?goods_id=43
INFO: [ app_begin ] --START--
INFO: Run Behavior\ReadHtmlCacheBehavior [ RunTime:0.000454s ]
INFO: [ app_begin ] --END-- [ RunTime:0.000768s ]
SQL: SHOW COLUMNS FROM `sp_goods` [ RunTime:0.0063s ]
SQL: SELECT * FROM `sp_goods` WHERE `goods_id` = 43 LIMIT 1   [ RunTime:0.0005s ]
NOTIC: [8] A session had already been started - ignoring session_start() D:\wamp\xiangmu\tpshop\Application\Home\Common\Cart.class.php 第 23 行.

[ 2017-07-27T20:23:21+08:00 ] 127.0.0.1 /index.php/Home/Kill/check_num
INFO: [ app_begin ] --START--
INFO: Run Behavior\ReadHtmlCacheBehavior [ RunTime:0.000480s ]
INFO: [ app_begin ] --END-- [ RunTime:0.000837s ]
INFO: [ app_end ] --START--
INFO: Run Behavior\ShowPageTraceBehavior [ RunTime:0.000718s ]
INFO: [ app_end ] --END-- [ RunTime:0.000806s ]

[ 2017-07-27T20:23:25+08:00 ] 127.0.0.1 /index.php/Home/Shop/addCart?goods_id=43
INFO: [ app_begin ] --START--
INFO: Run Behavior\ReadHtmlCacheBehavior [ RunTime:0.000461s ]
INFO: [ app_begin ] --END-- [ RunTime:0.000799s ]
SQL: SHOW COLUMNS FROM `sp_goods` [ RunTime:0.0050s ]
SQL: SELECT * FROM `sp_goods` WHERE `goods_id` = 43 LIMIT 1   [ RunTime:0.0005s ]
NOTIC: [8] A session had already been started - ignoring session_start() D:\wamp\xiangmu\tpshop\Application\Home\Common\Cart.class.php 第 23 行.

[ 2017-07-27T20:23:29+08:00 ] 127.0.0.1 /index.php/Home/Kill/check_num
INFO: [ app_begin ] --START--
INFO: Run Behavior\ReadHtmlCacheBehavior [ RunTime:0.000501s ]
INFO: [ app_begin ] --END-- [ RunTime:0.000857s ]
INFO: [ app_end ] --START--
INFO: Run Behavior\ShowPageTraceBehavior [ RunTime:0.000601s ]
INFO: [ app_end ] --END-- [ RunTime:0.000655s ]

[ 2017-07-27T20:23:32+08:00 ] 127.0.0.1 /index.php/Home/Shop/addCart?goods_id=43
INFO: [ app_begin ] --START--
INFO: Run Behavior\ReadHtmlCacheBehavior [ RunTime:0.000487s ]
INFO: [ app_begin ] --END-- [ RunTime:0.000858s ]
SQL: SHOW COLUMNS FROM `sp_goods` [ RunTime:0.0045s ]
SQL: SELECT * FROM `sp_goods` WHERE `goods_id` = 43 LIMIT 1   [ RunTime:0.0004s ]
NOTIC: [8] A session had already been started - ignoring session_start() D:\wamp\xiangmu\tpshop\Application\Home\Common\Cart.class.php 第 23 行.

[ 2017-07-27T20:23:37+08:00 ] 127.0.0.1 /index.php/Home/Shop/delGoods?goods_id=43
INFO: [ app_begin ] --START--
INFO: Run Behavior\ReadHtmlCacheBehavior [ RunTime:0.000444s ]
INFO: [ app_begin ] --END-- [ RunTime:0.000743s ]
NOTIC: [8] A session had already been started - ignoring session_start() D:\wamp\xiangmu\tpshop\Application\Home\Common\Cart.class.php 第 23 行.
INFO: [ app_end ] --START--
INFO: Run Behavior\ShowPageTraceBehavior [ RunTime:0.000709s ]
INFO: [ app_end ] --END-- [ RunTime:0.000770s ]

[ 2017-07-27T20:23:47+08:00 ] 127.0.0.1 /index.php/Home/Kill/check_num
INFO: [ app_begin ] --START--
INFO: Run Behavior\ReadHtmlCacheBehavior [ RunTime:0.000462s ]
INFO: [ app_begin ] --END-- [ RunTime:0.000834s ]
INFO: [ app_end ] --START--
INFO: Run Behavior\ShowPageTraceBehavior [ RunTime:0.001112s ]
INFO: [ app_end ] --END-- [ RunTime:0.001212s ]

[ 2017-07-27T20:23:51+08:00 ] 127.0.0.1 /index.php/Home/Shop/addCart?goods_id=43
INFO: [ app_begin ] --START--
INFO: Run Behavior\ReadHtmlCacheBehavior [ RunTime:0.000497s ]
INFO: [ app_begin ] --END-- [ RunTime:0.000836s ]
SQL: SHOW COLUMNS FROM `sp_goods` [ RunTime:0.0041s ]
SQL: SELECT * FROM `sp_goods` WHERE `goods_id` = 43 LIMIT 1   [ RunTime:0.0004s ]
NOTIC: [8] A session had already been started - ignoring session_start() D:\wamp\xiangmu\tpshop\Application\Home\Common\Cart.class.php 第 23 行.

[ 2017-07-27T20:23:59+08:00 ] 127.0.0.1 /index.php/Home/Shop/delGoods?goods_id=41
INFO: [ app_begin ] --START--
INFO: Run Behavior\ReadHtmlCacheBehavior [ RunTime:0.000470s ]
INFO: [ app_begin ] --END-- [ RunTime:0.000833s ]
NOTIC: [8] A session had already been started - ignoring session_start() D:\wamp\xiangmu\tpshop\Application\Home\Common\Cart.class.php 第 23 行.
INFO: [ app_end ] --START--
INFO: Run Behavior\ShowPageTraceBehavior [ RunTime:0.000504s ]
INFO: [ app_end ] --END-- [ RunTime:0.000552s ]

[ 2017-07-27T20:24:08+08:00 ] 127.0.0.1 /index.php/Home/Kill/check_num
INFO: [ app_begin ] --START--
INFO: Run Behavior\ReadHtmlCacheBehavior [ RunTime:0.000620s ]
INFO: [ app_begin ] --END-- [ RunTime:0.001091s ]
INFO: [ app_end ] --START--
INFO: Run Behavior\ShowPageTraceBehavior [ RunTime:0.001753s ]
INFO: [ app_end ] --END-- [ RunTime:0.001866s ]

[ 2017-07-27T20:24:12+08:00 ] 127.0.0.1 /index.php/Home/Shop/addCart?goods_id=43
INFO: [ app_begin ] --START--
INFO: Run Behavior\ReadHtmlCacheBehavior [ RunTime:0.000487s ]
INFO: [ app_begin ] --END-- [ RunTime:0.000841s ]
SQL: SHOW COLUMNS FROM `sp_goods` [ RunTime:0.0046s ]
SQL: SELECT * FROM `sp_goods` WHERE `goods_id` = 43 LIMIT 1   [ RunTime:0.0003s ]
NOTIC: [8] A session had already been started - ignoring session_start() D:\wamp\xiangmu\tpshop\Application\Home\Common\Cart.class.php 第 23 行.

[ 2017-07-27T20:24:16+08:00 ] 127.0.0.1 /index.php/Home/Shop/delGoods?goods_id=43
INFO: [ app_begin ] --START--
INFO: Run Behavior\ReadHtmlCacheBehavior [ RunTime:0.000757s ]
INFO: [ app_begin ] --END-- [ RunTime:0.001201s ]
NOTIC: [8] A session had already been started - ignoring session_start() D:\wamp\xiangmu\tpshop\Application\Home\Common\Cart.class.php 第 23 行.
INFO: [ app_end ] --START--
INFO: Run Behavior\ShowPageTraceBehavior [ RunTime:0.000461s ]
INFO: [ app_end ] --END-- [ RunTime:0.000497s ]

[ 2017-07-27T20:34:21+08:00 ] 127.0.0.1 /index.php/Home/Kill/check_num
INFO: [ app_begin ] --START--
INFO: Run Behavior\ReadHtmlCacheBehavior [ RunTime:0.000470s ]
INFO: [ app_begin ] --END-- [ RunTime:0.000836s ]
INFO: [ app_end ] --START--
INFO: Run Behavior\ShowPageTraceBehavior [ RunTime:0.001646s ]
INFO: [ app_end ] --END-- [ RunTime:0.001864s ]

[ 2017-07-27T20:34:26+08:00 ] 127.0.0.1 /index.php/Home/Kill/addCart?goods_id=43
INFO: [ app_begin ] --START--
INFO: Run Behavior\ReadHtmlCacheBehavior [ RunTime:0.000587s ]
INFO: [ app_begin ] --END-- [ RunTime:0.000991s ]
SQL: SHOW COLUMNS FROM `sp_goods` [ RunTime:0.0066s ]
SQL: SELECT * FROM `sp_goods` WHERE `goods_id` = 43 LIMIT 1   [ RunTime:0.0004s ]
NOTIC: [8] A session had already been started - ignoring session_start() D:\wamp\xiangmu\tpshop\Application\Home\Common\Cart.class.php 第 23 行.

[ 2017-07-27T20:35:29+08:00 ] 127.0.0.1 /index.php/Home/Kill/check_num
INFO: [ app_begin ] --START--
INFO: Run Behavior\ReadHtmlCacheBehavior [ RunTime:0.000466s ]
INFO: [ app_begin ] --END-- [ RunTime:0.000837s ]
INFO: [ app_end ] --START--
INFO: Run Behavior\ShowPageTraceBehavior [ RunTime:0.000722s ]
INFO: [ app_end ] --END-- [ RunTime:0.000782s ]

[ 2017-07-27T20:35:33+08:00 ] 127.0.0.1 /index.php/Home/Kill/addCart?goods_id=44
INFO: [ app_begin ] --START--
INFO: Run Behavior\ReadHtmlCacheBehavior [ RunTime:0.000803s ]
INFO: [ app_begin ] --END-- [ RunTime:0.001178s ]
SQL: SHOW COLUMNS FROM `sp_goods` [ RunTime:0.0084s ]
SQL: SELECT * FROM `sp_goods` WHERE `goods_id` = 44 LIMIT 1   [ RunTime:0.0004s ]
NOTIC: [8] A session had already been started - ignoring session_start() D:\wamp\xiangmu\tpshop\Application\Home\Common\Cart.class.php 第 23 行.

[ 2017-07-27T20:43:25+08:00 ] 127.0.0.1 /index.php/Home/Kill/check_num
INFO: [ app_begin ] --START--
INFO: Run Behavior\ReadHtmlCacheBehavior [ RunTime:0.000433s ]
INFO: [ app_begin ] --END-- [ RunTime:0.000731s ]
INFO: [ app_end ] --START--
INFO: Run Behavior\ShowPageTraceBehavior [ RunTime:0.003133s ]
INFO: [ app_end ] --END-- [ RunTime:0.003349s ]

[ 2017-07-27T20:43:28+08:00 ] 127.0.0.1 /index.php/Home/Kill/addCart?goods_id=43
INFO: [ app_begin ] --START--
INFO: Run Behavior\ReadHtmlCacheBehavior [ RunTime:0.000500s ]
INFO: [ app_begin ] --END-- [ RunTime:0.000819s ]
SQL: SHOW COLUMNS FROM `sp_goods` [ RunTime:0.0047s ]
SQL: SELECT * FROM `sp_goods` WHERE `goods_id` = 43 LIMIT 1   [ RunTime:0.0003s ]
NOTIC: [8] A session had already been started - ignoring session_start() D:\wamp\xiangmu\tpshop\Application\Home\Common\Cart.class.php 第 23 行.

[ 2017-07-27T20:46:31+08:00 ] 127.0.0.1 /index.php/Home/Kill/check_num
INFO: [ app_begin ] --START--
INFO: Run Behavior\ReadHtmlCacheBehavior [ RunTime:0.001922s ]
INFO: [ app_begin ] --END-- [ RunTime:0.002350s ]
INFO: [ app_end ] --START--
INFO: Run Behavior\ShowPageTraceBehavior [ RunTime:0.000697s ]
INFO: [ app_end ] --END-- [ RunTime:0.000747s ]

[ 2017-07-27T20:46:34+08:00 ] 127.0.0.1 /index.php/Home/Kill/addCart?goods_id=43
INFO: [ app_begin ] --START--
INFO: Run Behavior\ReadHtmlCacheBehavior [ RunTime:0.000491s ]
INFO: [ app_begin ] --END-- [ RunTime:0.000847s ]
SQL: SHOW COLUMNS FROM `sp_goods` [ RunTime:0.0043s ]
SQL: SELECT * FROM `sp_goods` WHERE `goods_id` = 43 LIMIT 1   [ RunTime:0.0003s ]
NOTIC: [8] A session had already been started - ignoring session_start() D:\wamp\xiangmu\tpshop\Application\Home\Common\Cart.class.php 第 23 行.

[ 2017-07-27T20:47:09+08:00 ] 127.0.0.1 /index.php/Home/Kill/check_num
INFO: [ app_begin ] --START--
INFO: Run Behavior\ReadHtmlCacheBehavior [ RunTime:0.000526s ]
INFO: [ app_begin ] --END-- [ RunTime:0.000864s ]
INFO: [ app_end ] --START--
INFO: Run Behavior\ShowPageTraceBehavior [ RunTime:0.000630s ]
INFO: [ app_end ] --END-- [ RunTime:0.000681s ]

[ 2017-07-27T20:47:10+08:00 ] 127.0.0.1 /index.php/Home/Kill/addCart?goods_id=43
INFO: [ app_begin ] --START--
INFO: Run Behavior\ReadHtmlCacheBehavior [ RunTime:0.000605s ]
INFO: [ app_begin ] --END-- [ RunTime:0.001060s ]
SQL: SHOW COLUMNS FROM `sp_goods` [ RunTime:0.0053s ]
SQL: SELECT * FROM `sp_goods` WHERE `goods_id` = 43 LIMIT 1   [ RunTime:0.0005s ]
NOTIC: [8] A session had already been started - ignoring session_start() D:\wamp\xiangmu\tpshop\Application\Home\Common\Cart.class.php 第 23 行.

[ 2017-07-27T20:47:19+08:00 ] 127.0.0.1 /index.php/Home/Kill/check_num
INFO: [ app_begin ] --START--
INFO: Run Behavior\ReadHtmlCacheBehavior [ RunTime:0.000474s ]
INFO: [ app_begin ] --END-- [ RunTime:0.000816s ]
INFO: [ app_end ] --START--
INFO: Run Behavior\ShowPageTraceBehavior [ RunTime:0.000700s ]
INFO: [ app_end ] --END-- [ RunTime:0.000749s ]

[ 2017-07-27T20:47:20+08:00 ] 127.0.0.1 /index.php/Home/Kill/addCart?goods_id=43
INFO: [ app_begin ] --START--
INFO: Run Behavior\ReadHtmlCacheBehavior [ RunTime:0.000481s ]
INFO: [ app_begin ] --END-- [ RunTime:0.000813s ]
SQL: SHOW COLUMNS FROM `sp_goods` [ RunTime:0.0043s ]
SQL: SELECT * FROM `sp_goods` WHERE `goods_id` = 43 LIMIT 1   [ RunTime:0.0003s ]
NOTIC: [8] A session had already been started - ignoring session_start() D:\wamp\xiangmu\tpshop\Application\Home\Common\Cart.class.php 第 23 行.

[ 2017-07-27T20:48:42+08:00 ] 127.0.0.1 /index.php/Home/Kill/check_num
INFO: [ app_begin ] --START--
INFO: Run Behavior\ReadHtmlCacheBehavior [ RunTime:0.000732s ]
INFO: [ app_begin ] --END-- [ RunTime:0.001192s ]
INFO: [ app_end ] --START--
INFO: Run Behavior\ShowPageTraceBehavior [ RunTime:0.000524s ]
INFO: [ app_end ] --END-- [ RunTime:0.000566s ]

[ 2017-07-27T20:48:43+08:00 ] 127.0.0.1 /index.php/Home/Kill/addCart?goods_id=43
INFO: [ app_begin ] --START--
INFO: Run Behavior\ReadHtmlCacheBehavior [ RunTime:0.000646s ]
INFO: [ app_begin ] --END-- [ RunTime:0.001183s ]
SQL: SHOW COLUMNS FROM `sp_goods` [ RunTime:0.0053s ]
SQL: SELECT * FROM `sp_goods` WHERE `goods_id` = 43 LIMIT 1   [ RunTime:0.0004s ]
NOTIC: [8] A session had already been started - ignoring session_start() D:\wamp\xiangmu\tpshop\Application\Home\Common\Cart.class.php 第 23 行.

[ 2017-07-27T20:49:03+08:00 ] 127.0.0.1 /index.php/Home/Kill/check_num
INFO: [ app_begin ] --START--
INFO: Run Behavior\ReadHtmlCacheBehavior [ RunTime:0.000686s ]
INFO: [ app_begin ] --END-- [ RunTime:0.001103s ]
INFO: [ app_end ] --START--
INFO: Run Behavior\ShowPageTraceBehavior [ RunTime:0.001424s ]
INFO: [ app_end ] --END-- [ RunTime:0.001542s ]

[ 2017-07-27T20:49:04+08:00 ] 127.0.0.1 /index.php/Home/Kill/addCart?goods_id=43
INFO: [ app_begin ] --START--
INFO: Run Behavior\ReadHtmlCacheBehavior [ RunTime:0.000673s ]
INFO: [ app_begin ] --END-- [ RunTime:0.001043s ]
SQL: SHOW COLUMNS FROM `sp_goods` [ RunTime:0.0059s ]
SQL: SELECT * FROM `sp_goods` WHERE `goods_id` = 43 LIMIT 1   [ RunTime:0.0004s ]
NOTIC: [8] A session had already been started - ignoring session_start() D:\wamp\xiangmu\tpshop\Application\Home\Common\Cart.class.php 第 23 行.

[ 2017-07-27T20:52:09+08:00 ] 127.0.0.1 /index.php/Home/Kill/check_num
INFO: [ app_begin ] --START--
INFO: Run Behavior\ReadHtmlCacheBehavior [ RunTime:0.000587s ]
INFO: [ app_begin ] --END-- [ RunTime:0.001093s ]
INFO: [ app_end ] --START--
INFO: Run Behavior\ShowPageTraceBehavior [ RunTime:0.000811s ]
INFO: [ app_end ] --END-- [ RunTime:0.000905s ]

[ 2017-07-27T20:52:10+08:00 ] 127.0.0.1 /index.php/Home/Kill/addCart?goods_id=43
INFO: [ app_begin ] --START--
INFO: Run Behavior\ReadHtmlCacheBehavior [ RunTime:0.000573s ]
INFO: [ app_begin ] --END-- [ RunTime:0.001015s ]
SQL: SHOW COLUMNS FROM `sp_goods` [ RunTime:0.0040s ]
SQL: SELECT * FROM `sp_goods` WHERE `goods_id` = 43 LIMIT 1   [ RunTime:0.0004s ]
NOTIC: [8] A session had already been started - ignoring session_start() D:\wamp\xiangmu\tpshop\Application\Home\Common\Cart.class.php 第 23 行.

[ 2017-07-27T20:52:17+08:00 ] 127.0.0.1 /index.php/Home/Kill/check_num
INFO: [ app_begin ] --START--
INFO: Run Behavior\ReadHtmlCacheBehavior [ RunTime:0.000462s ]
INFO: [ app_begin ] --END-- [ RunTime:0.000794s ]
INFO: [ app_end ] --START--
INFO: Run Behavior\ShowPageTraceBehavior [ RunTime:0.000821s ]
INFO: [ app_end ] --END-- [ RunTime:0.000884s ]

[ 2017-07-27T20:52:18+08:00 ] 127.0.0.1 /index.php/Home/Kill/addCart?goods_id=43
INFO: [ app_begin ] --START--
INFO: Run Behavior\ReadHtmlCacheBehavior [ RunTime:0.000584s ]
INFO: [ app_begin ] --END-- [ RunTime:0.000929s ]
SQL: SHOW COLUMNS FROM `sp_goods` [ RunTime:0.0051s ]
SQL: SELECT * FROM `sp_goods` WHERE `goods_id` = 43 LIMIT 1   [ RunTime:0.0004s ]
NOTIC: [8] A session had already been started - ignoring session_start() D:\wamp\xiangmu\tpshop\Application\Home\Common\Cart.class.php 第 23 行.

[ 2017-07-27T20:52:24+08:00 ] 127.0.0.1 /index.php/Home/Kill/addCart?goods_id=43
INFO: [ app_begin ] --START--
INFO: Run Behavior\ReadHtmlCacheBehavior [ RunTime:0.000617s ]
INFO: [ app_begin ] --END-- [ RunTime:0.000982s ]
SQL: SHOW COLUMNS FROM `sp_goods` [ RunTime:0.0048s ]
SQL: SELECT * FROM `sp_goods` WHERE `goods_id` = 43 LIMIT 1   [ RunTime:0.0004s ]
NOTIC: [8] A session had already been started - ignoring session_start() D:\wamp\xiangmu\tpshop\Application\Home\Common\Cart.class.php 第 23 行.

[ 2017-07-27T20:52:24+08:00 ] 127.0.0.1 /index.php/Home/Kill/check_num
INFO: [ app_begin ] --START--
INFO: Run Behavior\ReadHtmlCacheBehavior [ RunTime:0.001104s ]
INFO: [ app_begin ] --END-- [ RunTime:0.001520s ]
INFO: [ app_end ] --START--
INFO: Run Behavior\ShowPageTraceBehavior [ RunTime:0.001248s ]
INFO: [ app_end ] --END-- [ RunTime:0.001382s ]

[ 2017-07-27T20:52:35+08:00 ] 127.0.0.1 /index.php/Home/Kill/addCart?goods_id=43
INFO: [ app_begin ] --START--
INFO: Run Behavior\ReadHtmlCacheBehavior [ RunTime:0.000454s ]
INFO: [ app_begin ] --END-- [ RunTime:0.000777s ]
SQL: SHOW COLUMNS FROM `sp_goods` [ RunTime:0.0054s ]
SQL: SELECT * FROM `sp_goods` WHERE `goods_id` = 43 LIMIT 1   [ RunTime:0.0005s ]
NOTIC: [8] A session had already been started - ignoring session_start() D:\wamp\xiangmu\tpshop\Application\Home\Common\Cart.class.php 第 23 行.

[ 2017-07-27T20:52:35+08:00 ] 127.0.0.1 /index.php/Home/Kill/check_num
INFO: [ app_begin ] --START--
INFO: Run Behavior\ReadHtmlCacheBehavior [ RunTime:0.000571s ]
INFO: [ app_begin ] --END-- [ RunTime:0.000913s ]
INFO: [ app_end ] --START--
INFO: Run Behavior\ShowPageTraceBehavior [ RunTime:0.000800s ]
INFO: [ app_end ] --END-- [ RunTime:0.000864s ]

[ 2017-07-27T20:52:45+08:00 ] 127.0.0.1 /index.php/Home/Kill/addCart?goods_id=43
INFO: [ app_begin ] --START--
INFO: Run Behavior\ReadHtmlCacheBehavior [ RunTime:0.000567s ]
INFO: [ app_begin ] --END-- [ RunTime:0.001112s ]
SQL: SHOW COLUMNS FROM `sp_goods` [ RunTime:0.0055s ]
SQL: SELECT * FROM `sp_goods` WHERE `goods_id` = 43 LIMIT 1   [ RunTime:0.0005s ]
NOTIC: [8] A session had already been started - ignoring session_start() D:\wamp\xiangmu\tpshop\Application\Home\Common\Cart.class.php 第 23 行.

[ 2017-07-27T20:52:45+08:00 ] 127.0.0.1 /index.php/Home/Kill/check_num
INFO: [ app_begin ] --START--
INFO: Run Behavior\ReadHtmlCacheBehavior [ RunTime:0.000754s ]
INFO: [ app_begin ] --END-- [ RunTime:0.001325s ]
INFO: [ app_end ] --START--
INFO: Run Behavior\ShowPageTraceBehavior [ RunTime:0.001810s ]
INFO: [ app_end ] --END-- [ RunTime:0.001928s ]

[ 2017-07-27T20:52:56+08:00 ] 127.0.0.1 /index.php/Home/Shop/delGoods?goods_id=43
INFO: [ app_begin ] --START--
INFO: Run Behavior\ReadHtmlCacheBehavior [ RunTime:0.000609s ]
INFO: [ app_begin ] --END-- [ RunTime:0.000997s ]
NOTIC: [8] A session had already been started - ignoring session_start() D:\wamp\xiangmu\tpshop\Application\Home\Common\Cart.class.php 第 23 行.
INFO: [ app_end ] --START--
INFO: Run Behavior\ShowPageTraceBehavior [ RunTime:0.000585s ]
INFO: [ app_end ] --END-- [ RunTime:0.000617s ]

[ 2017-07-27T20:53:08+08:00 ] 127.0.0.1 /index.php/Home/Kill/addCart?goods_id=43
INFO: [ app_begin ] --START--
INFO: Run Behavior\ReadHtmlCacheBehavior [ RunTime:0.000466s ]
INFO: [ app_begin ] --END-- [ RunTime:0.000808s ]
SQL: SHOW COLUMNS FROM `sp_goods` [ RunTime:0.0048s ]
SQL: SELECT * FROM `sp_goods` WHERE `goods_id` = 43 LIMIT 1   [ RunTime:0.0004s ]
NOTIC: [8] A session had already been started - ignoring session_start() D:\wamp\xiangmu\tpshop\Application\Home\Common\Cart.class.php 第 23 行.

[ 2017-07-27T20:53:08+08:00 ] 127.0.0.1 /index.php/Home/Kill/check_num
INFO: [ app_begin ] --START--
INFO: Run Behavior\ReadHtmlCacheBehavior [ RunTime:0.000555s ]
INFO: [ app_begin ] --END-- [ RunTime:0.000929s ]
INFO: [ app_end ] --START--
INFO: Run Behavior\ShowPageTraceBehavior [ RunTime:0.000966s ]
INFO: [ app_end ] --END-- [ RunTime:0.001054s ]

[ 2017-07-27T20:53:17+08:00 ] 127.0.0.1 /index.php/Home/Kill/addCart?goods_id=43
INFO: [ app_begin ] --START--
INFO: Run Behavior\ReadHtmlCacheBehavior [ RunTime:0.000491s ]
INFO: [ app_begin ] --END-- [ RunTime:0.000806s ]
SQL: SHOW COLUMNS FROM `sp_goods` [ RunTime:0.0042s ]
SQL: SELECT * FROM `sp_goods` WHERE `goods_id` = 43 LIMIT 1   [ RunTime:0.0004s ]
NOTIC: [8] A session had already been started - ignoring session_start() D:\wamp\xiangmu\tpshop\Application\Home\Common\Cart.class.php 第 23 行.

[ 2017-07-27T20:53:17+08:00 ] 127.0.0.1 /index.php/Home/Kill/check_num
INFO: [ app_begin ] --START--
INFO: Run Behavior\ReadHtmlCacheBehavior [ RunTime:0.000598s ]
INFO: [ app_begin ] --END-- [ RunTime:0.000953s ]
INFO: [ app_end ] --START--
INFO: Run Behavior\ShowPageTraceBehavior [ RunTime:0.001093s ]
INFO: [ app_end ] --END-- [ RunTime:0.001207s ]

[ 2017-07-27T20:53:29+08:00 ] 127.0.0.1 /index.php/Home/Kill/addCart?goods_id=43
INFO: [ app_begin ] --START--
INFO: Run Behavior\ReadHtmlCacheBehavior [ RunTime:0.000469s ]
INFO: [ app_begin ] --END-- [ RunTime:0.000794s ]
SQL: SHOW COLUMNS FROM `sp_goods` [ RunTime:0.0039s ]
SQL: SELECT * FROM `sp_goods` WHERE `goods_id` = 43 LIMIT 1   [ RunTime:0.0003s ]
NOTIC: [8] A session had already been started - ignoring session_start() D:\wamp\xiangmu\tpshop\Application\Home\Common\Cart.class.php 第 23 行.

[ 2017-07-27T20:53:29+08:00 ] 127.0.0.1 /index.php/Home/Kill/check_num
INFO: [ app_begin ] --START--
INFO: Run Behavior\ReadHtmlCacheBehavior [ RunTime:0.000545s ]
INFO: [ app_begin ] --END-- [ RunTime:0.000887s ]
INFO: [ app_end ] --START--
INFO: Run Behavior\ShowPageTraceBehavior [ RunTime:0.000791s ]
INFO: [ app_end ] --END-- [ RunTime:0.000855s ]

[ 2017-07-27T20:53:39+08:00 ] 127.0.0.1 /index.php/Home/Kill/check_num
INFO: [ app_begin ] --START--
INFO: Run Behavior\ReadHtmlCacheBehavior [ RunTime:0.000582s ]
INFO: [ app_begin ] --END-- [ RunTime:0.000988s ]
INFO: [ app_end ] --START--
INFO: Run Behavior\ShowPageTraceBehavior [ RunTime:0.000673s ]
INFO: [ app_end ] --END-- [ RunTime:0.000727s ]

[ 2017-07-27T20:53:40+08:00 ] 127.0.0.1 /index.php/Home/Kill/addCart?goods_id=43
INFO: [ app_begin ] --START--
INFO: Run Behavior\ReadHtmlCacheBehavior [ RunTime:0.000668s ]
INFO: [ app_begin ] --END-- [ RunTime:0.001029s ]
SQL: SHOW COLUMNS FROM `sp_goods` [ RunTime:0.0049s ]
SQL: SELECT * FROM `sp_goods` WHERE `goods_id` = 43 LIMIT 1   [ RunTime:0.0003s ]
NOTIC: [8] A session had already been started - ignoring session_start() D:\wamp\xiangmu\tpshop\Application\Home\Common\Cart.class.php 第 23 行.

[ 2017-07-27T20:53:55+08:00 ] 127.0.0.1 /index.php/Home/Kill/check_num
INFO: [ app_begin ] --START--
INFO: Run Behavior\ReadHtmlCacheBehavior [ RunTime:0.000456s ]
INFO: [ app_begin ] --END-- [ RunTime:0.000784s ]
INFO: [ app_end ] --START--
INFO: Run Behavior\ShowPageTraceBehavior [ RunTime:0.000504s ]
INFO: [ app_end ] --END-- [ RunTime:0.000546s ]

[ 2017-07-27T20:53:56+08:00 ] 127.0.0.1 /index.php/Home/Kill/addCart?goods_id=43
INFO: [ app_begin ] --START--
INFO: Run Behavior\ReadHtmlCacheBehavior [ RunTime:0.000530s ]
INFO: [ app_begin ] --END-- [ RunTime:0.000871s ]
SQL: SHOW COLUMNS FROM `sp_goods` [ RunTime:0.0041s ]
SQL: SELECT * FROM `sp_goods` WHERE `goods_id` = 43 LIMIT 1   [ RunTime:0.0003s ]
NOTIC: [8] A session had already been started - ignoring session_start() D:\wamp\xiangmu\tpshop\Application\Home\Common\Cart.class.php 第 23 行.

[ 2017-07-27T20:56:00+08:00 ] 127.0.0.1 /index.php/Home/Kill/check_num
INFO: [ app_begin ] --START--
INFO: Run Behavior\ReadHtmlCacheBehavior [ RunTime:0.000489s ]
INFO: [ app_begin ] --END-- [ RunTime:0.000816s ]
INFO: [ app_end ] --START--
INFO: Run Behavior\ShowPageTraceBehavior [ RunTime:0.000835s ]
INFO: [ app_end ] --END-- [ RunTime:0.000910s ]

[ 2017-07-27T20:56:01+08:00 ] 127.0.0.1 /index.php/Home/Kill/addCart?goods_id=43
INFO: [ app_begin ] --START--
INFO: Run Behavior\ReadHtmlCacheBehavior [ RunTime:0.000585s ]
INFO: [ app_begin ] --END-- [ RunTime:0.000957s ]
SQL: SHOW COLUMNS FROM `sp_goods` [ RunTime:0.0054s ]
SQL: SELECT * FROM `sp_goods` WHERE `goods_id` = 43 LIMIT 1   [ RunTime:0.0004s ]
NOTIC: [8] A session had already been started - ignoring session_start() D:\wamp\xiangmu\tpshop\Application\Home\Common\Cart.class.php 第 23 行.

[ 2017-07-27T20:57:42+08:00 ] 127.0.0.1 /index.php/Home/Kill/check_num
INFO: [ app_begin ] --START--
INFO: Run Behavior\ReadHtmlCacheBehavior [ RunTime:0.000441s ]
INFO: [ app_begin ] --END-- [ RunTime:0.000784s ]
INFO: [ app_end ] --START--
INFO: Run Behavior\ShowPageTraceBehavior [ RunTime:0.000570s ]
INFO: [ app_end ] --END-- [ RunTime:0.000620s ]

[ 2017-07-27T20:57:43+08:00 ] 127.0.0.1 /index.php/Home/Kill/addCart?goods_id=43
INFO: [ app_begin ] --START--
INFO: Run Behavior\ReadHtmlCacheBehavior [ RunTime:0.000576s ]
INFO: [ app_begin ] --END-- [ RunTime:0.000928s ]
SQL: SHOW COLUMNS FROM `sp_goods` [ RunTime:0.0049s ]
SQL: SELECT * FROM `sp_goods` WHERE `goods_id` = 43 LIMIT 1   [ RunTime:0.0006s ]
NOTIC: [8] A session had already been started - ignoring session_start() D:\wamp\xiangmu\tpshop\Application\Home\Common\Cart.class.php 第 23 行.

[ 2017-07-27T20:58:21+08:00 ] 127.0.0.1 /index.php/Home/Kill/addCart?goods_id=43
INFO: [ app_begin ] --START--
INFO: Run Behavior\ReadHtmlCacheBehavior [ RunTime:0.000759s ]
INFO: [ app_begin ] --END-- [ RunTime:0.001174s ]
SQL: SHOW COLUMNS FROM `sp_goods` [ RunTime:0.0046s ]
SQL: SELECT * FROM `sp_goods` WHERE `goods_id` = 43 LIMIT 1   [ RunTime:0.0004s ]
NOTIC: [8] A session had already been started - ignoring session_start() D:\wamp\xiangmu\tpshop\Application\Home\Common\Cart.class.php 第 23 行.

[ 2017-07-27T20:58:21+08:00 ] 127.0.0.1 /index.php/Home/Kill/check_num
INFO: [ app_begin ] --START--
INFO: Run Behavior\ReadHtmlCacheBehavior [ RunTime:0.000963s ]
INFO: [ app_begin ] --END-- [ RunTime:0.001479s ]
INFO: [ app_end ] --START--
INFO: Run Behavior\ShowPageTraceBehavior [ RunTime:0.000858s ]
INFO: [ app_end ] --END-- [ RunTime:0.000923s ]

[ 2017-07-27T20:59:06+08:00 ] 127.0.0.1 /index.php/Home/Kill/check_num
INFO: [ app_begin ] --START--
INFO: Run Behavior\ReadHtmlCacheBehavior [ RunTime:0.000547s ]
INFO: [ app_begin ] --END-- [ RunTime:0.000965s ]
INFO: [ app_end ] --START--
INFO: Run Behavior\ShowPageTraceBehavior [ RunTime:0.001017s ]
INFO: [ app_end ] --END-- [ RunTime:0.001115s ]

[ 2017-07-27T20:59:10+08:00 ] 127.0.0.1 /index.php/Home/Kill/addCart?goods_id=43
INFO: [ app_begin ] --START--
INFO: Run Behavior\ReadHtmlCacheBehavior [ RunTime:0.000525s ]
INFO: [ app_begin ] --END-- [ RunTime:0.000912s ]
SQL: SHOW COLUMNS FROM `sp_goods` [ RunTime:0.0046s ]
SQL: SELECT * FROM `sp_goods` WHERE `goods_id` = 43 LIMIT 1   [ RunTime:0.0004s ]
NOTIC: [8] A session had already been started - ignoring session_start() D:\wamp\xiangmu\tpshop\Application\Home\Common\Cart.class.php 第 23 行.

[ 2017-07-27T21:00:02+08:00 ] 127.0.0.1 /index.php/Home/Kill/check_num
INFO: [ app_begin ] --START--
INFO: Run Behavior\ReadHtmlCacheBehavior [ RunTime:0.000501s ]
INFO: [ app_begin ] --END-- [ RunTime:0.000861s ]
INFO: [ app_end ] --START--
INFO: Run Behavior\ShowPageTraceBehavior [ RunTime:0.000771s ]
INFO: [ app_end ] --END-- [ RunTime:0.000839s ]

[ 2017-07-27T21:00:24+08:00 ] 127.0.0.1 /index.php/Home/Kill/check_num
INFO: [ app_begin ] --START--
INFO: Run Behavior\ReadHtmlCacheBehavior [ RunTime:0.000477s ]
INFO: [ app_begin ] --END-- [ RunTime:0.000825s ]
INFO: [ app_end ] --START--
INFO: Run Behavior\ShowPageTraceBehavior [ RunTime:0.000701s ]
INFO: [ app_end ] --END-- [ RunTime:0.000755s ]

[ 2017-07-27T21:00:38+08:00 ] 127.0.0.1 /index.php/Home/Kill/check_num
INFO: [ app_begin ] --START--
INFO: Run Behavior\ReadHtmlCacheBehavior [ RunTime:0.000507s ]
INFO: [ app_begin ] --END-- [ RunTime:0.000898s ]
INFO: [ app_end ] --START--
INFO: Run Behavior\ShowPageTraceBehavior [ RunTime:0.000562s ]
INFO: [ app_end ] --END-- [ RunTime:0.000607s ]

[ 2017-07-27T21:01:16+08:00 ] 127.0.0.1 /index.php/Home/Kill/check_num
INFO: [ app_begin ] --START--
INFO: Run Behavior\ReadHtmlCacheBehavior [ RunTime:0.000466s ]
INFO: [ app_begin ] --END-- [ RunTime:0.000835s ]
INFO: [ app_end ] --START--
INFO: Run Behavior\ShowPageTraceBehavior [ RunTime:0.001045s ]
INFO: [ app_end ] --END-- [ RunTime:0.001151s ]

[ 2017-07-27T21:02:07+08:00 ] 127.0.0.1 /index.php/Home/Kill/check_num
INFO: [ app_begin ] --START--
INFO: Run Behavior\ReadHtmlCacheBehavior [ RunTime:0.000451s ]
INFO: [ app_begin ] --END-- [ RunTime:0.000768s ]
INFO: [ app_end ] --START--
INFO: Run Behavior\ShowPageTraceBehavior [ RunTime:0.000951s ]
INFO: [ app_end ] --END-- [ RunTime:0.001048s ]

[ 2017-07-27T21:03:15+08:00 ] 127.0.0.1 /index.php/Home/Kill/check_num
INFO: [ app_begin ] --START--
INFO: Run Behavior\ReadHtmlCacheBehavior [ RunTime:0.000455s ]
INFO: [ app_begin ] --END-- [ RunTime:0.000935s ]
INFO: [ app_end ] --START--
INFO: Run Behavior\ShowPageTraceBehavior [ RunTime:0.000686s ]
INFO: [ app_end ] --END-- [ RunTime:0.000744s ]

[ 2017-07-27T21:03:16+08:00 ] 127.0.0.1 /index.php/Home/Kill/addCart?goods_id=43
INFO: [ app_begin ] --START--
INFO: Run Behavior\ReadHtmlCacheBehavior [ RunTime:0.000596s ]
INFO: [ app_begin ] --END-- [ RunTime:0.000947s ]
SQL: SHOW COLUMNS FROM `sp_goods` [ RunTime:0.0053s ]
SQL: SELECT * FROM `sp_goods` WHERE `goods_id` = 43 LIMIT 1   [ RunTime:0.0004s ]
NOTIC: [8] A session had already been started - ignoring session_start() D:\wamp\xiangmu\tpshop\Application\Home\Common\Cart.class.php 第 23 行.

[ 2017-07-27T21:03:21+08:00 ] 127.0.0.1 /index.php/Home/Kill/check_num
INFO: [ app_begin ] --START--
INFO: Run Behavior\ReadHtmlCacheBehavior [ RunTime:0.000455s ]
INFO: [ app_begin ] --END-- [ RunTime:0.000762s ]
INFO: [ app_end ] --START--
INFO: Run Behavior\ShowPageTraceBehavior [ RunTime:0.000694s ]
INFO: [ app_end ] --END-- [ RunTime:0.000750s ]

[ 2017-07-27T21:03:22+08:00 ] 127.0.0.1 /index.php/Home/Kill/addCart?goods_id=43
INFO: [ app_begin ] --START--
INFO: Run Behavior\ReadHtmlCacheBehavior [ RunTime:0.000512s ]
INFO: [ app_begin ] --END-- [ RunTime:0.000859s ]
SQL: SHOW COLUMNS FROM `sp_goods` [ RunTime:0.0046s ]
SQL: SELECT * FROM `sp_goods` WHERE `goods_id` = 43 LIMIT 1   [ RunTime:0.0004s ]
NOTIC: [8] A session had already been started - ignoring session_start() D:\wamp\xiangmu\tpshop\Application\Home\Common\Cart.class.php 第 23 行.

[ 2017-07-27T21:03:50+08:00 ] 127.0.0.1 /index.php/Home/Kill/check_num
INFO: [ app_begin ] --START--
INFO: Run Behavior\ReadHtmlCacheBehavior [ RunTime:0.000590s ]
INFO: [ app_begin ] --END-- [ RunTime:0.000993s ]
INFO: [ app_end ] --START--
INFO: Run Behavior\ShowPageTraceBehavior [ RunTime:0.000857s ]
INFO: [ app_end ] --END-- [ RunTime:0.000909s ]

[ 2017-07-27T21:03:55+08:00 ] 127.0.0.1 /index.php/Home/Kill/addCart?goods_id=43
INFO: [ app_begin ] --START--
INFO: Run Behavior\ReadHtmlCacheBehavior [ RunTime:0.000590s ]
INFO: [ app_begin ] --END-- [ RunTime:0.001465s ]
SQL: SHOW COLUMNS FROM `sp_goods` [ RunTime:0.0048s ]
SQL: SELECT * FROM `sp_goods` WHERE `goods_id` = 43 LIMIT 1   [ RunTime:0.0004s ]
NOTIC: [8] A session had already been started - ignoring session_start() D:\wamp\xiangmu\tpshop\Application\Home\Common\Cart.class.php 第 23 行.

[ 2017-07-27T21:05:38+08:00 ] 127.0.0.1 /index.php/Home/Kill/check_num
INFO: [ app_begin ] --START--
INFO: Run Behavior\ReadHtmlCacheBehavior [ RunTime:0.000499s ]
INFO: [ app_begin ] --END-- [ RunTime:0.000869s ]
INFO: [ app_end ] --START--
INFO: Run Behavior\ShowPageTraceBehavior [ RunTime:0.000587s ]
INFO: [ app_end ] --END-- [ RunTime:0.000636s ]

[ 2017-07-27T21:05:39+08:00 ] 127.0.0.1 /index.php/Home/Kill/addCart?goods_id=43
INFO: [ app_begin ] --START--
INFO: Run Behavior\ReadHtmlCacheBehavior [ RunTime:0.000623s ]
INFO: [ app_begin ] --END-- [ RunTime:0.001014s ]
SQL: SHOW COLUMNS FROM `sp_goods` [ RunTime:0.0093s ]
SQL: SELECT * FROM `sp_goods` WHERE `goods_id` = 43 LIMIT 1   [ RunTime:0.0004s ]
NOTIC: [8] A session had already been started - ignoring session_start() D:\wamp\xiangmu\tpshop\Application\Home\Common\Cart.class.php 第 23 行.

[ 2017-07-27T21:05:44+08:00 ] 127.0.0.1 /index.php/Home/Kill/check_num
INFO: [ app_begin ] --START--
INFO: Run Behavior\ReadHtmlCacheBehavior [ RunTime:0.000486s ]
INFO: [ app_begin ] --END-- [ RunTime:0.000890s ]
INFO: [ app_end ] --START--
INFO: Run Behavior\ShowPageTraceBehavior [ RunTime:0.000518s ]
INFO: [ app_end ] --END-- [ RunTime:0.000565s ]

[ 2017-07-27T21:05:45+08:00 ] 127.0.0.1 /index.php/Home/Kill/addCart?goods_id=43
INFO: [ app_begin ] --START--
INFO: Run Behavior\ReadHtmlCacheBehavior [ RunTime:0.000666s ]
INFO: [ app_begin ] --END-- [ RunTime:0.001124s ]
SQL: SHOW COLUMNS FROM `sp_goods` [ RunTime:0.0049s ]
SQL: SELECT * FROM `sp_goods` WHERE `goods_id` = 43 LIMIT 1   [ RunTime:0.0005s ]
NOTIC: [8] A session had already been started - ignoring session_start() D:\wamp\xiangmu\tpshop\Application\Home\Common\Cart.class.php 第 23 行.

[ 2017-07-27T21:06:18+08:00 ] 127.0.0.1 /index.php/Home/Kill/addCart?goods_id=43
INFO: [ app_begin ] --START--
INFO: Run Behavior\ReadHtmlCacheBehavior [ RunTime:0.000472s ]
INFO: [ app_begin ] --END-- [ RunTime:0.000877s ]
SQL: SHOW COLUMNS FROM `sp_goods` [ RunTime:0.0054s ]
SQL: SELECT * FROM `sp_goods` WHERE `goods_id` = 43 LIMIT 1   [ RunTime:0.0003s ]
NOTIC: [8] A session had already been started - ignoring session_start() D:\wamp\xiangmu\tpshop\Application\Home\Common\Cart.class.php 第 23 行.

[ 2017-07-27T21:06:18+08:00 ] 127.0.0.1 /index.php/Home/Kill/check_num
INFO: [ app_begin ] --START--
INFO: Run Behavior\ReadHtmlCacheBehavior [ RunTime:0.000568s ]
INFO: [ app_begin ] --END-- [ RunTime:0.000935s ]
INFO: [ app_end ] --START--
INFO: Run Behavior\ShowPageTraceBehavior [ RunTime:0.000727s ]
INFO: [ app_end ] --END-- [ RunTime:0.000778s ]

