[ 2017-07-12T09:44:39+08:00 ] 127.0.0.1 /index.php/Home/Shop/addCart?goods_id=41
INFO: [ app_begin ] --START--
INFO: Run Behavior\ReadHtmlCacheBehavior [ RunTime:0.000482s ]
INFO: [ app_begin ] --END-- [ RunTime:0.000827s ]
SQL: SHOW COLUMNS FROM `sp_goods` [ RunTime:0.0065s ]
SQL: SELECT * FROM `sp_goods` WHERE `goods_id` = 41 LIMIT 1   [ RunTime:0.0005s ]
NOTIC: [8] A session had already been started - ignoring session_start() D:\wamp\xiangmu\tpshop\Application\Home\Common\Cart.class.php 第 23 行.

[ 2017-07-12T09:45:19+08:00 ] 127.0.0.1 /index.php/Home/Shop/addCart?goods_id=41
INFO: [ app_begin ] --START--
INFO: Run Behavior\ReadHtmlCacheBehavior [ RunTime:0.000478s ]
INFO: [ app_begin ] --END-- [ RunTime:0.000820s ]
SQL: SHOW COLUMNS FROM `sp_goods` [ RunTime:0.0143s ]
SQL: SELECT * FROM `sp_goods` WHERE `goods_id` = 41 LIMIT 1   [ RunTime:0.0013s ]
NOTIC: [8] A session had already been started - ignoring session_start() D:\wamp\xiangmu\tpshop\Application\Home\Common\Cart.class.php 第 23 行.

[ 2017-07-12T10:52:31+08:00 ] 127.0.0.1 /index.php/Home/Shop/addCart?goods_id=41
INFO: [ app_begin ] --START--
INFO: Run Behavior\ReadHtmlCacheBehavior [ RunTime:0.000581s ]
INFO: [ app_begin ] --END-- [ RunTime:0.000918s ]
SQL: SHOW COLUMNS FROM `sp_goods` [ RunTime:0.0145s ]
SQL: SELECT * FROM `sp_goods` WHERE `goods_id` = 41 LIMIT 1   [ RunTime:0.0011s ]
NOTIC: [8] A session had already been started - ignoring session_start() D:\wamp\xiangmu\tpshop\Application\Home\Common\Cart.class.php 第 23 行.

[ 2017-07-12T10:57:19+08:00 ] 127.0.0.1 /index.php/Home/Shop/addCart?goods_id=41
INFO: [ app_begin ] --START--
INFO: Run Behavior\ReadHtmlCacheBehavior [ RunTime:0.000581s ]
INFO: [ app_begin ] --END-- [ RunTime:0.000965s ]
SQL: SHOW COLUMNS FROM `sp_goods` [ RunTime:0.0073s ]
SQL: SELECT * FROM `sp_goods` WHERE `goods_id` = 41 LIMIT 1   [ RunTime:0.0004s ]
NOTIC: [8] A session had already been started - ignoring session_start() D:\wamp\xiangmu\tpshop\Application\Home\Common\Cart.class.php 第 23 行.

[ 2017-07-12T11:11:39+08:00 ] 127.0.0.1 /index.php/Home/Shop/addCart?goods_id=41
INFO: [ app_begin ] --START--
INFO: Run Behavior\ReadHtmlCacheBehavior [ RunTime:0.000451s ]
INFO: [ app_begin ] --END-- [ RunTime:0.000773s ]
SQL: SHOW COLUMNS FROM `sp_goods` [ RunTime:0.0144s ]
SQL: SELECT * FROM `sp_goods` WHERE `goods_id` = 41 LIMIT 1   [ RunTime:0.0006s ]
NOTIC: [8] A session had already been started - ignoring session_start() D:\wamp\xiangmu\tpshop\Application\Home\Common\Cart.class.php 第 23 行.

[ 2017-07-12T11:12:37+08:00 ] 127.0.0.1 /index.php/Home/Shop/addCart?goods_id=41
INFO: [ app_begin ] --START--
INFO: Run Behavior\ReadHtmlCacheBehavior [ RunTime:0.000486s ]
INFO: [ app_begin ] --END-- [ RunTime:0.000839s ]
SQL: SHOW COLUMNS FROM `sp_goods` [ RunTime:0.0117s ]
SQL: SELECT * FROM `sp_goods` WHERE `goods_id` = 41 LIMIT 1   [ RunTime:0.0012s ]
NOTIC: [8] A session had already been started - ignoring session_start() D:\wamp\xiangmu\tpshop\Application\Home\Common\Cart.class.php 第 23 行.

[ 2017-07-12T11:16:34+08:00 ] 127.0.0.1 /index.php/Home/Shop/addCart?goods_id=41
INFO: [ app_begin ] --START--
INFO: Run Behavior\ReadHtmlCacheBehavior [ RunTime:0.000482s ]
INFO: [ app_begin ] --END-- [ RunTime:0.000842s ]
SQL: SHOW COLUMNS FROM `sp_goods` [ RunTime:0.0150s ]
SQL: SELECT * FROM `sp_goods` WHERE `goods_id` = 41 LIMIT 1   [ RunTime:0.0013s ]
NOTIC: [8] A session had already been started - ignoring session_start() D:\wamp\xiangmu\tpshop\Application\Home\Common\Cart.class.php 第 23 行.

[ 2017-07-12T13:47:18+08:00 ] 127.0.0.1 /index.php/Home/Shop/addCart?goods_id=41
INFO: [ app_begin ] --START--
INFO: Run Behavior\ReadHtmlCacheBehavior [ RunTime:0.000576s ]
INFO: [ app_begin ] --END-- [ RunTime:0.000927s ]
SQL: SHOW COLUMNS FROM `sp_goods` [ RunTime:0.0141s ]
SQL: SELECT * FROM `sp_goods` WHERE `goods_id` = 41 LIMIT 1   [ RunTime:0.0012s ]
NOTIC: [8] A session had already been started - ignoring session_start() D:\wamp\xiangmu\tpshop\Application\Home\Common\Cart.class.php 第 23 行.

[ 2017-07-12T13:47:25+08:00 ] 127.0.0.1 /index.php/Home/Shop/changeNumber
INFO: [ app_begin ] --START--
INFO: Run Behavior\ReadHtmlCacheBehavior [ RunTime:0.000489s ]
INFO: [ app_begin ] --END-- [ RunTime:0.000845s ]
NOTIC: [8] A session had already been started - ignoring session_start() D:\wamp\xiangmu\tpshop\Application\Home\Common\Cart.class.php 第 23 行.
INFO: [ app_end ] --START--
INFO: Run Behavior\ShowPageTraceBehavior [ RunTime:0.000488s ]
INFO: [ app_end ] --END-- [ RunTime:0.000518s ]

[ 2017-07-12T13:48:12+08:00 ] 127.0.0.1 /index.php/Home/Shop/addCart?goods_id=41
INFO: [ app_begin ] --START--
INFO: Run Behavior\ReadHtmlCacheBehavior [ RunTime:0.000490s ]
INFO: [ app_begin ] --END-- [ RunTime:0.000871s ]
SQL: SHOW COLUMNS FROM `sp_goods` [ RunTime:0.0146s ]
SQL: SELECT * FROM `sp_goods` WHERE `goods_id` = 41 LIMIT 1   [ RunTime:0.0013s ]
NOTIC: [8] A session had already been started - ignoring session_start() D:\wamp\xiangmu\tpshop\Application\Home\Common\Cart.class.php 第 23 行.

[ 2017-07-12T13:48:30+08:00 ] 127.0.0.1 /index.php/Home/Shop/addCart?goods_id=41
INFO: [ app_begin ] --START--
INFO: Run Behavior\ReadHtmlCacheBehavior [ RunTime:0.000515s ]
INFO: [ app_begin ] --END-- [ RunTime:0.000863s ]
SQL: SHOW COLUMNS FROM `sp_goods` [ RunTime:0.0137s ]
SQL: SELECT * FROM `sp_goods` WHERE `goods_id` = 41 LIMIT 1   [ RunTime:0.0011s ]
NOTIC: [8] A session had already been started - ignoring session_start() D:\wamp\xiangmu\tpshop\Application\Home\Common\Cart.class.php 第 23 行.

[ 2017-07-12T13:49:13+08:00 ] 127.0.0.1 /index.php/Home/Shop/addCart?goods_id=41
INFO: [ app_begin ] --START--
INFO: Run Behavior\ReadHtmlCacheBehavior [ RunTime:0.000490s ]
INFO: [ app_begin ] --END-- [ RunTime:0.000842s ]
SQL: SHOW COLUMNS FROM `sp_goods` [ RunTime:0.0089s ]
SQL: SELECT * FROM `sp_goods` WHERE `goods_id` = 41 LIMIT 1   [ RunTime:0.0007s ]
NOTIC: [8] A session had already been started - ignoring session_start() D:\wamp\xiangmu\tpshop\Application\Home\Common\Cart.class.php 第 23 行.

[ 2017-07-12T13:49:28+08:00 ] 127.0.0.1 /index.php/Home/Shop/changeNumber
INFO: [ app_begin ] --START--
INFO: Run Behavior\ReadHtmlCacheBehavior [ RunTime:0.000424s ]
INFO: [ app_begin ] --END-- [ RunTime:0.000716s ]
NOTIC: [8] A session had already been started - ignoring session_start() D:\wamp\xiangmu\tpshop\Application\Home\Common\Cart.class.php 第 23 行.
INFO: [ app_end ] --START--
INFO: Run Behavior\ShowPageTraceBehavior [ RunTime:0.000428s ]
INFO: [ app_end ] --END-- [ RunTime:0.000458s ]

[ 2017-07-12T13:49:29+08:00 ] 127.0.0.1 /index.php/Home/Shop/changeNumber
INFO: [ app_begin ] --START--
INFO: Run Behavior\ReadHtmlCacheBehavior [ RunTime:0.000472s ]
INFO: [ app_begin ] --END-- [ RunTime:0.000815s ]
NOTIC: [8] A session had already been started - ignoring session_start() D:\wamp\xiangmu\tpshop\Application\Home\Common\Cart.class.php 第 23 行.
INFO: [ app_end ] --START--
INFO: Run Behavior\ShowPageTraceBehavior [ RunTime:0.000488s ]
INFO: [ app_end ] --END-- [ RunTime:0.000519s ]

[ 2017-07-12T13:50:15+08:00 ] 127.0.0.1 /index.php/Home/Shop/addCart?goods_id=41
INFO: [ app_begin ] --START--
INFO: Run Behavior\ReadHtmlCacheBehavior [ RunTime:0.000485s ]
INFO: [ app_begin ] --END-- [ RunTime:0.000857s ]
SQL: SHOW COLUMNS FROM `sp_goods` [ RunTime:0.0140s ]
SQL: SELECT * FROM `sp_goods` WHERE `goods_id` = 41 LIMIT 1   [ RunTime:0.0012s ]
NOTIC: [8] A session had already been started - ignoring session_start() D:\wamp\xiangmu\tpshop\Application\Home\Common\Cart.class.php 第 23 行.

[ 2017-07-12T14:15:14+08:00 ] 127.0.0.1 /index.php/Home/Shop/addCart?goods_id=41
INFO: [ app_begin ] --START--
INFO: Run Behavior\ReadHtmlCacheBehavior [ RunTime:0.000451s ]
INFO: [ app_begin ] --END-- [ RunTime:0.000755s ]
SQL: SHOW COLUMNS FROM `sp_goods` [ RunTime:0.0184s ]
SQL: SELECT * FROM `sp_goods` WHERE `goods_id` = 41 LIMIT 1   [ RunTime:0.0012s ]
NOTIC: [8] A session had already been started - ignoring session_start() D:\wamp\xiangmu\tpshop\Application\Home\Common\Cart.class.php 第 23 行.

[ 2017-07-12T14:15:37+08:00 ] 127.0.0.1 /index.php/Home/Shop/addCart?goods_id=41
INFO: [ app_begin ] --START--
INFO: Run Behavior\ReadHtmlCacheBehavior [ RunTime:0.000445s ]
INFO: [ app_begin ] --END-- [ RunTime:0.000756s ]
SQL: SHOW COLUMNS FROM `sp_goods` [ RunTime:0.0144s ]
SQL: SELECT * FROM `sp_goods` WHERE `goods_id` = 41 LIMIT 1   [ RunTime:0.0013s ]
NOTIC: [8] A session had already been started - ignoring session_start() D:\wamp\xiangmu\tpshop\Application\Home\Common\Cart.class.php 第 23 行.

[ 2017-07-12T14:15:58+08:00 ] 127.0.0.1 /index.php/Home/Shop/addCart?goods_id=41
INFO: [ app_begin ] --START--
INFO: Run Behavior\ReadHtmlCacheBehavior [ RunTime:0.000461s ]
INFO: [ app_begin ] --END-- [ RunTime:0.000800s ]
SQL: SHOW COLUMNS FROM `sp_goods` [ RunTime:0.0083s ]
SQL: SELECT * FROM `sp_goods` WHERE `goods_id` = 41 LIMIT 1   [ RunTime:0.0007s ]
NOTIC: [8] A session had already been started - ignoring session_start() D:\wamp\xiangmu\tpshop\Application\Home\Common\Cart.class.php 第 23 行.

[ 2017-07-12T14:19:27+08:00 ] 127.0.0.1 /index.php/Home/Shop/addCart?goods_id=41
INFO: [ app_begin ] --START--
INFO: Run Behavior\ReadHtmlCacheBehavior [ RunTime:0.000479s ]
INFO: [ app_begin ] --END-- [ RunTime:0.000824s ]
SQL: SHOW COLUMNS FROM `sp_goods` [ RunTime:0.0104s ]
SQL: SELECT * FROM `sp_goods` WHERE `goods_id` = 41 LIMIT 1   [ RunTime:0.0009s ]
NOTIC: [8] A session had already been started - ignoring session_start() D:\wamp\xiangmu\tpshop\Application\Home\Common\Cart.class.php 第 23 行.

[ 2017-07-12T14:19:56+08:00 ] 127.0.0.1 /index.php/Home/Shop/changeNumber
INFO: [ app_begin ] --START--
INFO: Run Behavior\ReadHtmlCacheBehavior [ RunTime:0.000425s ]
INFO: [ app_begin ] --END-- [ RunTime:0.000718s ]
NOTIC: [8] A session had already been started - ignoring session_start() D:\wamp\xiangmu\tpshop\Application\Home\Common\Cart.class.php 第 23 行.
INFO: [ app_end ] --START--
INFO: Run Behavior\ShowPageTraceBehavior [ RunTime:0.000429s ]
INFO: [ app_end ] --END-- [ RunTime:0.000459s ]

[ 2017-07-12T14:19:56+08:00 ] 127.0.0.1 /index.php/Home/Shop/changeNumber
INFO: [ app_begin ] --START--
INFO: Run Behavior\ReadHtmlCacheBehavior [ RunTime:0.000428s ]
INFO: [ app_begin ] --END-- [ RunTime:0.000726s ]
NOTIC: [8] A session had already been started - ignoring session_start() D:\wamp\xiangmu\tpshop\Application\Home\Common\Cart.class.php 第 23 行.
INFO: [ app_end ] --START--
INFO: Run Behavior\ShowPageTraceBehavior [ RunTime:0.000426s ]
INFO: [ app_end ] --END-- [ RunTime:0.000455s ]

[ 2017-07-12T14:19:56+08:00 ] 127.0.0.1 /index.php/Home/Shop/changeNumber
INFO: [ app_begin ] --START--
INFO: Run Behavior\ReadHtmlCacheBehavior [ RunTime:0.000470s ]
INFO: [ app_begin ] --END-- [ RunTime:0.000826s ]
NOTIC: [8] A session had already been started - ignoring session_start() D:\wamp\xiangmu\tpshop\Application\Home\Common\Cart.class.php 第 23 行.
INFO: [ app_end ] --START--
INFO: Run Behavior\ShowPageTraceBehavior [ RunTime:0.000478s ]
INFO: [ app_end ] --END-- [ RunTime:0.000508s ]

[ 2017-07-12T14:19:57+08:00 ] 127.0.0.1 /index.php/Home/Shop/changeNumber
INFO: [ app_begin ] --START--
INFO: Run Behavior\ReadHtmlCacheBehavior [ RunTime:0.000473s ]
INFO: [ app_begin ] --END-- [ RunTime:0.000814s ]
NOTIC: [8] A session had already been started - ignoring session_start() D:\wamp\xiangmu\tpshop\Application\Home\Common\Cart.class.php 第 23 行.
INFO: [ app_end ] --START--
INFO: Run Behavior\ShowPageTraceBehavior [ RunTime:0.000473s ]
INFO: [ app_end ] --END-- [ RunTime:0.000502s ]

[ 2017-07-12T14:19:59+08:00 ] 127.0.0.1 /index.php/Home/Shop/changeNumber
INFO: [ app_begin ] --START--
INFO: Run Behavior\ReadHtmlCacheBehavior [ RunTime:0.000449s ]
INFO: [ app_begin ] --END-- [ RunTime:0.000773s ]
NOTIC: [8] A session had already been started - ignoring session_start() D:\wamp\xiangmu\tpshop\Application\Home\Common\Cart.class.php 第 23 行.
INFO: [ app_end ] --START--
INFO: Run Behavior\ShowPageTraceBehavior [ RunTime:0.000444s ]
INFO: [ app_end ] --END-- [ RunTime:0.000475s ]

[ 2017-07-12T14:19:59+08:00 ] 127.0.0.1 /index.php/Home/Shop/changeNumber
INFO: [ app_begin ] --START--
INFO: Run Behavior\ReadHtmlCacheBehavior [ RunTime:0.000559s ]
INFO: [ app_begin ] --END-- [ RunTime:0.000895s ]
NOTIC: [8] A session had already been started - ignoring session_start() D:\wamp\xiangmu\tpshop\Application\Home\Common\Cart.class.php 第 23 行.
INFO: [ app_end ] --START--
INFO: Run Behavior\ShowPageTraceBehavior [ RunTime:0.000443s ]
INFO: [ app_end ] --END-- [ RunTime:0.000473s ]

[ 2017-07-12T14:20:00+08:00 ] 127.0.0.1 /index.php/Home/Shop/changeNumber
INFO: [ app_begin ] --START--
INFO: Run Behavior\ReadHtmlCacheBehavior [ RunTime:0.000469s ]
INFO: [ app_begin ] --END-- [ RunTime:0.000809s ]
NOTIC: [8] A session had already been started - ignoring session_start() D:\wamp\xiangmu\tpshop\Application\Home\Common\Cart.class.php 第 23 行.
INFO: [ app_end ] --START--
INFO: Run Behavior\ShowPageTraceBehavior [ RunTime:0.000503s ]
INFO: [ app_end ] --END-- [ RunTime:0.000533s ]

[ 2017-07-12T14:20:13+08:00 ] 127.0.0.1 /index.php/Home/Shop/addCart?goods_id=41
INFO: [ app_begin ] --START--
INFO: Run Behavior\ReadHtmlCacheBehavior [ RunTime:0.000472s ]
INFO: [ app_begin ] --END-- [ RunTime:0.000802s ]
SQL: SHOW COLUMNS FROM `sp_goods` [ RunTime:0.0084s ]
SQL: SELECT * FROM `sp_goods` WHERE `goods_id` = 41 LIMIT 1   [ RunTime:0.0007s ]
NOTIC: [8] A session had already been started - ignoring session_start() D:\wamp\xiangmu\tpshop\Application\Home\Common\Cart.class.php 第 23 行.

[ 2017-07-12T14:20:18+08:00 ] 127.0.0.1 /index.php/Home/Shop/delGoods?goods_id=41
INFO: [ app_begin ] --START--
INFO: Run Behavior\ReadHtmlCacheBehavior [ RunTime:0.000446s ]
INFO: [ app_begin ] --END-- [ RunTime:0.000770s ]
NOTIC: [8] A session had already been started - ignoring session_start() D:\wamp\xiangmu\tpshop\Application\Home\Common\Cart.class.php 第 23 行.
INFO: [ app_end ] --START--
INFO: Run Behavior\ShowPageTraceBehavior [ RunTime:0.000428s ]
INFO: [ app_end ] --END-- [ RunTime:0.000459s ]

[ 2017-07-12T14:20:28+08:00 ] 127.0.0.1 /index.php/Home/Shop/addCart?goods_id=41
INFO: [ app_begin ] --START--
INFO: Run Behavior\ReadHtmlCacheBehavior [ RunTime:0.000442s ]
INFO: [ app_begin ] --END-- [ RunTime:0.000752s ]
SQL: SHOW COLUMNS FROM `sp_goods` [ RunTime:0.0150s ]
SQL: SELECT * FROM `sp_goods` WHERE `goods_id` = 41 LIMIT 1   [ RunTime:0.0013s ]
NOTIC: [8] A session had already been started - ignoring session_start() D:\wamp\xiangmu\tpshop\Application\Home\Common\Cart.class.php 第 23 行.

[ 2017-07-12T14:22:45+08:00 ] 127.0.0.1 /index.php/Home/Shop/addCart?goods_id=41
INFO: [ app_begin ] --START--
INFO: Run Behavior\ReadHtmlCacheBehavior [ RunTime:0.000491s ]
INFO: [ app_begin ] --END-- [ RunTime:0.000847s ]
SQL: SHOW COLUMNS FROM `sp_goods` [ RunTime:0.0049s ]
SQL: SELECT * FROM `sp_goods` WHERE `goods_id` = 41 LIMIT 1   [ RunTime:0.0003s ]
NOTIC: [8] A session had already been started - ignoring session_start() D:\wamp\xiangmu\tpshop\Application\Home\Common\Cart.class.php 第 23 行.

[ 2017-07-12T14:23:19+08:00 ] 127.0.0.1 /index.php/Home/Shop/delGoods?goods_id=41
INFO: [ app_begin ] --START--
INFO: Run Behavior\ReadHtmlCacheBehavior [ RunTime:0.000506s ]
INFO: [ app_begin ] --END-- [ RunTime:0.000865s ]
NOTIC: [8] A session had already been started - ignoring session_start() D:\wamp\xiangmu\tpshop\Application\Home\Common\Cart.class.php 第 23 行.
INFO: [ app_end ] --START--
INFO: Run Behavior\ShowPageTraceBehavior [ RunTime:0.001136s ]
INFO: [ app_end ] --END-- [ RunTime:0.001268s ]

[ 2017-07-12T14:23:43+08:00 ] 127.0.0.1 /index.php/Home/Shop/addCart?goods_id=41
INFO: [ app_begin ] --START--
INFO: Run Behavior\ReadHtmlCacheBehavior [ RunTime:0.000476s ]
INFO: [ app_begin ] --END-- [ RunTime:0.000821s ]
SQL: SHOW COLUMNS FROM `sp_goods` [ RunTime:0.0400s ]
SQL: SELECT * FROM `sp_goods` WHERE `goods_id` = 41 LIMIT 1   [ RunTime:0.0007s ]
NOTIC: [8] A session had already been started - ignoring session_start() D:\wamp\xiangmu\tpshop\Application\Home\Common\Cart.class.php 第 23 行.

[ 2017-07-12T14:24:10+08:00 ] 127.0.0.1 /index.php/Home/Shop/addCart?goods_id=41
INFO: [ app_begin ] --START--
INFO: Run Behavior\ReadHtmlCacheBehavior [ RunTime:0.000564s ]
INFO: [ app_begin ] --END-- [ RunTime:0.000887s ]
SQL: SHOW COLUMNS FROM `sp_goods` [ RunTime:0.0119s ]
SQL: SELECT * FROM `sp_goods` WHERE `goods_id` = 41 LIMIT 1   [ RunTime:0.0007s ]
NOTIC: [8] A session had already been started - ignoring session_start() D:\wamp\xiangmu\tpshop\Application\Home\Common\Cart.class.php 第 23 行.

[ 2017-07-12T14:40:44+08:00 ] 127.0.0.1 /index.php/Home/Shop/addCart?goods_id=41
INFO: [ app_begin ] --START--
INFO: Run Behavior\ReadHtmlCacheBehavior [ RunTime:0.000475s ]
INFO: [ app_begin ] --END-- [ RunTime:0.000835s ]
SQL: SHOW COLUMNS FROM `sp_goods` [ RunTime:0.0047s ]
SQL: SELECT * FROM `sp_goods` WHERE `goods_id` = 41 LIMIT 1   [ RunTime:0.0003s ]
NOTIC: [8] A session had already been started - ignoring session_start() D:\wamp\xiangmu\tpshop\Application\Home\Common\Cart.class.php 第 23 行.

[ 2017-07-12T14:41:09+08:00 ] 127.0.0.1 /index.php/Home/Shop/addCart?goods_id=41
INFO: [ app_begin ] --START--
INFO: Run Behavior\ReadHtmlCacheBehavior [ RunTime:0.000486s ]
INFO: [ app_begin ] --END-- [ RunTime:0.000836s ]
SQL: SHOW COLUMNS FROM `sp_goods` [ RunTime:0.0079s ]
SQL: SELECT * FROM `sp_goods` WHERE `goods_id` = 41 LIMIT 1   [ RunTime:0.0006s ]
NOTIC: [8] A session had already been started - ignoring session_start() D:\wamp\xiangmu\tpshop\Application\Home\Common\Cart.class.php 第 23 行.

[ 2017-07-12T15:11:24+08:00 ] 127.0.0.1 /index.php/Home/Shop/addCart?goods_id=41
INFO: [ app_begin ] --START--
INFO: Run Behavior\ReadHtmlCacheBehavior [ RunTime:0.000622s ]
INFO: [ app_begin ] --END-- [ RunTime:0.001042s ]
SQL: SHOW COLUMNS FROM `sp_goods` [ RunTime:0.0042s ]
SQL: SELECT * FROM `sp_goods` WHERE `goods_id` = 41 LIMIT 1   [ RunTime:0.0003s ]
NOTIC: [8] A session had already been started - ignoring session_start() D:\wamp\xiangmu\tpshop\Application\Home\Common\Cart.class.php 第 23 行.

[ 2017-07-12T16:44:58+08:00 ] 127.0.0.1 /index.php/Home/Shop/addCart?goods_id=40
INFO: [ app_begin ] --START--
INFO: Run Behavior\ReadHtmlCacheBehavior [ RunTime:0.000428s ]
INFO: [ app_begin ] --END-- [ RunTime:0.000722s ]
SQL: SHOW COLUMNS FROM `sp_goods` [ RunTime:0.0065s ]
SQL: SELECT * FROM `sp_goods` WHERE `goods_id` = 40 LIMIT 1   [ RunTime:0.0005s ]
NOTIC: [8] A session had already been started - ignoring session_start() D:\wamp\xiangmu\tpshop\Application\Home\Common\Cart.class.php 第 23 行.

[ 2017-07-12T16:45:01+08:00 ] 127.0.0.1 /index.php/Home/Shop/changeNumber
INFO: [ app_begin ] --START--
INFO: Run Behavior\ReadHtmlCacheBehavior [ RunTime:0.000477s ]
INFO: [ app_begin ] --END-- [ RunTime:0.000818s ]
NOTIC: [8] A session had already been started - ignoring session_start() D:\wamp\xiangmu\tpshop\Application\Home\Common\Cart.class.php 第 23 行.
INFO: [ app_end ] --START--
INFO: Run Behavior\ShowPageTraceBehavior [ RunTime:0.000476s ]
INFO: [ app_end ] --END-- [ RunTime:0.000507s ]

[ 2017-07-12T16:45:01+08:00 ] 127.0.0.1 /index.php/Home/Shop/changeNumber
INFO: [ app_begin ] --START--
INFO: Run Behavior\ReadHtmlCacheBehavior [ RunTime:0.000448s ]
INFO: [ app_begin ] --END-- [ RunTime:0.000757s ]
NOTIC: [8] A session had already been started - ignoring session_start() D:\wamp\xiangmu\tpshop\Application\Home\Common\Cart.class.php 第 23 行.
INFO: [ app_end ] --START--
INFO: Run Behavior\ShowPageTraceBehavior [ RunTime:0.000451s ]
INFO: [ app_end ] --END-- [ RunTime:0.000481s ]

[ 2017-07-12T16:45:02+08:00 ] 127.0.0.1 /index.php/Home/Shop/changeNumber
INFO: [ app_begin ] --START--
INFO: Run Behavior\ReadHtmlCacheBehavior [ RunTime:0.000503s ]
INFO: [ app_begin ] --END-- [ RunTime:0.000845s ]
NOTIC: [8] A session had already been started - ignoring session_start() D:\wamp\xiangmu\tpshop\Application\Home\Common\Cart.class.php 第 23 行.
INFO: [ app_end ] --START--
INFO: Run Behavior\ShowPageTraceBehavior [ RunTime:0.000476s ]
INFO: [ app_end ] --END-- [ RunTime:0.000506s ]

[ 2017-07-12T16:45:03+08:00 ] 127.0.0.1 /index.php/Home/Shop/changeNumber
INFO: [ app_begin ] --START--
INFO: Run Behavior\ReadHtmlCacheBehavior [ RunTime:0.000486s ]
INFO: [ app_begin ] --END-- [ RunTime:0.000843s ]
NOTIC: [8] A session had already been started - ignoring session_start() D:\wamp\xiangmu\tpshop\Application\Home\Common\Cart.class.php 第 23 行.
INFO: [ app_end ] --START--
INFO: Run Behavior\ShowPageTraceBehavior [ RunTime:0.000489s ]
INFO: [ app_end ] --END-- [ RunTime:0.000520s ]

[ 2017-07-12T16:45:03+08:00 ] 127.0.0.1 /index.php/Home/Shop/changeNumber
INFO: [ app_begin ] --START--
INFO: Run Behavior\ReadHtmlCacheBehavior [ RunTime:0.000479s ]
INFO: [ app_begin ] --END-- [ RunTime:0.000851s ]
NOTIC: [8] A session had already been started - ignoring session_start() D:\wamp\xiangmu\tpshop\Application\Home\Common\Cart.class.php 第 23 行.
INFO: [ app_end ] --START--
INFO: Run Behavior\ShowPageTraceBehavior [ RunTime:0.000518s ]
INFO: [ app_end ] --END-- [ RunTime:0.000553s ]

[ 2017-07-12T17:18:50+08:00 ] 127.0.0.1 /index.php/Home/Shop/addCart?goods_id=41
INFO: [ app_begin ] --START--
INFO: Run Behavior\ReadHtmlCacheBehavior [ RunTime:0.000454s ]
INFO: [ app_begin ] --END-- [ RunTime:0.000800s ]
SQL: SHOW COLUMNS FROM `sp_goods` [ RunTime:0.0126s ]
SQL: SELECT * FROM `sp_goods` WHERE `goods_id` = 41 LIMIT 1   [ RunTime:0.0011s ]
NOTIC: [8] A session had already been started - ignoring session_start() D:\wamp\xiangmu\tpshop\Application\Home\Common\Cart.class.php 第 23 行.

[ 2017-07-12T17:19:13+08:00 ] 127.0.0.1 /index.php/Home/Shop/addCart?goods_id=41
INFO: [ app_begin ] --START--
INFO: Run Behavior\ReadHtmlCacheBehavior [ RunTime:0.000514s ]
INFO: [ app_begin ] --END-- [ RunTime:0.000908s ]
SQL: SHOW COLUMNS FROM `sp_goods` [ RunTime:0.0059s ]
SQL: SELECT * FROM `sp_goods` WHERE `goods_id` = 41 LIMIT 1   [ RunTime:0.0005s ]
NOTIC: [8] A session had already been started - ignoring session_start() D:\wamp\xiangmu\tpshop\Application\Home\Common\Cart.class.php 第 23 行.

[ 2017-07-12T17:19:30+08:00 ] 127.0.0.1 /index.php/Home/Shop/addCart?goods_id=41
INFO: [ app_begin ] --START--
INFO: Run Behavior\ReadHtmlCacheBehavior [ RunTime:0.000478s ]
INFO: [ app_begin ] --END-- [ RunTime:0.000821s ]
SQL: SHOW COLUMNS FROM `sp_goods` [ RunTime:0.0056s ]
SQL: SELECT * FROM `sp_goods` WHERE `goods_id` = 41 LIMIT 1   [ RunTime:0.0005s ]
NOTIC: [8] A session had already been started - ignoring session_start() D:\wamp\xiangmu\tpshop\Application\Home\Common\Cart.class.php 第 23 行.

[ 2017-07-12T17:20:15+08:00 ] 127.0.0.1 /index.php/Home/Shop/addCart?goods_id=41
INFO: [ app_begin ] --START--
INFO: Run Behavior\ReadHtmlCacheBehavior [ RunTime:0.000483s ]
INFO: [ app_begin ] --END-- [ RunTime:0.000847s ]
SQL: SHOW COLUMNS FROM `sp_goods` [ RunTime:0.0097s ]
SQL: SELECT * FROM `sp_goods` WHERE `goods_id` = 41 LIMIT 1   [ RunTime:0.0007s ]
NOTIC: [8] A session had already been started - ignoring session_start() D:\wamp\xiangmu\tpshop\Application\Home\Common\Cart.class.php 第 23 行.

[ 2017-07-12T18:02:09+08:00 ] 127.0.0.1 /index.php/Home/Shop/addCart?goods_id=41
INFO: [ app_begin ] --START--
INFO: Run Behavior\ReadHtmlCacheBehavior [ RunTime:0.000493s ]
INFO: [ app_begin ] --END-- [ RunTime:0.000851s ]
SQL: SHOW COLUMNS FROM `sp_goods` [ RunTime:0.0048s ]
SQL: SELECT * FROM `sp_goods` WHERE `goods_id` = 41 LIMIT 1   [ RunTime:0.0003s ]
NOTIC: [8] A session had already been started - ignoring session_start() D:\wamp\xiangmu\tpshop\Application\Home\Common\Cart.class.php 第 23 行.

[ 2017-07-12T18:02:48+08:00 ] 127.0.0.1 /index.php/Home/Shop/addCart?goods_id=41
INFO: [ app_begin ] --START--
INFO: Run Behavior\ReadHtmlCacheBehavior [ RunTime:0.000475s ]
INFO: [ app_begin ] --END-- [ RunTime:0.000817s ]
SQL: SHOW COLUMNS FROM `sp_goods` [ RunTime:0.0142s ]
SQL: SELECT * FROM `sp_goods` WHERE `goods_id` = 41 LIMIT 1   [ RunTime:0.0014s ]
NOTIC: [8] A session had already been started - ignoring session_start() D:\wamp\xiangmu\tpshop\Application\Home\Common\Cart.class.php 第 23 行.

[ 2017-07-12T18:03:11+08:00 ] 127.0.0.1 /index.php/Home/Shop/addCart?goods_id=41
INFO: [ app_begin ] --START--
INFO: Run Behavior\ReadHtmlCacheBehavior [ RunTime:0.000629s ]
INFO: [ app_begin ] --END-- [ RunTime:0.001075s ]
SQL: SHOW COLUMNS FROM `sp_goods` [ RunTime:0.0143s ]
SQL: SELECT * FROM `sp_goods` WHERE `goods_id` = 41 LIMIT 1   [ RunTime:0.0012s ]
NOTIC: [8] A session had already been started - ignoring session_start() D:\wamp\xiangmu\tpshop\Application\Home\Common\Cart.class.php 第 23 行.

[ 2017-07-12T18:05:00+08:00 ] 127.0.0.1 /index.php/Home/Shop/addCart?goods_id=41
INFO: [ app_begin ] --START--
INFO: Run Behavior\ReadHtmlCacheBehavior [ RunTime:0.000515s ]
INFO: [ app_begin ] --END-- [ RunTime:0.000849s ]
SQL: SHOW COLUMNS FROM `sp_goods` [ RunTime:0.0148s ]
SQL: SELECT * FROM `sp_goods` WHERE `goods_id` = 41 LIMIT 1   [ RunTime:0.0011s ]
NOTIC: [8] A session had already been started - ignoring session_start() D:\wamp\xiangmu\tpshop\Application\Home\Common\Cart.class.php 第 23 行.

[ 2017-07-12T18:05:08+08:00 ] 127.0.0.1 /index.php/Home/Shop/addCart?goods_id=41
INFO: [ app_begin ] --START--
INFO: Run Behavior\ReadHtmlCacheBehavior [ RunTime:0.000484s ]
INFO: [ app_begin ] --END-- [ RunTime:0.000994s ]
SQL: SHOW COLUMNS FROM `sp_goods` [ RunTime:0.0140s ]
SQL: SELECT * FROM `sp_goods` WHERE `goods_id` = 41 LIMIT 1   [ RunTime:0.0011s ]
NOTIC: [8] A session had already been started - ignoring session_start() D:\wamp\xiangmu\tpshop\Application\Home\Common\Cart.class.php 第 23 行.

[ 2017-07-12T18:08:19+08:00 ] 127.0.0.1 /index.php/Home/Shop/addCart?goods_id=41
INFO: [ app_begin ] --START--
INFO: Run Behavior\ReadHtmlCacheBehavior [ RunTime:0.000654s ]
INFO: [ app_begin ] --END-- [ RunTime:0.001175s ]
SQL: SHOW COLUMNS FROM `sp_goods` [ RunTime:0.0147s ]
SQL: SELECT * FROM `sp_goods` WHERE `goods_id` = 41 LIMIT 1   [ RunTime:0.0013s ]
NOTIC: [8] A session had already been started - ignoring session_start() D:\wamp\xiangmu\tpshop\Application\Home\Common\Cart.class.php 第 23 行.

[ 2017-07-12T18:08:38+08:00 ] 127.0.0.1 /index.php/Home/Shop/addCart?goods_id=41
INFO: [ app_begin ] --START--
INFO: Run Behavior\ReadHtmlCacheBehavior [ RunTime:0.000486s ]
INFO: [ app_begin ] --END-- [ RunTime:0.000811s ]
SQL: SHOW COLUMNS FROM `sp_goods` [ RunTime:0.0084s ]
SQL: SELECT * FROM `sp_goods` WHERE `goods_id` = 41 LIMIT 1   [ RunTime:0.0004s ]
NOTIC: [8] A session had already been started - ignoring session_start() D:\wamp\xiangmu\tpshop\Application\Home\Common\Cart.class.php 第 23 行.

[ 2017-07-12T18:09:47+08:00 ] 127.0.0.1 /index.php/Home/Shop/addCart?goods_id=41
INFO: [ app_begin ] --START--
INFO: Run Behavior\ReadHtmlCacheBehavior [ RunTime:0.000446s ]
INFO: [ app_begin ] --END-- [ RunTime:0.000777s ]
SQL: SHOW COLUMNS FROM `sp_goods` [ RunTime:0.0065s ]
SQL: SELECT * FROM `sp_goods` WHERE `goods_id` = 41 LIMIT 1   [ RunTime:0.0005s ]
NOTIC: [8] A session had already been started - ignoring session_start() D:\wamp\xiangmu\tpshop\Application\Home\Common\Cart.class.php 第 23 行.

[ 2017-07-12T18:18:05+08:00 ] 127.0.0.1 /index.php/Home/Shop/addCart?goods_id=41
INFO: [ app_begin ] --START--
INFO: Run Behavior\ReadHtmlCacheBehavior [ RunTime:0.002110s ]
INFO: [ app_begin ] --END-- [ RunTime:0.003331s ]
SQL: SHOW COLUMNS FROM `sp_goods` [ RunTime:0.0248s ]
SQL: SELECT * FROM `sp_goods` WHERE `goods_id` = 41 LIMIT 1   [ RunTime:0.0008s ]
NOTIC: [8] A session had already been started - ignoring session_start() D:\wamp\xiangmu\tpshop\Application\Home\Common\Cart.class.php 第 23 行.

[ 2017-07-12T18:18:14+08:00 ] 127.0.0.1 /index.php/Home/Shop/addCart?goods_id=41
INFO: [ app_begin ] --START--
INFO: Run Behavior\ReadHtmlCacheBehavior [ RunTime:0.000449s ]
INFO: [ app_begin ] --END-- [ RunTime:0.000763s ]
SQL: SHOW COLUMNS FROM `sp_goods` [ RunTime:0.0047s ]
SQL: SELECT * FROM `sp_goods` WHERE `goods_id` = 41 LIMIT 1   [ RunTime:0.0003s ]
NOTIC: [8] A session had already been started - ignoring session_start() D:\wamp\xiangmu\tpshop\Application\Home\Common\Cart.class.php 第 23 行.

[ 2017-07-12T18:18:39+08:00 ] 127.0.0.1 /index.php/Home/Shop/addCart?goods_id=41
INFO: [ app_begin ] --START--
INFO: Run Behavior\ReadHtmlCacheBehavior [ RunTime:0.000484s ]
INFO: [ app_begin ] --END-- [ RunTime:0.000830s ]
SQL: SHOW COLUMNS FROM `sp_goods` [ RunTime:0.0139s ]
SQL: SELECT * FROM `sp_goods` WHERE `goods_id` = 41 LIMIT 1   [ RunTime:0.0011s ]
NOTIC: [8] A session had already been started - ignoring session_start() D:\wamp\xiangmu\tpshop\Application\Home\Common\Cart.class.php 第 23 行.

[ 2017-07-12T18:23:16+08:00 ] 127.0.0.1 /index.php/Home/Shop/addCart?goods_id=41
INFO: [ app_begin ] --START--
INFO: Run Behavior\ReadHtmlCacheBehavior [ RunTime:0.000511s ]
INFO: [ app_begin ] --END-- [ RunTime:0.000899s ]
SQL: SHOW COLUMNS FROM `sp_goods` [ RunTime:0.0044s ]
SQL: SELECT * FROM `sp_goods` WHERE `goods_id` = 41 LIMIT 1   [ RunTime:0.0003s ]
NOTIC: [8] A session had already been started - ignoring session_start() D:\wamp\xiangmu\tpshop\Application\Home\Common\Cart.class.php 第 23 行.

[ 2017-07-12T18:23:38+08:00 ] 127.0.0.1 /index.php/Home/Shop/addCart?goods_id=41
INFO: [ app_begin ] --START--
INFO: Run Behavior\ReadHtmlCacheBehavior [ RunTime:0.000458s ]
INFO: [ app_begin ] --END-- [ RunTime:0.000774s ]
SQL: SHOW COLUMNS FROM `sp_goods` [ RunTime:0.0041s ]
SQL: SELECT * FROM `sp_goods` WHERE `goods_id` = 41 LIMIT 1   [ RunTime:0.0004s ]
NOTIC: [8] A session had already been started - ignoring session_start() D:\wamp\xiangmu\tpshop\Application\Home\Common\Cart.class.php 第 23 行.

[ 2017-07-12T18:24:21+08:00 ] 127.0.0.1 /index.php/Home/Shop/addCart?goods_id=41
INFO: [ app_begin ] --START--
INFO: Run Behavior\ReadHtmlCacheBehavior [ RunTime:0.000459s ]
INFO: [ app_begin ] --END-- [ RunTime:0.000815s ]
SQL: SHOW COLUMNS FROM `sp_goods` [ RunTime:0.0048s ]
SQL: SELECT * FROM `sp_goods` WHERE `goods_id` = 41 LIMIT 1   [ RunTime:0.0004s ]
NOTIC: [8] A session had already been started - ignoring session_start() D:\wamp\xiangmu\tpshop\Application\Home\Common\Cart.class.php 第 23 行.

[ 2017-07-12T18:24:27+08:00 ] 127.0.0.1 /index.php/Home/Shop/addCart?goods_id=41
INFO: [ app_begin ] --START--
INFO: Run Behavior\ReadHtmlCacheBehavior [ RunTime:0.000528s ]
INFO: [ app_begin ] --END-- [ RunTime:0.000874s ]
SQL: SHOW COLUMNS FROM `sp_goods` [ RunTime:0.0065s ]
SQL: SELECT * FROM `sp_goods` WHERE `goods_id` = 41 LIMIT 1   [ RunTime:0.0005s ]
NOTIC: [8] A session had already been started - ignoring session_start() D:\wamp\xiangmu\tpshop\Application\Home\Common\Cart.class.php 第 23 行.

[ 2017-07-12T18:35:40+08:00 ] 127.0.0.1 /index.php/Home/Goods/goodsOrder.html
ERR: 模板不存在:./Application/Home/View//index.php/Home/View/Shop/goodsOrder.html

[ 2017-07-12T18:36:36+08:00 ] 127.0.0.1 /index.php/Home/Shop/addCart?goods_id=41
INFO: [ app_begin ] --START--
INFO: Run Behavior\ReadHtmlCacheBehavior [ RunTime:0.003161s ]
INFO: [ app_begin ] --END-- [ RunTime:0.003498s ]
SQL: SHOW COLUMNS FROM `sp_goods` [ RunTime:0.0147s ]
SQL: SELECT * FROM `sp_goods` WHERE `goods_id` = 41 LIMIT 1   [ RunTime:0.0012s ]
NOTIC: [8] A session had already been started - ignoring session_start() D:\wamp\xiangmu\tpshop\Application\Home\Common\Cart.class.php 第 23 行.

[ 2017-07-12T18:36:41+08:00 ] 127.0.0.1 /index.php/Home/Shop/addCart?goods_id=41
INFO: [ app_begin ] --START--
INFO: Run Behavior\ReadHtmlCacheBehavior [ RunTime:0.000549s ]
INFO: [ app_begin ] --END-- [ RunTime:0.000919s ]
SQL: SHOW COLUMNS FROM `sp_goods` [ RunTime:0.0172s ]
SQL: SELECT * FROM `sp_goods` WHERE `goods_id` = 41 LIMIT 1   [ RunTime:0.0008s ]
NOTIC: [8] A session had already been started - ignoring session_start() D:\wamp\xiangmu\tpshop\Application\Home\Common\Cart.class.php 第 23 行.

[ 2017-07-12T18:36:47+08:00 ] 127.0.0.1 /index.php/Home/Shop/addCart?goods_id=41
INFO: [ app_begin ] --START--
INFO: Run Behavior\ReadHtmlCacheBehavior [ RunTime:0.001023s ]
INFO: [ app_begin ] --END-- [ RunTime:0.001735s ]
SQL: SHOW COLUMNS FROM `sp_goods` [ RunTime:0.0084s ]
SQL: SELECT * FROM `sp_goods` WHERE `goods_id` = 41 LIMIT 1   [ RunTime:0.0007s ]
NOTIC: [8] A session had already been started - ignoring session_start() D:\wamp\xiangmu\tpshop\Application\Home\Common\Cart.class.php 第 23 行.

[ 2017-07-12T18:52:07+08:00 ] 127.0.0.1 /index.php/Home/Shop/addCart?goods_id=41
INFO: [ app_begin ] --START--
INFO: Run Behavior\ReadHtmlCacheBehavior [ RunTime:0.000491s ]
INFO: [ app_begin ] --END-- [ RunTime:0.000846s ]
SQL: SHOW COLUMNS FROM `sp_goods` [ RunTime:0.0155s ]
SQL: SELECT * FROM `sp_goods` WHERE `goods_id` = 41 LIMIT 1   [ RunTime:0.0012s ]
NOTIC: [8] A session had already been started - ignoring session_start() D:\wamp\xiangmu\tpshop\Application\Home\Common\Cart.class.php 第 23 行.

[ 2017-07-12T18:52:11+08:00 ] 127.0.0.1 /index.php/Home/Shop/addCart?goods_id=41
INFO: [ app_begin ] --START--
INFO: Run Behavior\ReadHtmlCacheBehavior [ RunTime:0.000476s ]
INFO: [ app_begin ] --END-- [ RunTime:0.000819s ]
SQL: SHOW COLUMNS FROM `sp_goods` [ RunTime:0.0144s ]
SQL: SELECT * FROM `sp_goods` WHERE `goods_id` = 41 LIMIT 1   [ RunTime:0.0012s ]
NOTIC: [8] A session had already been started - ignoring session_start() D:\wamp\xiangmu\tpshop\Application\Home\Common\Cart.class.php 第 23 行.

[ 2017-07-12T18:52:25+08:00 ] 127.0.0.1 /index.php/Home/Shop/addCart?goods_id=40
INFO: [ app_begin ] --START--
INFO: Run Behavior\ReadHtmlCacheBehavior [ RunTime:0.000449s ]
INFO: [ app_begin ] --END-- [ RunTime:0.000758s ]
SQL: SHOW COLUMNS FROM `sp_goods` [ RunTime:0.0146s ]
SQL: SELECT * FROM `sp_goods` WHERE `goods_id` = 40 LIMIT 1   [ RunTime:0.0012s ]
NOTIC: [8] A session had already been started - ignoring session_start() D:\wamp\xiangmu\tpshop\Application\Home\Common\Cart.class.php 第 23 行.

[ 2017-07-12T18:55:08+08:00 ] 127.0.0.1 /index.php/Home/Shop/addCart?goods_id=42
INFO: [ app_begin ] --START--
INFO: Run Behavior\ReadHtmlCacheBehavior [ RunTime:0.000530s ]
INFO: [ app_begin ] --END-- [ RunTime:0.000863s ]
SQL: SHOW COLUMNS FROM `sp_goods` [ RunTime:0.0047s ]
SQL: SELECT * FROM `sp_goods` WHERE `goods_id` = 42 LIMIT 1   [ RunTime:0.0003s ]
NOTIC: [8] A session had already been started - ignoring session_start() D:\wamp\xiangmu\tpshop\Application\Home\Common\Cart.class.php 第 23 行.

[ 2017-07-12T18:55:19+08:00 ] 127.0.0.1 /index.php/Home/Shop/delGoods?goods_id=40
INFO: [ app_begin ] --START--
INFO: Run Behavior\ReadHtmlCacheBehavior [ RunTime:0.000550s ]
INFO: [ app_begin ] --END-- [ RunTime:0.000914s ]
NOTIC: [8] A session had already been started - ignoring session_start() D:\wamp\xiangmu\tpshop\Application\Home\Common\Cart.class.php 第 23 行.
INFO: [ app_end ] --START--
INFO: Run Behavior\ShowPageTraceBehavior [ RunTime:0.000536s ]
INFO: [ app_end ] --END-- [ RunTime:0.000566s ]

[ 2017-07-12T19:02:35+08:00 ] 127.0.0.1 /index.php/Home/Shop/delGoods?goods_id=42
INFO: [ app_begin ] --START--
INFO: Run Behavior\ReadHtmlCacheBehavior [ RunTime:0.000549s ]
INFO: [ app_begin ] --END-- [ RunTime:0.000897s ]
NOTIC: [8] A session had already been started - ignoring session_start() D:\wamp\xiangmu\tpshop\Application\Home\Common\Cart.class.php 第 23 行.
INFO: [ app_end ] --START--
INFO: Run Behavior\ShowPageTraceBehavior [ RunTime:0.000499s ]
INFO: [ app_end ] --END-- [ RunTime:0.000529s ]

[ 2017-07-12T19:03:11+08:00 ] 127.0.0.1 /index.php/Home/Shop/addCart?goods_id=41
INFO: [ app_begin ] --START--
INFO: Run Behavior\ReadHtmlCacheBehavior [ RunTime:0.000486s ]
INFO: [ app_begin ] --END-- [ RunTime:0.000841s ]
SQL: SHOW COLUMNS FROM `sp_goods` [ RunTime:0.0038s ]
SQL: SELECT * FROM `sp_goods` WHERE `goods_id` = 41 LIMIT 1   [ RunTime:0.0004s ]
NOTIC: [8] A session had already been started - ignoring session_start() D:\wamp\xiangmu\tpshop\Application\Home\Common\Cart.class.php 第 23 行.

[ 2017-07-12T19:03:13+08:00 ] 127.0.0.1 /index.php/Home/Shop/addCart?goods_id=41
INFO: [ app_begin ] --START--
INFO: Run Behavior\ReadHtmlCacheBehavior [ RunTime:0.000612s ]
INFO: [ app_begin ] --END-- [ RunTime:0.001037s ]
SQL: SHOW COLUMNS FROM `sp_goods` [ RunTime:0.0084s ]
SQL: SELECT * FROM `sp_goods` WHERE `goods_id` = 41 LIMIT 1   [ RunTime:0.0007s ]
NOTIC: [8] A session had already been started - ignoring session_start() D:\wamp\xiangmu\tpshop\Application\Home\Common\Cart.class.php 第 23 行.

[ 2017-07-12T19:03:26+08:00 ] 127.0.0.1 /index.php/Home/Shop/addCart?goods_id=43
INFO: [ app_begin ] --START--
INFO: Run Behavior\ReadHtmlCacheBehavior [ RunTime:0.000468s ]
INFO: [ app_begin ] --END-- [ RunTime:0.000828s ]
SQL: SHOW COLUMNS FROM `sp_goods` [ RunTime:0.0097s ]
SQL: SELECT * FROM `sp_goods` WHERE `goods_id` = 43 LIMIT 1   [ RunTime:0.0008s ]
NOTIC: [8] A session had already been started - ignoring session_start() D:\wamp\xiangmu\tpshop\Application\Home\Common\Cart.class.php 第 23 行.

[ 2017-07-12T19:11:28+08:00 ] 127.0.0.1 /index.php/Home/Shop/changeNumber
INFO: [ app_begin ] --START--
INFO: Run Behavior\ReadHtmlCacheBehavior [ RunTime:0.000478s ]
INFO: [ app_begin ] --END-- [ RunTime:0.000822s ]
NOTIC: [8] A session had already been started - ignoring session_start() D:\wamp\xiangmu\tpshop\Application\Home\Common\Cart.class.php 第 23 行.
INFO: [ app_end ] --START--
INFO: Run Behavior\ShowPageTraceBehavior [ RunTime:0.000551s ]
INFO: [ app_end ] --END-- [ RunTime:0.000582s ]

[ 2017-07-12T19:11:28+08:00 ] 127.0.0.1 /index.php/Home/Shop/changeNumber
INFO: [ app_begin ] --START--
INFO: Run Behavior\ReadHtmlCacheBehavior [ RunTime:0.000547s ]
INFO: [ app_begin ] --END-- [ RunTime:0.000865s ]
NOTIC: [8] A session had already been started - ignoring session_start() D:\wamp\xiangmu\tpshop\Application\Home\Common\Cart.class.php 第 23 行.
INFO: [ app_end ] --START--
INFO: Run Behavior\ShowPageTraceBehavior [ RunTime:0.000560s ]
INFO: [ app_end ] --END-- [ RunTime:0.000598s ]

[ 2017-07-12T19:11:29+08:00 ] 127.0.0.1 /index.php/Home/Shop/changeNumber
INFO: [ app_begin ] --START--
INFO: Run Behavior\ReadHtmlCacheBehavior [ RunTime:0.000470s ]
INFO: [ app_begin ] --END-- [ RunTime:0.000817s ]
NOTIC: [8] A session had already been started - ignoring session_start() D:\wamp\xiangmu\tpshop\Application\Home\Common\Cart.class.php 第 23 行.
INFO: [ app_end ] --START--
INFO: Run Behavior\ShowPageTraceBehavior [ RunTime:0.000526s ]
INFO: [ app_end ] --END-- [ RunTime:0.000555s ]

[ 2017-07-12T19:11:29+08:00 ] 127.0.0.1 /index.php/Home/Shop/changeNumber
INFO: [ app_begin ] --START--
INFO: Run Behavior\ReadHtmlCacheBehavior [ RunTime:0.000473s ]
INFO: [ app_begin ] --END-- [ RunTime:0.000813s ]
NOTIC: [8] A session had already been started - ignoring session_start() D:\wamp\xiangmu\tpshop\Application\Home\Common\Cart.class.php 第 23 行.
INFO: [ app_end ] --START--
INFO: Run Behavior\ShowPageTraceBehavior [ RunTime:0.000508s ]
INFO: [ app_end ] --END-- [ RunTime:0.000537s ]

[ 2017-07-12T19:11:29+08:00 ] 127.0.0.1 /index.php/Home/Shop/changeNumber
INFO: [ app_begin ] --START--
INFO: Run Behavior\ReadHtmlCacheBehavior [ RunTime:0.000465s ]
INFO: [ app_begin ] --END-- [ RunTime:0.000800s ]
NOTIC: [8] A session had already been started - ignoring session_start() D:\wamp\xiangmu\tpshop\Application\Home\Common\Cart.class.php 第 23 行.
INFO: [ app_end ] --START--
INFO: Run Behavior\ShowPageTraceBehavior [ RunTime:0.000504s ]
INFO: [ app_end ] --END-- [ RunTime:0.000535s ]

[ 2017-07-12T19:11:30+08:00 ] 127.0.0.1 /index.php/Home/Shop/changeNumber
INFO: [ app_begin ] --START--
INFO: Run Behavior\ReadHtmlCacheBehavior [ RunTime:0.000454s ]
INFO: [ app_begin ] --END-- [ RunTime:0.000866s ]
NOTIC: [8] A session had already been started - ignoring session_start() D:\wamp\xiangmu\tpshop\Application\Home\Common\Cart.class.php 第 23 行.
INFO: [ app_end ] --START--
INFO: Run Behavior\ShowPageTraceBehavior [ RunTime:0.000462s ]
INFO: [ app_end ] --END-- [ RunTime:0.000493s ]

[ 2017-07-12T19:11:31+08:00 ] 127.0.0.1 /index.php/Home/Shop/changeNumber
INFO: [ app_begin ] --START--
INFO: Run Behavior\ReadHtmlCacheBehavior [ RunTime:0.000476s ]
INFO: [ app_begin ] --END-- [ RunTime:0.000898s ]
NOTIC: [8] A session had already been started - ignoring session_start() D:\wamp\xiangmu\tpshop\Application\Home\Common\Cart.class.php 第 23 行.
INFO: [ app_end ] --START--
INFO: Run Behavior\ShowPageTraceBehavior [ RunTime:0.000462s ]
INFO: [ app_end ] --END-- [ RunTime:0.000492s ]

[ 2017-07-12T19:11:31+08:00 ] 127.0.0.1 /index.php/Home/Shop/changeNumber
INFO: [ app_begin ] --START--
INFO: Run Behavior\ReadHtmlCacheBehavior [ RunTime:0.000443s ]
INFO: [ app_begin ] --END-- [ RunTime:0.000756s ]
NOTIC: [8] A session had already been started - ignoring session_start() D:\wamp\xiangmu\tpshop\Application\Home\Common\Cart.class.php 第 23 行.
INFO: [ app_end ] --START--
INFO: Run Behavior\ShowPageTraceBehavior [ RunTime:0.000475s ]
INFO: [ app_end ] --END-- [ RunTime:0.000506s ]

[ 2017-07-12T19:11:31+08:00 ] 127.0.0.1 /index.php/Home/Shop/changeNumber
INFO: [ app_begin ] --START--
INFO: Run Behavior\ReadHtmlCacheBehavior [ RunTime:0.000533s ]
INFO: [ app_begin ] --END-- [ RunTime:0.000872s ]
NOTIC: [8] A session had already been started - ignoring session_start() D:\wamp\xiangmu\tpshop\Application\Home\Common\Cart.class.php 第 23 行.
INFO: [ app_end ] --START--
INFO: Run Behavior\ShowPageTraceBehavior [ RunTime:0.000483s ]
INFO: [ app_end ] --END-- [ RunTime:0.000515s ]

[ 2017-07-12T19:11:33+08:00 ] 127.0.0.1 /index.php/Home/Shop/changeNumber
INFO: [ app_begin ] --START--
INFO: Run Behavior\ReadHtmlCacheBehavior [ RunTime:0.000474s ]
INFO: [ app_begin ] --END-- [ RunTime:0.000819s ]
NOTIC: [8] A session had already been started - ignoring session_start() D:\wamp\xiangmu\tpshop\Application\Home\Common\Cart.class.php 第 23 行.
INFO: [ app_end ] --START--
INFO: Run Behavior\ShowPageTraceBehavior [ RunTime:0.000511s ]
INFO: [ app_end ] --END-- [ RunTime:0.000542s ]

[ 2017-07-12T19:11:34+08:00 ] 127.0.0.1 /index.php/Home/Shop/changeNumber
INFO: [ app_begin ] --START--
INFO: Run Behavior\ReadHtmlCacheBehavior [ RunTime:0.000489s ]
INFO: [ app_begin ] --END-- [ RunTime:0.000838s ]
NOTIC: [8] A session had already been started - ignoring session_start() D:\wamp\xiangmu\tpshop\Application\Home\Common\Cart.class.php 第 23 行.
INFO: [ app_end ] --START--
INFO: Run Behavior\ShowPageTraceBehavior [ RunTime:0.000513s ]
INFO: [ app_end ] --END-- [ RunTime:0.000544s ]

[ 2017-07-12T19:17:57+08:00 ] 127.0.0.1 /index.php/Home/Shop/style/base.css
ERR: 非法操作:style

[ 2017-07-12T19:17:57+08:00 ] 127.0.0.1 /index.php/Home/Shop/style/global.css
ERR: 非法操作:style

[ 2017-07-12T19:17:57+08:00 ] 127.0.0.1 /index.php/Home/Shop/style/footer.css
ERR: 非法操作:style

[ 2017-07-12T19:17:57+08:00 ] 127.0.0.1 /index.php/Home/Shop/style/header.css
ERR: 非法操作:style

[ 2017-07-12T19:17:57+08:00 ] 127.0.0.1 /index.php/Home/Shop/style/success.css
ERR: 非法操作:style

[ 2017-07-12T19:17:57+08:00 ] 127.0.0.1 /index.php/Home/Shop/style/base.css
ERR: 非法操作:style

[ 2017-07-12T19:17:57+08:00 ] 127.0.0.1 /index.php/Home/Shop/style/global.css
ERR: 非法操作:style

[ 2017-07-12T19:18:58+08:00 ] 127.0.0.1 /index.php/Home/Shop/style/footer.css
ERR: 非法操作:style

[ 2017-07-12T19:18:58+08:00 ] 127.0.0.1 /index.php/Home/Shop/style/success.css
ERR: 非法操作:style

[ 2017-07-12T19:19:12+08:00 ] 127.0.0.1 /index.php/Home/Shop/style/footer.css
ERR: 非法操作:style

[ 2017-07-12T19:19:12+08:00 ] 127.0.0.1 /index.php/Home/Shop/style/success.css
ERR: 非法操作:style

[ 2017-07-12T19:19:12+08:00 ] 127.0.0.1 /index.php/Home/Shop/style/footer.css
ERR: 非法操作:style

[ 2017-07-12T19:39:38+08:00 ] 127.0.0.1 /index.php/Home/Shop/addCart?goods_id=43
INFO: [ app_begin ] --START--
INFO: Run Behavior\ReadHtmlCacheBehavior [ RunTime:0.000455s ]
INFO: [ app_begin ] --END-- [ RunTime:0.000771s ]
SQL: SHOW COLUMNS FROM `sp_goods` [ RunTime:0.0114s ]
SQL: SELECT * FROM `sp_goods` WHERE `goods_id` = 43 LIMIT 1   [ RunTime:0.0011s ]
NOTIC: [8] A session had already been started - ignoring session_start() D:\wamp\xiangmu\tpshop\Application\Home\Common\Cart.class.php 第 23 行.

[ 2017-07-12T19:39:49+08:00 ] 127.0.0.1 /index.php/Home/Shop/addCart?goods_id=41
INFO: [ app_begin ] --START--
INFO: Run Behavior\ReadHtmlCacheBehavior [ RunTime:0.000478s ]
INFO: [ app_begin ] --END-- [ RunTime:0.000820s ]
SQL: SHOW COLUMNS FROM `sp_goods` [ RunTime:0.0050s ]
SQL: SELECT * FROM `sp_goods` WHERE `goods_id` = 41 LIMIT 1   [ RunTime:0.0004s ]
NOTIC: [8] A session had already been started - ignoring session_start() D:\wamp\xiangmu\tpshop\Application\Home\Common\Cart.class.php 第 23 行.

[ 2017-07-12T19:40:55+08:00 ] 127.0.0.1 /index.php/Home/PensonCenter/showlist.html
ERR: 无法加载控制器:PensonCenter

[ 2017-07-12T19:42:49+08:00 ] 127.0.0.1 /index.php/Home/PensonCenter/showlist.html
ERR: 无法加载控制器:PensonCenter

[ 2017-07-12T19:43:42+08:00 ] 127.0.0.1 /index.php/Home/PensonCenter/showlist.html
ERR: 无法加载控制器:PensonCenter

[ 2017-07-12T19:44:48+08:00 ] 127.0.0.1 /index.php/Home/PensonCenter/showlist.html
ERR: 无法加载控制器:PensonCenter

[ 2017-07-12T19:47:45+08:00 ] 127.0.0.1 /index.php/Home/PensonCenter/showlist.html
ERR: 无法加载控制器:PensonCenter

[ 2017-07-12T19:47:49+08:00 ] 127.0.0.1 /index.php/Home/PersonCenter/style/base.css
ERR: 非法操作:style

[ 2017-07-12T19:47:49+08:00 ] 127.0.0.1 /index.php/Home/PersonCenter/style/global.css
ERR: 非法操作:style

[ 2017-07-12T19:47:49+08:00 ] 127.0.0.1 /index.php/Home/PersonCenter/style/bottomnav.css
ERR: 非法操作:style

[ 2017-07-12T19:47:49+08:00 ] 127.0.0.1 /index.php/Home/PersonCenter/style/header.css
ERR: 非法操作:style

[ 2017-07-12T19:47:49+08:00 ] 127.0.0.1 /index.php/Home/PersonCenter/style/address.css
ERR: 非法操作:style

[ 2017-07-12T19:47:49+08:00 ] 127.0.0.1 /index.php/Home/PersonCenter/style/home.css
ERR: 非法操作:style

[ 2017-07-12T19:47:49+08:00 ] 127.0.0.1 /index.php/Home/PersonCenter/style/footer.css
ERR: 非法操作:style

[ 2017-07-12T19:47:49+08:00 ] 127.0.0.1 /index.php/Home/PersonCenter/js/jquery-1.8.3.min.js
ERR: 非法操作:js

[ 2017-07-12T19:47:49+08:00 ] 127.0.0.1 /index.php/Home/PersonCenter/js/header.js
ERR: 非法操作:js

[ 2017-07-12T19:47:49+08:00 ] 127.0.0.1 /index.php/Home/PersonCenter/js/home.js
ERR: 非法操作:js

[ 2017-07-12T19:47:49+08:00 ] 127.0.0.1 /index.php/Home/PersonCenter/style/global.css
ERR: 非法操作:style

[ 2017-07-12T19:47:49+08:00 ] 127.0.0.1 /index.php/Home/PersonCenter/style/header.css
ERR: 非法操作:style

[ 2017-07-12T19:47:49+08:00 ] 127.0.0.1 /index.php/Home/PersonCenter/style/home.css
ERR: 非法操作:style

[ 2017-07-12T19:47:49+08:00 ] 127.0.0.1 /index.php/Home/PersonCenter/style/address.css
ERR: 非法操作:style

[ 2017-07-12T19:47:50+08:00 ] 127.0.0.1 /index.php/Home/PersonCenter/style/bottomnav.css
ERR: 非法操作:style

[ 2017-07-12T19:47:50+08:00 ] 127.0.0.1 /index.php/Home/PersonCenter/style/base.css
ERR: 非法操作:style

[ 2017-07-12T19:47:50+08:00 ] 127.0.0.1 /index.php/Home/PersonCenter/js/header.js
ERR: 非法操作:js

[ 2017-07-12T19:47:50+08:00 ] 127.0.0.1 /index.php/Home/PersonCenter/js/home.js
ERR: 非法操作:js

[ 2017-07-12T19:49:30+08:00 ] 127.0.0.1 /index.php/Home/PersonCenter/style/home.css
ERR: 非法操作:style

[ 2017-07-12T19:49:30+08:00 ] 127.0.0.1 /index.php/Home/PersonCenter/style/address.css
ERR: 非法操作:style

[ 2017-07-12T19:49:30+08:00 ] 127.0.0.1 /index.php/Home/PersonCenter/js/home.js
ERR: 非法操作:js

[ 2017-07-12T19:49:30+08:00 ] 127.0.0.1 /index.php/Home/PersonCenter/style/home.css
ERR: 非法操作:style

[ 2017-07-12T19:49:30+08:00 ] 127.0.0.1 /index.php/Home/PersonCenter/style/address.css
ERR: 非法操作:style

[ 2017-07-12T19:50:40+08:00 ] 127.0.0.1 /index.php/Home/PersonCenter/style/address.css
ERR: 非法操作:style

[ 2017-07-12T19:50:40+08:00 ] 127.0.0.1 /index.php/Home/PersonCenter/style/home.css
ERR: 非法操作:style

[ 2017-07-12T19:50:40+08:00 ] 127.0.0.1 /index.php/Home/PersonCenter/js/home.js
ERR: 非法操作:js

[ 2017-07-12T19:50:40+08:00 ] 127.0.0.1 /index.php/Home/PersonCenter/style/address.css
ERR: 非法操作:style

[ 2017-07-12T19:51:35+08:00 ] 127.0.0.1 /index.php/Home/PersonCenter/style/address.css
ERR: 非法操作:style

[ 2017-07-12T19:51:35+08:00 ] 127.0.0.1 /index.php/Home/PersonCenter/style/home.css
ERR: 非法操作:style

[ 2017-07-12T19:51:35+08:00 ] 127.0.0.1 /index.php/Home/PersonCenter/js/home.js
ERR: 非法操作:js

[ 2017-07-12T19:51:54+08:00 ] 127.0.0.1 /index.php/Home/PersonCenter/style/home.css
ERR: 非法操作:style

[ 2017-07-12T19:51:54+08:00 ] 127.0.0.1 /index.php/Home/PersonCenter/js/home.js
ERR: 非法操作:js

[ 2017-07-12T19:51:54+08:00 ] 127.0.0.1 /index.php/Home/PersonCenter/style/address.css
ERR: 非法操作:style

[ 2017-07-12T19:51:54+08:00 ] 127.0.0.1 /index.php/Home/PersonCenter/style/address.css
ERR: 非法操作:style

[ 2017-07-12T19:51:54+08:00 ] 127.0.0.1 /index.php/Home/PersonCenter/style/home.css
ERR: 非法操作:style

[ 2017-07-12T19:51:54+08:00 ] 127.0.0.1 /index.php/Home/PersonCenter/js/home.js
ERR: 非法操作:js

