[ 2017-07-10T09:25:25+08:00 ] 127.0.0.1 /index.php/Home/Shop/addCart?goods_id=36
INFO: [ app_begin ] --START--
INFO: Run Behavior\ReadHtmlCacheBehavior [ RunTime:0.000460s ]
INFO: [ app_begin ] --END-- [ RunTime:0.000793s ]
SQL: SHOW COLUMNS FROM `sp_goods` [ RunTime:0.0120s ]
SQL: SELECT * FROM `sp_goods` WHERE `goods_id` = 36 LIMIT 1   [ RunTime:0.0008s ]
NOTIC: [8] A session had already been started - ignoring session_start() D:\wamp\xiangmu\tpshop\Application\Home\Common\Cart.class.php 第 23 行.

[ 2017-07-10T09:39:40+08:00 ] 127.0.0.1 /index.php/Home/Shop/index.php/Home/Shop/changeNumber
INFO: [ app_begin ] --START--
INFO: Run Behavior\ReadHtmlCacheBehavior [ RunTime:0.000606s ]
INFO: [ app_begin ] --END-- [ RunTime:0.001689s ]
ERR: 非法操作:index.php

[ 2017-07-10T09:40:42+08:00 ] 127.0.0.1 /index.php/Home/Shop/index.php/Home/Shop/changeNumber
INFO: [ app_begin ] --START--
INFO: Run Behavior\ReadHtmlCacheBehavior [ RunTime:0.000584s ]
INFO: [ app_begin ] --END-- [ RunTime:0.000985s ]
ERR: 非法操作:index.php

[ 2017-07-10T09:41:03+08:00 ] 127.0.0.1 /index.php/Home/Shop/index.php/Home/Shop/changeNumber
INFO: [ app_begin ] --START--
INFO: Run Behavior\ReadHtmlCacheBehavior [ RunTime:0.000540s ]
INFO: [ app_begin ] --END-- [ RunTime:0.000924s ]
ERR: 非法操作:index.php

[ 2017-07-10T09:41:03+08:00 ] 127.0.0.1 /index.php/Home/Shop/index.php/Home/Shop/changeNumber
INFO: [ app_begin ] --START--
INFO: Run Behavior\ReadHtmlCacheBehavior [ RunTime:0.000503s ]
INFO: [ app_begin ] --END-- [ RunTime:0.000875s ]
ERR: 非法操作:index.php

[ 2017-07-10T09:41:05+08:00 ] 127.0.0.1 /index.php/Home/Shop/index.php/Home/Shop/changeNumber
INFO: [ app_begin ] --START--
INFO: Run Behavior\ReadHtmlCacheBehavior [ RunTime:0.000488s ]
INFO: [ app_begin ] --END-- [ RunTime:0.000839s ]
ERR: 非法操作:index.php

[ 2017-07-10T09:41:06+08:00 ] 127.0.0.1 /index.php/Home/Shop/index.php/Home/Shop/changeNumber
INFO: [ app_begin ] --START--
INFO: Run Behavior\ReadHtmlCacheBehavior [ RunTime:0.000489s ]
INFO: [ app_begin ] --END-- [ RunTime:0.000871s ]
ERR: 非法操作:index.php

[ 2017-07-10T09:41:06+08:00 ] 127.0.0.1 /index.php/Home/Shop/index.php/Home/Shop/changeNumber
INFO: [ app_begin ] --START--
INFO: Run Behavior\ReadHtmlCacheBehavior [ RunTime:0.000462s ]
INFO: [ app_begin ] --END-- [ RunTime:0.000816s ]
ERR: 非法操作:index.php

[ 2017-07-10T09:41:06+08:00 ] 127.0.0.1 /index.php/Home/Shop/index.php/Home/Shop/changeNumber
INFO: [ app_begin ] --START--
INFO: Run Behavior\ReadHtmlCacheBehavior [ RunTime:0.000456s ]
INFO: [ app_begin ] --END-- [ RunTime:0.000774s ]
ERR: 非法操作:index.php

[ 2017-07-10T09:41:06+08:00 ] 127.0.0.1 /index.php/Home/Shop/index.php/Home/Shop/changeNumber
INFO: [ app_begin ] --START--
INFO: Run Behavior\ReadHtmlCacheBehavior [ RunTime:0.000488s ]
INFO: [ app_begin ] --END-- [ RunTime:0.000872s ]
ERR: 非法操作:index.php

[ 2017-07-10T09:41:07+08:00 ] 127.0.0.1 /index.php/Home/Shop/index.php/Home/Shop/changeNumber
INFO: [ app_begin ] --START--
INFO: Run Behavior\ReadHtmlCacheBehavior [ RunTime:0.000458s ]
INFO: [ app_begin ] --END-- [ RunTime:0.000790s ]
ERR: 非法操作:index.php

[ 2017-07-10T09:41:07+08:00 ] 127.0.0.1 /index.php/Home/Shop/index.php/Home/Shop/changeNumber
INFO: [ app_begin ] --START--
INFO: Run Behavior\ReadHtmlCacheBehavior [ RunTime:0.000516s ]
INFO: [ app_begin ] --END-- [ RunTime:0.000885s ]
ERR: 非法操作:index.php

[ 2017-07-10T09:41:11+08:00 ] 127.0.0.1 /index.php/Home/Shop/index.php/Home/Shop/changeNumber
INFO: [ app_begin ] --START--
INFO: Run Behavior\ReadHtmlCacheBehavior [ RunTime:0.000486s ]
INFO: [ app_begin ] --END-- [ RunTime:0.000838s ]
ERR: 非法操作:index.php

[ 2017-07-10T09:41:12+08:00 ] 127.0.0.1 /index.php/Home/Shop/index.php/Home/Shop/changeNumber
INFO: [ app_begin ] --START--
INFO: Run Behavior\ReadHtmlCacheBehavior [ RunTime:0.000474s ]
INFO: [ app_begin ] --END-- [ RunTime:0.000803s ]
ERR: 非法操作:index.php

[ 2017-07-10T09:41:12+08:00 ] 127.0.0.1 /index.php/Home/Shop/index.php/Home/Shop/changeNumber
INFO: [ app_begin ] --START--
INFO: Run Behavior\ReadHtmlCacheBehavior [ RunTime:0.000483s ]
INFO: [ app_begin ] --END-- [ RunTime:0.000874s ]
ERR: 非法操作:index.php

[ 2017-07-10T09:41:12+08:00 ] 127.0.0.1 /index.php/Home/Shop/index.php/Home/Shop/changeNumber
INFO: [ app_begin ] --START--
INFO: Run Behavior\ReadHtmlCacheBehavior [ RunTime:0.000522s ]
INFO: [ app_begin ] --END-- [ RunTime:0.000900s ]
ERR: 非法操作:index.php

[ 2017-07-10T09:41:12+08:00 ] 127.0.0.1 /index.php/Home/Shop/index.php/Home/Shop/changeNumber
INFO: [ app_begin ] --START--
INFO: Run Behavior\ReadHtmlCacheBehavior [ RunTime:0.000484s ]
INFO: [ app_begin ] --END-- [ RunTime:0.000851s ]
ERR: 非法操作:index.php

[ 2017-07-10T09:41:12+08:00 ] 127.0.0.1 /index.php/Home/Shop/index.php/Home/Shop/changeNumber
INFO: [ app_begin ] --START--
INFO: Run Behavior\ReadHtmlCacheBehavior [ RunTime:0.000487s ]
INFO: [ app_begin ] --END-- [ RunTime:0.000815s ]
ERR: 非法操作:index.php

[ 2017-07-10T09:41:18+08:00 ] 127.0.0.1 /index.php/Home/Shop/index.php/Home/Shop/changeNumber
INFO: [ app_begin ] --START--
INFO: Run Behavior\ReadHtmlCacheBehavior [ RunTime:0.000529s ]
INFO: [ app_begin ] --END-- [ RunTime:0.000887s ]
ERR: 非法操作:index.php

[ 2017-07-10T09:43:16+08:00 ] 127.0.0.1 /index.php/Home/Shop/changeNumber
INFO: [ app_begin ] --START--
INFO: Run Behavior\ReadHtmlCacheBehavior [ RunTime:0.000579s ]
INFO: [ app_begin ] --END-- [ RunTime:0.000973s ]
INFO: [ app_end ] --START--
INFO: Run Behavior\ShowPageTraceBehavior [ RunTime:0.000563s ]
INFO: [ app_end ] --END-- [ RunTime:0.000596s ]

[ 2017-07-10T09:43:30+08:00 ] 127.0.0.1 /index.php/Home/Shop/changeNumber
INFO: [ app_begin ] --START--
INFO: Run Behavior\ReadHtmlCacheBehavior [ RunTime:0.000500s ]
INFO: [ app_begin ] --END-- [ RunTime:0.000855s ]
INFO: [ app_end ] --START--
INFO: Run Behavior\ShowPageTraceBehavior [ RunTime:0.000504s ]
INFO: [ app_end ] --END-- [ RunTime:0.000538s ]

[ 2017-07-10T09:43:31+08:00 ] 127.0.0.1 /index.php/Home/Shop/changeNumber
INFO: [ app_begin ] --START--
INFO: Run Behavior\ReadHtmlCacheBehavior [ RunTime:0.000474s ]
INFO: [ app_begin ] --END-- [ RunTime:0.000807s ]
INFO: [ app_end ] --START--
INFO: Run Behavior\ShowPageTraceBehavior [ RunTime:0.000473s ]
INFO: [ app_end ] --END-- [ RunTime:0.000505s ]

[ 2017-07-10T09:48:47+08:00 ] 127.0.0.1 /index.php/Home/Shop/changeNumber
INFO: [ app_begin ] --START--
INFO: Run Behavior\ReadHtmlCacheBehavior [ RunTime:0.000459s ]
INFO: [ app_begin ] --END-- [ RunTime:0.000816s ]
NOTIC: [8] A session had already been started - ignoring session_start() D:\wamp\xiangmu\tpshop\Application\Home\Common\Cart.class.php 第 23 行.
INFO: [ app_end ] --START--
INFO: Run Behavior\ShowPageTraceBehavior [ RunTime:0.000465s ]
INFO: [ app_end ] --END-- [ RunTime:0.000496s ]

[ 2017-07-10T09:48:48+08:00 ] 127.0.0.1 /index.php/Home/Shop/changeNumber
INFO: [ app_begin ] --START--
INFO: Run Behavior\ReadHtmlCacheBehavior [ RunTime:0.000490s ]
INFO: [ app_begin ] --END-- [ RunTime:0.000912s ]
NOTIC: [8] A session had already been started - ignoring session_start() D:\wamp\xiangmu\tpshop\Application\Home\Common\Cart.class.php 第 23 行.
INFO: [ app_end ] --START--
INFO: Run Behavior\ShowPageTraceBehavior [ RunTime:0.000485s ]
INFO: [ app_end ] --END-- [ RunTime:0.000517s ]

[ 2017-07-10T09:48:49+08:00 ] 127.0.0.1 /index.php/Home/Shop/changeNumber
INFO: [ app_begin ] --START--
INFO: Run Behavior\ReadHtmlCacheBehavior [ RunTime:0.000488s ]
INFO: [ app_begin ] --END-- [ RunTime:0.000868s ]
NOTIC: [8] A session had already been started - ignoring session_start() D:\wamp\xiangmu\tpshop\Application\Home\Common\Cart.class.php 第 23 行.
INFO: [ app_end ] --START--
INFO: Run Behavior\ShowPageTraceBehavior [ RunTime:0.000487s ]
INFO: [ app_end ] --END-- [ RunTime:0.000518s ]

[ 2017-07-10T09:48:51+08:00 ] 127.0.0.1 /index.php/Home/Shop/changeNumber
INFO: [ app_begin ] --START--
INFO: Run Behavior\ReadHtmlCacheBehavior [ RunTime:0.000449s ]
INFO: [ app_begin ] --END-- [ RunTime:0.000800s ]
NOTIC: [8] A session had already been started - ignoring session_start() D:\wamp\xiangmu\tpshop\Application\Home\Common\Cart.class.php 第 23 行.
INFO: [ app_end ] --START--
INFO: Run Behavior\ShowPageTraceBehavior [ RunTime:0.000453s ]
INFO: [ app_end ] --END-- [ RunTime:0.000484s ]

[ 2017-07-10T09:48:51+08:00 ] 127.0.0.1 /index.php/Home/Shop/changeNumber
INFO: [ app_begin ] --START--
INFO: Run Behavior\ReadHtmlCacheBehavior [ RunTime:0.000475s ]
INFO: [ app_begin ] --END-- [ RunTime:0.000856s ]
NOTIC: [8] A session had already been started - ignoring session_start() D:\wamp\xiangmu\tpshop\Application\Home\Common\Cart.class.php 第 23 行.
INFO: [ app_end ] --START--
INFO: Run Behavior\ShowPageTraceBehavior [ RunTime:0.000520s ]
INFO: [ app_end ] --END-- [ RunTime:0.000559s ]

[ 2017-07-10T09:48:52+08:00 ] 127.0.0.1 /index.php/Home/Shop/changeNumber
INFO: [ app_begin ] --START--
INFO: Run Behavior\ReadHtmlCacheBehavior [ RunTime:0.000548s ]
INFO: [ app_begin ] --END-- [ RunTime:0.000932s ]
NOTIC: [8] A session had already been started - ignoring session_start() D:\wamp\xiangmu\tpshop\Application\Home\Common\Cart.class.php 第 23 行.
INFO: [ app_end ] --START--
INFO: Run Behavior\ShowPageTraceBehavior [ RunTime:0.000515s ]
INFO: [ app_end ] --END-- [ RunTime:0.000550s ]

[ 2017-07-10T09:48:55+08:00 ] 127.0.0.1 /index.php/Home/Shop/changeNumber
INFO: [ app_begin ] --START--
INFO: Run Behavior\ReadHtmlCacheBehavior [ RunTime:0.000469s ]
INFO: [ app_begin ] --END-- [ RunTime:0.000842s ]
NOTIC: [8] A session had already been started - ignoring session_start() D:\wamp\xiangmu\tpshop\Application\Home\Common\Cart.class.php 第 23 行.
INFO: [ app_end ] --START--
INFO: Run Behavior\ShowPageTraceBehavior [ RunTime:0.000457s ]
INFO: [ app_end ] --END-- [ RunTime:0.000488s ]

[ 2017-07-10T09:48:56+08:00 ] 127.0.0.1 /index.php/Home/Shop/changeNumber
INFO: [ app_begin ] --START--
INFO: Run Behavior\ReadHtmlCacheBehavior [ RunTime:0.000457s ]
INFO: [ app_begin ] --END-- [ RunTime:0.000814s ]
NOTIC: [8] A session had already been started - ignoring session_start() D:\wamp\xiangmu\tpshop\Application\Home\Common\Cart.class.php 第 23 行.
INFO: [ app_end ] --START--
INFO: Run Behavior\ShowPageTraceBehavior [ RunTime:0.000485s ]
INFO: [ app_end ] --END-- [ RunTime:0.000516s ]

[ 2017-07-10T09:49:05+08:00 ] 127.0.0.1 /index.php/Home/Shop/changeNumber
INFO: [ app_begin ] --START--
INFO: Run Behavior\ReadHtmlCacheBehavior [ RunTime:0.000524s ]
INFO: [ app_begin ] --END-- [ RunTime:0.000983s ]
NOTIC: [8] A session had already been started - ignoring session_start() D:\wamp\xiangmu\tpshop\Application\Home\Common\Cart.class.php 第 23 行.
INFO: [ app_end ] --START--
INFO: Run Behavior\ShowPageTraceBehavior [ RunTime:0.000558s ]
INFO: [ app_end ] --END-- [ RunTime:0.000596s ]

[ 2017-07-10T09:49:12+08:00 ] 127.0.0.1 /index.php/Home/Shop/changeNumber
INFO: [ app_begin ] --START--
INFO: Run Behavior\ReadHtmlCacheBehavior [ RunTime:0.000504s ]
INFO: [ app_begin ] --END-- [ RunTime:0.000895s ]
NOTIC: [8] A session had already been started - ignoring session_start() D:\wamp\xiangmu\tpshop\Application\Home\Common\Cart.class.php 第 23 行.
INFO: [ app_end ] --START--
INFO: Run Behavior\ShowPageTraceBehavior [ RunTime:0.000528s ]
INFO: [ app_end ] --END-- [ RunTime:0.000565s ]

[ 2017-07-10T09:50:24+08:00 ] 127.0.0.1 /index.php/Home/Shop/changeNumber
INFO: [ app_begin ] --START--
INFO: Run Behavior\ReadHtmlCacheBehavior [ RunTime:0.000559s ]
INFO: [ app_begin ] --END-- [ RunTime:0.000956s ]
NOTIC: [8] A session had already been started - ignoring session_start() D:\wamp\xiangmu\tpshop\Application\Home\Common\Cart.class.php 第 23 行.
INFO: [ app_end ] --START--
INFO: Run Behavior\ShowPageTraceBehavior [ RunTime:0.000462s ]
INFO: [ app_end ] --END-- [ RunTime:0.000495s ]

[ 2017-07-10T09:51:17+08:00 ] 127.0.0.1 /index.php/Home/Shop/changeNumber
INFO: [ app_begin ] --START--
INFO: Run Behavior\ReadHtmlCacheBehavior [ RunTime:0.000609s ]
INFO: [ app_begin ] --END-- [ RunTime:0.000995s ]
NOTIC: [8] A session had already been started - ignoring session_start() D:\wamp\xiangmu\tpshop\Application\Home\Common\Cart.class.php 第 23 行.
INFO: [ app_end ] --START--
INFO: Run Behavior\ShowPageTraceBehavior [ RunTime:0.000514s ]
INFO: [ app_end ] --END-- [ RunTime:0.000546s ]

[ 2017-07-10T09:51:47+08:00 ] 127.0.0.1 /index.php/Home/Shop/changeNumber
INFO: [ app_begin ] --START--
INFO: Run Behavior\ReadHtmlCacheBehavior [ RunTime:0.000517s ]
INFO: [ app_begin ] --END-- [ RunTime:0.000960s ]
NOTIC: [8] A session had already been started - ignoring session_start() D:\wamp\xiangmu\tpshop\Application\Home\Common\Cart.class.php 第 23 行.
INFO: [ app_end ] --START--
INFO: Run Behavior\ShowPageTraceBehavior [ RunTime:0.000591s ]
INFO: [ app_end ] --END-- [ RunTime:0.000629s ]

[ 2017-07-10T09:52:37+08:00 ] 127.0.0.1 /index.php/Home/Shop/changeNumber
INFO: [ app_begin ] --START--
INFO: Run Behavior\ReadHtmlCacheBehavior [ RunTime:0.000492s ]
INFO: [ app_begin ] --END-- [ RunTime:0.000878s ]
NOTIC: [8] A session had already been started - ignoring session_start() D:\wamp\xiangmu\tpshop\Application\Home\Common\Cart.class.php 第 23 行.
INFO: [ app_end ] --START--
INFO: Run Behavior\ShowPageTraceBehavior [ RunTime:0.000492s ]
INFO: [ app_end ] --END-- [ RunTime:0.000523s ]

[ 2017-07-10T09:52:37+08:00 ] 127.0.0.1 /index.php/Home/Shop/changeNumber
INFO: [ app_begin ] --START--
INFO: Run Behavior\ReadHtmlCacheBehavior [ RunTime:0.000438s ]
INFO: [ app_begin ] --END-- [ RunTime:0.000776s ]
NOTIC: [8] A session had already been started - ignoring session_start() D:\wamp\xiangmu\tpshop\Application\Home\Common\Cart.class.php 第 23 行.
INFO: [ app_end ] --START--
INFO: Run Behavior\ShowPageTraceBehavior [ RunTime:0.000441s ]
INFO: [ app_end ] --END-- [ RunTime:0.000473s ]

[ 2017-07-10T09:52:38+08:00 ] 127.0.0.1 /index.php/Home/Shop/changeNumber
INFO: [ app_begin ] --START--
INFO: Run Behavior\ReadHtmlCacheBehavior [ RunTime:0.000489s ]
INFO: [ app_begin ] --END-- [ RunTime:0.000869s ]
NOTIC: [8] A session had already been started - ignoring session_start() D:\wamp\xiangmu\tpshop\Application\Home\Common\Cart.class.php 第 23 行.
INFO: [ app_end ] --START--
INFO: Run Behavior\ShowPageTraceBehavior [ RunTime:0.000487s ]
INFO: [ app_end ] --END-- [ RunTime:0.000518s ]

[ 2017-07-10T09:52:38+08:00 ] 127.0.0.1 /index.php/Home/Shop/changeNumber
INFO: [ app_begin ] --START--
INFO: Run Behavior\ReadHtmlCacheBehavior [ RunTime:0.000522s ]
INFO: [ app_begin ] --END-- [ RunTime:0.000983s ]
NOTIC: [8] A session had already been started - ignoring session_start() D:\wamp\xiangmu\tpshop\Application\Home\Common\Cart.class.php 第 23 行.
INFO: [ app_end ] --START--
INFO: Run Behavior\ShowPageTraceBehavior [ RunTime:0.000486s ]
INFO: [ app_end ] --END-- [ RunTime:0.000517s ]

[ 2017-07-10T09:52:39+08:00 ] 127.0.0.1 /index.php/Home/Shop/changeNumber
INFO: [ app_begin ] --START--
INFO: Run Behavior\ReadHtmlCacheBehavior [ RunTime:0.000482s ]
INFO: [ app_begin ] --END-- [ RunTime:0.000866s ]
NOTIC: [8] A session had already been started - ignoring session_start() D:\wamp\xiangmu\tpshop\Application\Home\Common\Cart.class.php 第 23 行.
INFO: [ app_end ] --START--
INFO: Run Behavior\ShowPageTraceBehavior [ RunTime:0.000490s ]
INFO: [ app_end ] --END-- [ RunTime:0.000521s ]

[ 2017-07-10T09:52:39+08:00 ] 127.0.0.1 /index.php/Home/Shop/changeNumber
INFO: [ app_begin ] --START--
INFO: Run Behavior\ReadHtmlCacheBehavior [ RunTime:0.000504s ]
INFO: [ app_begin ] --END-- [ RunTime:0.000889s ]
NOTIC: [8] A session had already been started - ignoring session_start() D:\wamp\xiangmu\tpshop\Application\Home\Common\Cart.class.php 第 23 行.
INFO: [ app_end ] --START--
INFO: Run Behavior\ShowPageTraceBehavior [ RunTime:0.000489s ]
INFO: [ app_end ] --END-- [ RunTime:0.000521s ]

[ 2017-07-10T09:52:39+08:00 ] 127.0.0.1 /index.php/Home/Shop/changeNumber
INFO: [ app_begin ] --START--
INFO: Run Behavior\ReadHtmlCacheBehavior [ RunTime:0.000478s ]
INFO: [ app_begin ] --END-- [ RunTime:0.000853s ]
NOTIC: [8] A session had already been started - ignoring session_start() D:\wamp\xiangmu\tpshop\Application\Home\Common\Cart.class.php 第 23 行.
INFO: [ app_end ] --START--
INFO: Run Behavior\ShowPageTraceBehavior [ RunTime:0.000479s ]
INFO: [ app_end ] --END-- [ RunTime:0.000511s ]

[ 2017-07-10T09:52:39+08:00 ] 127.0.0.1 /index.php/Home/Shop/changeNumber
INFO: [ app_begin ] --START--
INFO: Run Behavior\ReadHtmlCacheBehavior [ RunTime:0.000489s ]
INFO: [ app_begin ] --END-- [ RunTime:0.000882s ]
NOTIC: [8] A session had already been started - ignoring session_start() D:\wamp\xiangmu\tpshop\Application\Home\Common\Cart.class.php 第 23 行.
INFO: [ app_end ] --START--
INFO: Run Behavior\ShowPageTraceBehavior [ RunTime:0.000488s ]
INFO: [ app_end ] --END-- [ RunTime:0.000519s ]

[ 2017-07-10T09:52:39+08:00 ] 127.0.0.1 /index.php/Home/Shop/changeNumber
INFO: [ app_begin ] --START--
INFO: Run Behavior\ReadHtmlCacheBehavior [ RunTime:0.000485s ]
INFO: [ app_begin ] --END-- [ RunTime:0.000868s ]
NOTIC: [8] A session had already been started - ignoring session_start() D:\wamp\xiangmu\tpshop\Application\Home\Common\Cart.class.php 第 23 行.
INFO: [ app_end ] --START--
INFO: Run Behavior\ShowPageTraceBehavior [ RunTime:0.000490s ]
INFO: [ app_end ] --END-- [ RunTime:0.000520s ]

[ 2017-07-10T09:52:39+08:00 ] 127.0.0.1 /index.php/Home/Shop/changeNumber
INFO: [ app_begin ] --START--
INFO: Run Behavior\ReadHtmlCacheBehavior [ RunTime:0.000521s ]
INFO: [ app_begin ] --END-- [ RunTime:0.000947s ]
NOTIC: [8] A session had already been started - ignoring session_start() D:\wamp\xiangmu\tpshop\Application\Home\Common\Cart.class.php 第 23 行.
INFO: [ app_end ] --START--
INFO: Run Behavior\ShowPageTraceBehavior [ RunTime:0.000529s ]
INFO: [ app_end ] --END-- [ RunTime:0.000562s ]

[ 2017-07-10T09:52:40+08:00 ] 127.0.0.1 /index.php/Home/Shop/changeNumber
INFO: [ app_begin ] --START--
INFO: Run Behavior\ReadHtmlCacheBehavior [ RunTime:0.000589s ]
INFO: [ app_begin ] --END-- [ RunTime:0.001359s ]
NOTIC: [8] A session had already been started - ignoring session_start() D:\wamp\xiangmu\tpshop\Application\Home\Common\Cart.class.php 第 23 行.
INFO: [ app_end ] --START--
INFO: Run Behavior\ShowPageTraceBehavior [ RunTime:0.000498s ]
INFO: [ app_end ] --END-- [ RunTime:0.000531s ]

[ 2017-07-10T09:52:40+08:00 ] 127.0.0.1 /index.php/Home/Shop/changeNumber
INFO: [ app_begin ] --START--
INFO: Run Behavior\ReadHtmlCacheBehavior [ RunTime:0.000440s ]
INFO: [ app_begin ] --END-- [ RunTime:0.000785s ]
NOTIC: [8] A session had already been started - ignoring session_start() D:\wamp\xiangmu\tpshop\Application\Home\Common\Cart.class.php 第 23 行.
INFO: [ app_end ] --START--
INFO: Run Behavior\ShowPageTraceBehavior [ RunTime:0.000488s ]
INFO: [ app_end ] --END-- [ RunTime:0.000519s ]

[ 2017-07-10T09:52:40+08:00 ] 127.0.0.1 /index.php/Home/Shop/changeNumber
INFO: [ app_begin ] --START--
INFO: Run Behavior\ReadHtmlCacheBehavior [ RunTime:0.000456s ]
INFO: [ app_begin ] --END-- [ RunTime:0.000809s ]
NOTIC: [8] A session had already been started - ignoring session_start() D:\wamp\xiangmu\tpshop\Application\Home\Common\Cart.class.php 第 23 行.
INFO: [ app_end ] --START--
INFO: Run Behavior\ShowPageTraceBehavior [ RunTime:0.000498s ]
INFO: [ app_end ] --END-- [ RunTime:0.000533s ]

[ 2017-07-10T09:52:40+08:00 ] 127.0.0.1 /index.php/Home/Shop/changeNumber
INFO: [ app_begin ] --START--
INFO: Run Behavior\ReadHtmlCacheBehavior [ RunTime:0.000456s ]
INFO: [ app_begin ] --END-- [ RunTime:0.000806s ]
NOTIC: [8] A session had already been started - ignoring session_start() D:\wamp\xiangmu\tpshop\Application\Home\Common\Cart.class.php 第 23 行.
INFO: [ app_end ] --START--
INFO: Run Behavior\ShowPageTraceBehavior [ RunTime:0.000463s ]
INFO: [ app_end ] --END-- [ RunTime:0.000494s ]

[ 2017-07-10T09:52:40+08:00 ] 127.0.0.1 /index.php/Home/Shop/changeNumber
INFO: [ app_begin ] --START--
INFO: Run Behavior\ReadHtmlCacheBehavior [ RunTime:0.000520s ]
INFO: [ app_begin ] --END-- [ RunTime:0.000908s ]
NOTIC: [8] A session had already been started - ignoring session_start() D:\wamp\xiangmu\tpshop\Application\Home\Common\Cart.class.php 第 23 行.
INFO: [ app_end ] --START--
INFO: Run Behavior\ShowPageTraceBehavior [ RunTime:0.000499s ]
INFO: [ app_end ] --END-- [ RunTime:0.000530s ]

[ 2017-07-10T09:52:41+08:00 ] 127.0.0.1 /index.php/Home/Shop/changeNumber
INFO: [ app_begin ] --START--
INFO: Run Behavior\ReadHtmlCacheBehavior [ RunTime:0.000474s ]
INFO: [ app_begin ] --END-- [ RunTime:0.000862s ]
NOTIC: [8] A session had already been started - ignoring session_start() D:\wamp\xiangmu\tpshop\Application\Home\Common\Cart.class.php 第 23 行.
INFO: [ app_end ] --START--
INFO: Run Behavior\ShowPageTraceBehavior [ RunTime:0.000461s ]
INFO: [ app_end ] --END-- [ RunTime:0.000494s ]

[ 2017-07-10T09:52:41+08:00 ] 127.0.0.1 /index.php/Home/Shop/changeNumber
INFO: [ app_begin ] --START--
INFO: Run Behavior\ReadHtmlCacheBehavior [ RunTime:0.000523s ]
INFO: [ app_begin ] --END-- [ RunTime:0.000917s ]
NOTIC: [8] A session had already been started - ignoring session_start() D:\wamp\xiangmu\tpshop\Application\Home\Common\Cart.class.php 第 23 行.
INFO: [ app_end ] --START--
INFO: Run Behavior\ShowPageTraceBehavior [ RunTime:0.000590s ]
INFO: [ app_end ] --END-- [ RunTime:0.000627s ]

[ 2017-07-10T09:52:41+08:00 ] 127.0.0.1 /index.php/Home/Shop/changeNumber
INFO: [ app_begin ] --START--
INFO: Run Behavior\ReadHtmlCacheBehavior [ RunTime:0.000464s ]
INFO: [ app_begin ] --END-- [ RunTime:0.000824s ]
NOTIC: [8] A session had already been started - ignoring session_start() D:\wamp\xiangmu\tpshop\Application\Home\Common\Cart.class.php 第 23 行.
INFO: [ app_end ] --START--
INFO: Run Behavior\ShowPageTraceBehavior [ RunTime:0.000462s ]
INFO: [ app_end ] --END-- [ RunTime:0.000495s ]

[ 2017-07-10T09:52:41+08:00 ] 127.0.0.1 /index.php/Home/Shop/changeNumber
INFO: [ app_begin ] --START--
INFO: Run Behavior\ReadHtmlCacheBehavior [ RunTime:0.000438s ]
INFO: [ app_begin ] --END-- [ RunTime:0.000774s ]
NOTIC: [8] A session had already been started - ignoring session_start() D:\wamp\xiangmu\tpshop\Application\Home\Common\Cart.class.php 第 23 行.
INFO: [ app_end ] --START--
INFO: Run Behavior\ShowPageTraceBehavior [ RunTime:0.000444s ]
INFO: [ app_end ] --END-- [ RunTime:0.000475s ]

[ 2017-07-10T09:52:41+08:00 ] 127.0.0.1 /index.php/Home/Shop/changeNumber
INFO: [ app_begin ] --START--
INFO: Run Behavior\ReadHtmlCacheBehavior [ RunTime:0.000505s ]
INFO: [ app_begin ] --END-- [ RunTime:0.000909s ]
NOTIC: [8] A session had already been started - ignoring session_start() D:\wamp\xiangmu\tpshop\Application\Home\Common\Cart.class.php 第 23 行.
INFO: [ app_end ] --START--
INFO: Run Behavior\ShowPageTraceBehavior [ RunTime:0.000489s ]
INFO: [ app_end ] --END-- [ RunTime:0.000521s ]

[ 2017-07-10T09:52:45+08:00 ] 127.0.0.1 /index.php/Home/Shop/changeNumber
INFO: [ app_begin ] --START--
INFO: Run Behavior\ReadHtmlCacheBehavior [ RunTime:0.000477s ]
INFO: [ app_begin ] --END-- [ RunTime:0.000850s ]
NOTIC: [8] A session had already been started - ignoring session_start() D:\wamp\xiangmu\tpshop\Application\Home\Common\Cart.class.php 第 23 行.
INFO: [ app_end ] --START--
INFO: Run Behavior\ShowPageTraceBehavior [ RunTime:0.000484s ]
INFO: [ app_end ] --END-- [ RunTime:0.000515s ]

[ 2017-07-10T09:52:45+08:00 ] 127.0.0.1 /index.php/Home/Shop/changeNumber
INFO: [ app_begin ] --START--
INFO: Run Behavior\ReadHtmlCacheBehavior [ RunTime:0.000491s ]
INFO: [ app_begin ] --END-- [ RunTime:0.000873s ]
NOTIC: [8] A session had already been started - ignoring session_start() D:\wamp\xiangmu\tpshop\Application\Home\Common\Cart.class.php 第 23 行.
INFO: [ app_end ] --START--
INFO: Run Behavior\ShowPageTraceBehavior [ RunTime:0.000459s ]
INFO: [ app_end ] --END-- [ RunTime:0.000490s ]

[ 2017-07-10T09:52:45+08:00 ] 127.0.0.1 /index.php/Home/Shop/changeNumber
INFO: [ app_begin ] --START--
INFO: Run Behavior\ReadHtmlCacheBehavior [ RunTime:0.000460s ]
INFO: [ app_begin ] --END-- [ RunTime:0.000821s ]
NOTIC: [8] A session had already been started - ignoring session_start() D:\wamp\xiangmu\tpshop\Application\Home\Common\Cart.class.php 第 23 行.
INFO: [ app_end ] --START--
INFO: Run Behavior\ShowPageTraceBehavior [ RunTime:0.000461s ]
INFO: [ app_end ] --END-- [ RunTime:0.000493s ]

[ 2017-07-10T09:52:45+08:00 ] 127.0.0.1 /index.php/Home/Shop/changeNumber
INFO: [ app_begin ] --START--
INFO: Run Behavior\ReadHtmlCacheBehavior [ RunTime:0.000479s ]
INFO: [ app_begin ] --END-- [ RunTime:0.000856s ]
NOTIC: [8] A session had already been started - ignoring session_start() D:\wamp\xiangmu\tpshop\Application\Home\Common\Cart.class.php 第 23 行.
INFO: [ app_end ] --START--
INFO: Run Behavior\ShowPageTraceBehavior [ RunTime:0.000492s ]
INFO: [ app_end ] --END-- [ RunTime:0.000523s ]

[ 2017-07-10T09:52:45+08:00 ] 127.0.0.1 /index.php/Home/Shop/changeNumber
INFO: [ app_begin ] --START--
INFO: Run Behavior\ReadHtmlCacheBehavior [ RunTime:0.000516s ]
INFO: [ app_begin ] --END-- [ RunTime:0.000960s ]
NOTIC: [8] A session had already been started - ignoring session_start() D:\wamp\xiangmu\tpshop\Application\Home\Common\Cart.class.php 第 23 行.
INFO: [ app_end ] --START--
INFO: Run Behavior\ShowPageTraceBehavior [ RunTime:0.000518s ]
INFO: [ app_end ] --END-- [ RunTime:0.000549s ]

[ 2017-07-10T09:52:46+08:00 ] 127.0.0.1 /index.php/Home/Shop/changeNumber
INFO: [ app_begin ] --START--
INFO: Run Behavior\ReadHtmlCacheBehavior [ RunTime:0.000449s ]
INFO: [ app_begin ] --END-- [ RunTime:0.000786s ]
NOTIC: [8] A session had already been started - ignoring session_start() D:\wamp\xiangmu\tpshop\Application\Home\Common\Cart.class.php 第 23 行.
INFO: [ app_end ] --START--
INFO: Run Behavior\ShowPageTraceBehavior [ RunTime:0.000440s ]
INFO: [ app_end ] --END-- [ RunTime:0.000473s ]

[ 2017-07-10T09:52:46+08:00 ] 127.0.0.1 /index.php/Home/Shop/changeNumber
INFO: [ app_begin ] --START--
INFO: Run Behavior\ReadHtmlCacheBehavior [ RunTime:0.000569s ]
INFO: [ app_begin ] --END-- [ RunTime:0.001010s ]
NOTIC: [8] A session had already been started - ignoring session_start() D:\wamp\xiangmu\tpshop\Application\Home\Common\Cart.class.php 第 23 行.
INFO: [ app_end ] --START--
INFO: Run Behavior\ShowPageTraceBehavior [ RunTime:0.000553s ]
INFO: [ app_end ] --END-- [ RunTime:0.000586s ]

[ 2017-07-10T09:53:47+08:00 ] 127.0.0.1 /index.php/Home/Shop/changeNumber
INFO: [ app_begin ] --START--
INFO: Run Behavior\ReadHtmlCacheBehavior [ RunTime:0.000482s ]
INFO: [ app_begin ] --END-- [ RunTime:0.000882s ]
NOTIC: [8] A session had already been started - ignoring session_start() D:\wamp\xiangmu\tpshop\Application\Home\Common\Cart.class.php 第 23 行.
INFO: [ app_end ] --START--
INFO: Run Behavior\ShowPageTraceBehavior [ RunTime:0.000486s ]
INFO: [ app_end ] --END-- [ RunTime:0.000517s ]

[ 2017-07-10T09:53:52+08:00 ] 127.0.0.1 /index.php/Home/Shop/changeNumber
INFO: [ app_begin ] --START--
INFO: Run Behavior\ReadHtmlCacheBehavior [ RunTime:0.000482s ]
INFO: [ app_begin ] --END-- [ RunTime:0.000857s ]
NOTIC: [8] A session had already been started - ignoring session_start() D:\wamp\xiangmu\tpshop\Application\Home\Common\Cart.class.php 第 23 行.
INFO: [ app_end ] --START--
INFO: Run Behavior\ShowPageTraceBehavior [ RunTime:0.000635s ]
INFO: [ app_end ] --END-- [ RunTime:0.000674s ]

[ 2017-07-10T09:53:52+08:00 ] 127.0.0.1 /index.php/Home/Shop/changeNumber
INFO: [ app_begin ] --START--
INFO: Run Behavior\ReadHtmlCacheBehavior [ RunTime:0.000516s ]
INFO: [ app_begin ] --END-- [ RunTime:0.000902s ]
NOTIC: [8] A session had already been started - ignoring session_start() D:\wamp\xiangmu\tpshop\Application\Home\Common\Cart.class.php 第 23 行.
INFO: [ app_end ] --START--
INFO: Run Behavior\ShowPageTraceBehavior [ RunTime:0.000490s ]
INFO: [ app_end ] --END-- [ RunTime:0.000521s ]

[ 2017-07-10T09:53:53+08:00 ] 127.0.0.1 /index.php/Home/Shop/changeNumber
INFO: [ app_begin ] --START--
INFO: Run Behavior\ReadHtmlCacheBehavior [ RunTime:0.000464s ]
INFO: [ app_begin ] --END-- [ RunTime:0.000828s ]
NOTIC: [8] A session had already been started - ignoring session_start() D:\wamp\xiangmu\tpshop\Application\Home\Common\Cart.class.php 第 23 行.
INFO: [ app_end ] --START--
INFO: Run Behavior\ShowPageTraceBehavior [ RunTime:0.000467s ]
INFO: [ app_end ] --END-- [ RunTime:0.000498s ]

[ 2017-07-10T09:53:53+08:00 ] 127.0.0.1 /index.php/Home/Shop/changeNumber
INFO: [ app_begin ] --START--
INFO: Run Behavior\ReadHtmlCacheBehavior [ RunTime:0.000485s ]
INFO: [ app_begin ] --END-- [ RunTime:0.000867s ]
NOTIC: [8] A session had already been started - ignoring session_start() D:\wamp\xiangmu\tpshop\Application\Home\Common\Cart.class.php 第 23 行.
INFO: [ app_end ] --START--
INFO: Run Behavior\ShowPageTraceBehavior [ RunTime:0.000503s ]
INFO: [ app_end ] --END-- [ RunTime:0.000534s ]

[ 2017-07-10T09:53:53+08:00 ] 127.0.0.1 /index.php/Home/Shop/changeNumber
INFO: [ app_begin ] --START--
INFO: Run Behavior\ReadHtmlCacheBehavior [ RunTime:0.000486s ]
INFO: [ app_begin ] --END-- [ RunTime:0.000893s ]
NOTIC: [8] A session had already been started - ignoring session_start() D:\wamp\xiangmu\tpshop\Application\Home\Common\Cart.class.php 第 23 行.
INFO: [ app_end ] --START--
INFO: Run Behavior\ShowPageTraceBehavior [ RunTime:0.000485s ]
INFO: [ app_end ] --END-- [ RunTime:0.000516s ]

[ 2017-07-10T09:53:53+08:00 ] 127.0.0.1 /index.php/Home/Shop/changeNumber
INFO: [ app_begin ] --START--
INFO: Run Behavior\ReadHtmlCacheBehavior [ RunTime:0.000481s ]
INFO: [ app_begin ] --END-- [ RunTime:0.000858s ]
NOTIC: [8] A session had already been started - ignoring session_start() D:\wamp\xiangmu\tpshop\Application\Home\Common\Cart.class.php 第 23 行.
INFO: [ app_end ] --START--
INFO: Run Behavior\ShowPageTraceBehavior [ RunTime:0.000485s ]
INFO: [ app_end ] --END-- [ RunTime:0.000516s ]

[ 2017-07-10T09:53:53+08:00 ] 127.0.0.1 /index.php/Home/Shop/changeNumber
INFO: [ app_begin ] --START--
INFO: Run Behavior\ReadHtmlCacheBehavior [ RunTime:0.000497s ]
INFO: [ app_begin ] --END-- [ RunTime:0.000889s ]
NOTIC: [8] A session had already been started - ignoring session_start() D:\wamp\xiangmu\tpshop\Application\Home\Common\Cart.class.php 第 23 行.
INFO: [ app_end ] --START--
INFO: Run Behavior\ShowPageTraceBehavior [ RunTime:0.000489s ]
INFO: [ app_end ] --END-- [ RunTime:0.000520s ]

[ 2017-07-10T09:53:54+08:00 ] 127.0.0.1 /index.php/Home/Shop/changeNumber
INFO: [ app_begin ] --START--
INFO: Run Behavior\ReadHtmlCacheBehavior [ RunTime:0.000485s ]
INFO: [ app_begin ] --END-- [ RunTime:0.000865s ]
NOTIC: [8] A session had already been started - ignoring session_start() D:\wamp\xiangmu\tpshop\Application\Home\Common\Cart.class.php 第 23 行.
INFO: [ app_end ] --START--
INFO: Run Behavior\ShowPageTraceBehavior [ RunTime:0.000487s ]
INFO: [ app_end ] --END-- [ RunTime:0.000519s ]

[ 2017-07-10T09:53:55+08:00 ] 127.0.0.1 /index.php/Home/Shop/changeNumber
INFO: [ app_begin ] --START--
INFO: Run Behavior\ReadHtmlCacheBehavior [ RunTime:0.000484s ]
INFO: [ app_begin ] --END-- [ RunTime:0.000864s ]
NOTIC: [8] A session had already been started - ignoring session_start() D:\wamp\xiangmu\tpshop\Application\Home\Common\Cart.class.php 第 23 行.
INFO: [ app_end ] --START--
INFO: Run Behavior\ShowPageTraceBehavior [ RunTime:0.000590s ]
INFO: [ app_end ] --END-- [ RunTime:0.000630s ]

[ 2017-07-10T09:53:56+08:00 ] 127.0.0.1 /index.php/Home/Shop/changeNumber
INFO: [ app_begin ] --START--
INFO: Run Behavior\ReadHtmlCacheBehavior [ RunTime:0.000493s ]
INFO: [ app_begin ] --END-- [ RunTime:0.000882s ]
NOTIC: [8] A session had already been started - ignoring session_start() D:\wamp\xiangmu\tpshop\Application\Home\Common\Cart.class.php 第 23 行.
INFO: [ app_end ] --START--
INFO: Run Behavior\ShowPageTraceBehavior [ RunTime:0.000486s ]
INFO: [ app_end ] --END-- [ RunTime:0.000517s ]

[ 2017-07-10T09:54:13+08:00 ] 127.0.0.1 /index.php/Home/Shop/addCart?goods_id=35
INFO: [ app_begin ] --START--
INFO: Run Behavior\ReadHtmlCacheBehavior [ RunTime:0.000513s ]
INFO: [ app_begin ] --END-- [ RunTime:0.000876s ]
SQL: SHOW COLUMNS FROM `sp_goods` [ RunTime:0.0077s ]
SQL: SELECT * FROM `sp_goods` WHERE `goods_id` = 35 LIMIT 1   [ RunTime:0.0005s ]
NOTIC: [8] A session had already been started - ignoring session_start() D:\wamp\xiangmu\tpshop\Application\Home\Common\Cart.class.php 第 23 行.

[ 2017-07-10T09:54:20+08:00 ] 127.0.0.1 /index.php/Home/Shop/changeNumber
INFO: [ app_begin ] --START--
INFO: Run Behavior\ReadHtmlCacheBehavior [ RunTime:0.000556s ]
INFO: [ app_begin ] --END-- [ RunTime:0.001002s ]
NOTIC: [8] A session had already been started - ignoring session_start() D:\wamp\xiangmu\tpshop\Application\Home\Common\Cart.class.php 第 23 行.
INFO: [ app_end ] --START--
INFO: Run Behavior\ShowPageTraceBehavior [ RunTime:0.000500s ]
INFO: [ app_end ] --END-- [ RunTime:0.000531s ]

[ 2017-07-10T09:54:22+08:00 ] 127.0.0.1 /index.php/Home/Shop/changeNumber
INFO: [ app_begin ] --START--
INFO: Run Behavior\ReadHtmlCacheBehavior [ RunTime:0.000568s ]
INFO: [ app_begin ] --END-- [ RunTime:0.001027s ]
NOTIC: [8] A session had already been started - ignoring session_start() D:\wamp\xiangmu\tpshop\Application\Home\Common\Cart.class.php 第 23 行.
INFO: [ app_end ] --START--
INFO: Run Behavior\ShowPageTraceBehavior [ RunTime:0.000540s ]
INFO: [ app_end ] --END-- [ RunTime:0.000575s ]

[ 2017-07-10T10:07:53+08:00 ] 127.0.0.1 /index.php/Home/Shop/delGoods?goods_id=35
INFO: [ app_begin ] --START--
INFO: Run Behavior\ReadHtmlCacheBehavior [ RunTime:0.000568s ]
INFO: [ app_begin ] --END-- [ RunTime:0.000950s ]
NOTIC: [8] A session had already been started - ignoring session_start() D:\wamp\xiangmu\tpshop\Application\Home\Common\Cart.class.php 第 23 行.

[ 2017-07-10T10:08:18+08:00 ] 127.0.0.1 /index.php/Home/Shop/delGoods?goods_id=35
INFO: [ app_begin ] --START--
INFO: Run Behavior\ReadHtmlCacheBehavior [ RunTime:0.000488s ]
INFO: [ app_begin ] --END-- [ RunTime:0.000829s ]
NOTIC: [8] A session had already been started - ignoring session_start() D:\wamp\xiangmu\tpshop\Application\Home\Common\Cart.class.php 第 23 行.

[ 2017-07-10T10:09:30+08:00 ] 127.0.0.1 /index.php/Home/Shop/delGoods?goods_id=36
INFO: [ app_begin ] --START--
INFO: Run Behavior\ReadHtmlCacheBehavior [ RunTime:0.000981s ]
INFO: [ app_begin ] --END-- [ RunTime:0.001386s ]
NOTIC: [8] A session had already been started - ignoring session_start() D:\wamp\xiangmu\tpshop\Application\Home\Common\Cart.class.php 第 23 行.
INFO: [ app_end ] --START--
INFO: Run Behavior\ShowPageTraceBehavior [ RunTime:0.000494s ]
INFO: [ app_end ] --END-- [ RunTime:0.000532s ]

[ 2017-07-10T10:10:23+08:00 ] 127.0.0.1 /index.php/Home/Shop/addCart?goods_id=36
INFO: [ app_begin ] --START--
INFO: Run Behavior\ReadHtmlCacheBehavior [ RunTime:0.000555s ]
INFO: [ app_begin ] --END-- [ RunTime:0.001079s ]
SQL: SHOW COLUMNS FROM `sp_goods` [ RunTime:0.0129s ]
SQL: SELECT * FROM `sp_goods` WHERE `goods_id` = 36 LIMIT 1   [ RunTime:0.0009s ]
NOTIC: [8] A session had already been started - ignoring session_start() D:\wamp\xiangmu\tpshop\Application\Home\Common\Cart.class.php 第 23 行.

[ 2017-07-10T10:12:46+08:00 ] 127.0.0.1 /index.php/Home/Shop/addCart?goods_id=35
INFO: [ app_begin ] --START--
INFO: Run Behavior\ReadHtmlCacheBehavior [ RunTime:0.000530s ]
INFO: [ app_begin ] --END-- [ RunTime:0.001008s ]
SQL: SHOW COLUMNS FROM `sp_goods` [ RunTime:0.0132s ]
SQL: SELECT * FROM `sp_goods` WHERE `goods_id` = 35 LIMIT 1   [ RunTime:0.0009s ]
NOTIC: [8] A session had already been started - ignoring session_start() D:\wamp\xiangmu\tpshop\Application\Home\Common\Cart.class.php 第 23 行.

[ 2017-07-10T10:19:05+08:00 ] 127.0.0.1 /index.php/Home/Shop/style/base.css
ERR: 非法操作:style

[ 2017-07-10T10:19:05+08:00 ] 127.0.0.1 /index.php/Home/Shop/style/header.css
ERR: 非法操作:style

[ 2017-07-10T10:19:05+08:00 ] 127.0.0.1 /index.php/Home/Shop/style/global.css
ERR: 非法操作:style

[ 2017-07-10T10:19:05+08:00 ] 127.0.0.1 /index.php/Home/Shop/style/fillin.css
ERR: 非法操作:style

[ 2017-07-10T10:19:05+08:00 ] 127.0.0.1 /index.php/Home/Shop/js/jquery-1.8.3.min.js
ERR: 非法操作:js

[ 2017-07-10T10:19:05+08:00 ] 127.0.0.1 /index.php/Home/Shop/style/footer.css
ERR: 非法操作:style

[ 2017-07-10T10:19:05+08:00 ] 127.0.0.1 /index.php/Home/Shop/js/cart2.js
ERR: 非法操作:js

[ 2017-07-10T10:19:05+08:00 ] 127.0.0.1 /index.php/Home/Shop/style/base.css
ERR: 非法操作:style

[ 2017-07-10T10:19:05+08:00 ] 127.0.0.1 /index.php/Home/Shop/style/header.css
ERR: 非法操作:style

[ 2017-07-10T10:19:05+08:00 ] 127.0.0.1 /index.php/Home/Shop/js/cart2.js
ERR: 非法操作:js

[ 2017-07-10T10:20:04+08:00 ] 127.0.0.1 /index.php/Home/Shop/js/cart2.js
ERR: 非法操作:js

[ 2017-07-10T10:20:04+08:00 ] 127.0.0.1 /index.php/Home/Shop/js/jquery-1.8.3.min.js
ERR: 非法操作:js

[ 2017-07-10T10:20:04+08:00 ] 127.0.0.1 /index.php/Home/Shop/js/cart2.js
ERR: 非法操作:js

[ 2017-07-10T10:30:36+08:00 ] 127.0.0.1 /index.php/Home/Shop/addCart?goods_id=35
INFO: [ app_begin ] --START--
INFO: Run Behavior\ReadHtmlCacheBehavior [ RunTime:0.000605s ]
INFO: [ app_begin ] --END-- [ RunTime:0.001039s ]
SQL: SHOW COLUMNS FROM `sp_goods` [ RunTime:0.0183s ]
SQL: SELECT * FROM `sp_goods` WHERE `goods_id` = 35 LIMIT 1   [ RunTime:0.0013s ]
NOTIC: [8] A session had already been started - ignoring session_start() D:\wamp\xiangmu\tpshop\Application\Home\Common\Cart.class.php 第 23 行.

[ 2017-07-10T14:16:08+08:00 ] 127.0.0.1 /index.php/Home/Shop/addCart?goods_id=35
INFO: [ app_begin ] --START--
INFO: Run Behavior\ReadHtmlCacheBehavior [ RunTime:0.000487s ]
INFO: [ app_begin ] --END-- [ RunTime:0.000860s ]
SQL: SHOW COLUMNS FROM `sp_goods` [ RunTime:0.0083s ]
SQL: SELECT * FROM `sp_goods` WHERE `goods_id` = 35 LIMIT 1   [ RunTime:0.0008s ]
NOTIC: [8] A session had already been started - ignoring session_start() D:\wamp\xiangmu\tpshop\Application\Home\Common\Cart.class.php 第 23 行.

[ 2017-07-10T14:32:26+08:00 ] 127.0.0.1 /index.php/Home/Shop/addCart?goods_id=35
INFO: [ app_begin ] --START--
INFO: Run Behavior\ReadHtmlCacheBehavior [ RunTime:0.000515s ]
INFO: [ app_begin ] --END-- [ RunTime:0.000892s ]
SQL: SHOW COLUMNS FROM `sp_goods` [ RunTime:0.0129s ]
SQL: SELECT * FROM `sp_goods` WHERE `goods_id` = 35 LIMIT 1   [ RunTime:0.0012s ]
NOTIC: [8] A session had already been started - ignoring session_start() D:\wamp\xiangmu\tpshop\Application\Home\Common\Cart.class.php 第 23 行.

[ 2017-07-10T14:32:55+08:00 ] 127.0.0.1 /index.php/Home/Shop/addCart?goods_id=36
INFO: [ app_begin ] --START--
INFO: Run Behavior\ReadHtmlCacheBehavior [ RunTime:0.000487s ]
INFO: [ app_begin ] --END-- [ RunTime:0.000843s ]
SQL: SHOW COLUMNS FROM `sp_goods` [ RunTime:0.0121s ]
SQL: SELECT * FROM `sp_goods` WHERE `goods_id` = 36 LIMIT 1   [ RunTime:0.0012s ]
NOTIC: [8] A session had already been started - ignoring session_start() D:\wamp\xiangmu\tpshop\Application\Home\Common\Cart.class.php 第 23 行.

[ 2017-07-10T14:32:59+08:00 ] 127.0.0.1 /index.php/Home/Shop/changeNumber
INFO: [ app_begin ] --START--
INFO: Run Behavior\ReadHtmlCacheBehavior [ RunTime:0.000537s ]
INFO: [ app_begin ] --END-- [ RunTime:0.000888s ]
NOTIC: [8] A session had already been started - ignoring session_start() D:\wamp\xiangmu\tpshop\Application\Home\Common\Cart.class.php 第 23 行.
INFO: [ app_end ] --START--
INFO: Run Behavior\ShowPageTraceBehavior [ RunTime:0.000511s ]
INFO: [ app_end ] --END-- [ RunTime:0.000544s ]

[ 2017-07-10T14:32:59+08:00 ] 127.0.0.1 /index.php/Home/Shop/changeNumber
INFO: [ app_begin ] --START--
INFO: Run Behavior\ReadHtmlCacheBehavior [ RunTime:0.000539s ]
INFO: [ app_begin ] --END-- [ RunTime:0.000952s ]
NOTIC: [8] A session had already been started - ignoring session_start() D:\wamp\xiangmu\tpshop\Application\Home\Common\Cart.class.php 第 23 行.
INFO: [ app_end ] --START--
INFO: Run Behavior\ShowPageTraceBehavior [ RunTime:0.000498s ]
INFO: [ app_end ] --END-- [ RunTime:0.000530s ]

[ 2017-07-10T14:33:00+08:00 ] 127.0.0.1 /index.php/Home/Shop/changeNumber
INFO: [ app_begin ] --START--
INFO: Run Behavior\ReadHtmlCacheBehavior [ RunTime:0.000495s ]
INFO: [ app_begin ] --END-- [ RunTime:0.000878s ]
NOTIC: [8] A session had already been started - ignoring session_start() D:\wamp\xiangmu\tpshop\Application\Home\Common\Cart.class.php 第 23 行.
INFO: [ app_end ] --START--
INFO: Run Behavior\ShowPageTraceBehavior [ RunTime:0.000497s ]
INFO: [ app_end ] --END-- [ RunTime:0.000528s ]

[ 2017-07-10T14:33:00+08:00 ] 127.0.0.1 /index.php/Home/Shop/changeNumber
INFO: [ app_begin ] --START--
INFO: Run Behavior\ReadHtmlCacheBehavior [ RunTime:0.000476s ]
INFO: [ app_begin ] --END-- [ RunTime:0.000823s ]
NOTIC: [8] A session had already been started - ignoring session_start() D:\wamp\xiangmu\tpshop\Application\Home\Common\Cart.class.php 第 23 行.
INFO: [ app_end ] --START--
INFO: Run Behavior\ShowPageTraceBehavior [ RunTime:0.000508s ]
INFO: [ app_end ] --END-- [ RunTime:0.000547s ]

