[ 2017-07-05T08:55:40+08:00 ] 127.0.0.1 /index.php/Admin/Index/index.html
INFO: [ app_end ] --START--
INFO: Run Behavior\ShowPageTraceBehavior [ RunTime:0.002650s ]
INFO: [ app_end ] --END-- [ RunTime:0.004399s ]

[ 2017-07-05T08:55:41+08:00 ] 127.0.0.1 /index.php/Admin/Index/center.html
INFO: [ app_end ] --START--
INFO: Run Behavior\ShowPageTraceBehavior [ RunTime:0.002296s ]
INFO: [ app_end ] --END-- [ RunTime:0.004096s ]

[ 2017-07-05T08:55:42+08:00 ] 127.0.0.1 /index.php/Admin/Index/down.html
INFO: [ app_end ] --START--
INFO: Run Behavior\ShowPageTraceBehavior [ RunTime:0.002706s ]
INFO: [ app_end ] --END-- [ RunTime:0.004787s ]

[ 2017-07-05T08:55:44+08:00 ] 127.0.0.1 /index.php/Admin/Index/top.html
INFO: [ app_end ] --START--
INFO: Run Behavior\ShowPageTraceBehavior [ RunTime:0.001372s ]
INFO: [ app_end ] --END-- [ RunTime:0.002504s ]

[ 2017-07-05T08:55:46+08:00 ] 127.0.0.1 /index.php/Admin/Index/right.html
INFO: [ app_end ] --START--
INFO: Run Behavior\ShowPageTraceBehavior [ RunTime:0.001454s ]
INFO: [ app_end ] --END-- [ RunTime:0.002466s ]

[ 2017-07-05T10:56:10+08:00 ] 127.0.0.1 /index.php/Admin/Index/index.html
INFO: [ app_end ] --START--
INFO: Run Behavior\ShowPageTraceBehavior [ RunTime:0.002716s ]
INFO: [ app_end ] --END-- [ RunTime:0.004486s ]

[ 2017-07-05T10:56:12+08:00 ] 127.0.0.1 /index.php/Admin/Index/top.html
INFO: [ app_end ] --START--
INFO: Run Behavior\ShowPageTraceBehavior [ RunTime:0.002192s ]
INFO: [ app_end ] --END-- [ RunTime:0.003658s ]

[ 2017-07-05T10:56:13+08:00 ] 127.0.0.1 /index.php/Admin/Index/center.html
INFO: [ app_end ] --START--
INFO: Run Behavior\ShowPageTraceBehavior [ RunTime:0.003052s ]
INFO: [ app_end ] --END-- [ RunTime:0.004853s ]

[ 2017-07-05T10:56:14+08:00 ] 127.0.0.1 /index.php/Admin/Index/down.html
INFO: [ app_end ] --START--
INFO: Run Behavior\ShowPageTraceBehavior [ RunTime:0.002707s ]
INFO: [ app_end ] --END-- [ RunTime:0.004475s ]

[ 2017-07-05T10:56:16+08:00 ] 127.0.0.1 /index.php/Admin/Index/right.html
INFO: [ app_end ] --START--
INFO: Run Behavior\ShowPageTraceBehavior [ RunTime:0.002439s ]
INFO: [ app_end ] --END-- [ RunTime:0.003901s ]

[ 2017-07-05T13:44:53+08:00 ] 127.0.0.1 /index.php/Admin/
INFO: [ app_end ] --START--
INFO: Run Behavior\ShowPageTraceBehavior [ RunTime:0.000571s ]
INFO: [ app_end ] --END-- [ RunTime:0.000978s ]

[ 2017-07-05T13:45:05+08:00 ] 127.0.0.1 /index.php/Admin/Manager/login
ERR: SQLSTATE[42S02]: Base table or view not found: 1146 Table 'itshop.sp_manager' doesn't exist

[ 2017-07-05T13:58:38+08:00 ] 127.0.0.1 /index.php/Admin/
INFO: [ app_end ] --START--
INFO: Run Behavior\ShowPageTraceBehavior [ RunTime:0.000575s ]
INFO: [ app_end ] --END-- [ RunTime:0.000933s ]

[ 2017-07-05T13:59:02+08:00 ] 127.0.0.1 /index.php/Admin/Index/index.html
INFO: [ app_end ] --START--
INFO: Run Behavior\ShowPageTraceBehavior [ RunTime:0.000474s ]
INFO: [ app_end ] --END-- [ RunTime:0.000835s ]

[ 2017-07-05T13:59:03+08:00 ] 127.0.0.1 /index.php/Admin/Index/top.html
INFO: [ app_end ] --START--
INFO: Run Behavior\ShowPageTraceBehavior [ RunTime:0.000538s ]
INFO: [ app_end ] --END-- [ RunTime:0.000909s ]

[ 2017-07-05T13:59:04+08:00 ] 127.0.0.1 /index.php/Admin/Index/center.html
INFO: [ app_end ] --START--
INFO: Run Behavior\ShowPageTraceBehavior [ RunTime:0.000541s ]
INFO: [ app_end ] --END-- [ RunTime:0.000929s ]

[ 2017-07-05T13:59:05+08:00 ] 127.0.0.1 /index.php/Admin/Index/down.html
INFO: [ app_end ] --START--
INFO: Run Behavior\ShowPageTraceBehavior [ RunTime:0.000637s ]
INFO: [ app_end ] --END-- [ RunTime:0.001064s ]

[ 2017-07-05T13:59:06+08:00 ] 127.0.0.1 /index.php/Admin/Index/right.html
INFO: [ app_end ] --START--
INFO: Run Behavior\ShowPageTraceBehavior [ RunTime:0.000477s ]
INFO: [ app_end ] --END-- [ RunTime:0.000824s ]

[ 2017-07-05T16:42:38+08:00 ] 127.0.0.1 /index.php/Admin/
INFO: [ app_end ] --START--
INFO: Run Behavior\ShowPageTraceBehavior [ RunTime:0.000569s ]
INFO: [ app_end ] --END-- [ RunTime:0.000944s ]

[ 2017-07-05T16:42:53+08:00 ] 127.0.0.1 /index.php/Admin/Index/index.html
INFO: [ app_end ] --START--
INFO: Run Behavior\ShowPageTraceBehavior [ RunTime:0.000574s ]
INFO: [ app_end ] --END-- [ RunTime:0.000993s ]

[ 2017-07-05T16:42:54+08:00 ] 127.0.0.1 /index.php/Admin/Index/top.html
INFO: [ app_end ] --START--
INFO: Run Behavior\ShowPageTraceBehavior [ RunTime:0.000495s ]
INFO: [ app_end ] --END-- [ RunTime:0.000827s ]

[ 2017-07-05T16:42:55+08:00 ] 127.0.0.1 /index.php/Admin/Index/center.html
INFO: [ app_end ] --START--
INFO: Run Behavior\ShowPageTraceBehavior [ RunTime:0.000536s ]
INFO: [ app_end ] --END-- [ RunTime:0.000917s ]

[ 2017-07-05T16:42:56+08:00 ] 127.0.0.1 /index.php/Admin/Index/down.html
INFO: [ app_end ] --START--
INFO: Run Behavior\ShowPageTraceBehavior [ RunTime:0.000513s ]
INFO: [ app_end ] --END-- [ RunTime:0.000874s ]

[ 2017-07-05T16:42:58+08:00 ] 127.0.0.1 /index.php/Admin/Index/right.html
INFO: [ app_end ] --START--
INFO: Run Behavior\ShowPageTraceBehavior [ RunTime:0.000506s ]
INFO: [ app_end ] --END-- [ RunTime:0.000847s ]

[ 2017-07-05T16:43:47+08:00 ] 127.0.0.1 /index.php/Admin/Index/index.html
INFO: [ app_end ] --START--
INFO: Run Behavior\ShowPageTraceBehavior [ RunTime:0.000480s ]
INFO: [ app_end ] --END-- [ RunTime:0.000871s ]

[ 2017-07-05T16:43:49+08:00 ] 127.0.0.1 /index.php/Admin/Index/top.html
INFO: [ app_end ] --START--
INFO: Run Behavior\ShowPageTraceBehavior [ RunTime:0.000616s ]
INFO: [ app_end ] --END-- [ RunTime:0.001018s ]

[ 2017-07-05T16:43:50+08:00 ] 127.0.0.1 /index.php/Admin/Index/center.html
INFO: [ app_end ] --START--
INFO: Run Behavior\ShowPageTraceBehavior [ RunTime:0.000491s ]
INFO: [ app_end ] --END-- [ RunTime:0.000863s ]

[ 2017-07-05T16:43:51+08:00 ] 127.0.0.1 /index.php/Admin/Index/down.html
INFO: [ app_end ] --START--
INFO: Run Behavior\ShowPageTraceBehavior [ RunTime:0.000548s ]
INFO: [ app_end ] --END-- [ RunTime:0.000928s ]

[ 2017-07-05T16:43:53+08:00 ] 127.0.0.1 /index.php/Admin/Index/right.html
INFO: [ app_end ] --START--
INFO: Run Behavior\ShowPageTraceBehavior [ RunTime:0.000458s ]
INFO: [ app_end ] --END-- [ RunTime:0.000805s ]

[ 2017-07-05T18:47:46+08:00 ] 127.0.0.1 /index.php/Admin/Index/index.html
INFO: [ app_end ] --START--
INFO: Run Behavior\ShowPageTraceBehavior [ RunTime:0.000573s ]
INFO: [ app_end ] --END-- [ RunTime:0.000970s ]

[ 2017-07-05T18:47:47+08:00 ] 127.0.0.1 /index.php/Admin/Index/top.html
INFO: [ app_end ] --START--
INFO: Run Behavior\ShowPageTraceBehavior [ RunTime:0.000484s ]
INFO: [ app_end ] --END-- [ RunTime:0.000836s ]

[ 2017-07-05T18:47:48+08:00 ] 127.0.0.1 /index.php/Admin/Index/center.html
INFO: [ app_end ] --START--
INFO: Run Behavior\ShowPageTraceBehavior [ RunTime:0.000556s ]
INFO: [ app_end ] --END-- [ RunTime:0.000958s ]

[ 2017-07-05T18:47:49+08:00 ] 127.0.0.1 /index.php/Admin/Index/down.html
INFO: [ app_end ] --START--
INFO: Run Behavior\ShowPageTraceBehavior [ RunTime:0.000547s ]
INFO: [ app_end ] --END-- [ RunTime:0.000953s ]

[ 2017-07-05T18:47:51+08:00 ] 127.0.0.1 /index.php/Admin/Index/right.html
INFO: [ app_end ] --START--
INFO: Run Behavior\ShowPageTraceBehavior [ RunTime:0.000460s ]
INFO: [ app_end ] --END-- [ RunTime:0.000789s ]

[ 2017-07-05T18:55:01+08:00 ] 127.0.0.1 /index.php/Admin/Auth/tianjia.html
INFO: [ app_begin ] --START--
INFO: Run Behavior\ReadHtmlCacheBehavior [ RunTime:0.000449s ]
INFO: [ app_begin ] --END-- [ RunTime:0.000769s ]
SQL: SHOW COLUMNS FROM `sp_manager` [ RunTime:0.0050s ]
SQL: SELECT r.role_auth_ac FROM sp_manager m INNER JOIN sp_role as r on m.role_id=r.role_id  WHERE m.mg_id = '502' LIMIT 1   [ RunTime:0.0003s ]
INFO: [ view_parse ] --START--
INFO: [ template_filter ] --START--
INFO: Run Behavior\ContentReplaceBehavior [ RunTime:0.000035s ]
INFO: [ template_filter ] --END-- [ RunTime:0.000063s ]
NOTIC: [8] Undefined variable: info D:\wamp\xiangmu\tpshop\Application\Runtime\Cache\Admin\e11298e9542875ed9ab9333e989b9c13.php 第 115 行.
INFO: Run Behavior\ParseTemplateBehavior [ RunTime:0.005670s ]
INFO: [ view_parse ] --END-- [ RunTime:0.005699s ]
INFO: [ view_filter ] --START--
INFO: Run Behavior\WriteHtmlCacheBehavior [ RunTime:0.000304s ]
INFO: [ view_filter ] --END-- [ RunTime:0.000327s ]
INFO: [ app_end ] --START--
INFO: Run Behavior\ShowPageTraceBehavior [ RunTime:0.000493s ]
INFO: [ app_end ] --END-- [ RunTime:0.000520s ]

[ 2017-07-05T18:55:42+08:00 ] 127.0.0.1 /index.php/Admin/Auth/tianjia.html
INFO: [ app_begin ] --START--
INFO: Run Behavior\ReadHtmlCacheBehavior [ RunTime:0.000466s ]
INFO: [ app_begin ] --END-- [ RunTime:0.000796s ]
SQL: SHOW COLUMNS FROM `sp_manager` [ RunTime:0.0045s ]
SQL: SELECT r.role_auth_ac FROM sp_manager m INNER JOIN sp_role as r on m.role_id=r.role_id  WHERE m.mg_id = '502' LIMIT 1   [ RunTime:0.0003s ]
INFO: [ view_parse ] --START--
INFO: [ template_filter ] --START--
INFO: Run Behavior\ContentReplaceBehavior [ RunTime:0.000037s ]
INFO: [ template_filter ] --END-- [ RunTime:0.000067s ]
NOTIC: [8] Undefined variable: info D:\wamp\xiangmu\tpshop\Application\Runtime\Cache\Admin\e11298e9542875ed9ab9333e989b9c13.php 第 115 行.
INFO: Run Behavior\ParseTemplateBehavior [ RunTime:0.006079s ]
INFO: [ view_parse ] --END-- [ RunTime:0.006111s ]
INFO: [ view_filter ] --START--
INFO: Run Behavior\WriteHtmlCacheBehavior [ RunTime:0.000275s ]
INFO: [ view_filter ] --END-- [ RunTime:0.000300s ]
INFO: [ app_end ] --START--
INFO: Run Behavior\ShowPageTraceBehavior [ RunTime:0.000465s ]
INFO: [ app_end ] --END-- [ RunTime:0.000495s ]

[ 2017-07-05T18:56:43+08:00 ] 127.0.0.1 /index.php/Admin/Index/index.html
INFO: [ app_end ] --START--
INFO: Run Behavior\ShowPageTraceBehavior [ RunTime:0.000485s ]
INFO: [ app_end ] --END-- [ RunTime:0.000879s ]

[ 2017-07-05T18:56:44+08:00 ] 127.0.0.1 /index.php/Admin/Index/top.html
INFO: [ app_end ] --START--
INFO: Run Behavior\ShowPageTraceBehavior [ RunTime:0.000451s ]
INFO: [ app_end ] --END-- [ RunTime:0.000780s ]

[ 2017-07-05T18:56:45+08:00 ] 127.0.0.1 /index.php/Admin/Index/center.html
INFO: [ app_end ] --START--
INFO: Run Behavior\ShowPageTraceBehavior [ RunTime:0.000527s ]
INFO: [ app_end ] --END-- [ RunTime:0.000896s ]

[ 2017-07-05T18:56:46+08:00 ] 127.0.0.1 /index.php/Admin/Index/down.html
INFO: [ app_end ] --START--
INFO: Run Behavior\ShowPageTraceBehavior [ RunTime:0.000517s ]
INFO: [ app_end ] --END-- [ RunTime:0.000872s ]

[ 2017-07-05T18:56:48+08:00 ] 127.0.0.1 /index.php/Admin/Index/right.html
INFO: [ app_end ] --START--
INFO: Run Behavior\ShowPageTraceBehavior [ RunTime:0.000468s ]
INFO: [ app_end ] --END-- [ RunTime:0.000834s ]

[ 2017-07-05T19:00:28+08:00 ] 127.0.0.1 /index.php/Admin/Auth/tianjia.html
INFO: [ app_begin ] --START--
INFO: Run Behavior\ReadHtmlCacheBehavior [ RunTime:0.000544s ]
INFO: [ app_begin ] --END-- [ RunTime:0.000940s ]
SQL: SHOW COLUMNS FROM `sp_manager` [ RunTime:0.0053s ]
SQL: SELECT r.role_auth_ac FROM sp_manager m INNER JOIN sp_role as r on m.role_id=r.role_id  WHERE m.mg_id = '502' LIMIT 1   [ RunTime:0.0004s ]
INFO: [ view_parse ] --START--
INFO: [ template_filter ] --START--
INFO: Run Behavior\ContentReplaceBehavior [ RunTime:0.000044s ]
INFO: [ template_filter ] --END-- [ RunTime:0.000075s ]
NOTIC: [8] Undefined variable: info D:\wamp\xiangmu\tpshop\Application\Runtime\Cache\Admin\e11298e9542875ed9ab9333e989b9c13.php 第 115 行.
INFO: Run Behavior\ParseTemplateBehavior [ RunTime:0.006050s ]
INFO: [ view_parse ] --END-- [ RunTime:0.006083s ]
INFO: [ view_filter ] --START--
INFO: Run Behavior\WriteHtmlCacheBehavior [ RunTime:0.000310s ]
INFO: [ view_filter ] --END-- [ RunTime:0.000334s ]
INFO: [ app_end ] --START--
INFO: Run Behavior\ShowPageTraceBehavior [ RunTime:0.000495s ]
INFO: [ app_end ] --END-- [ RunTime:0.000523s ]

[ 2017-07-05T19:04:30+08:00 ] 127.0.0.1 /index.php/Admin/Auth/tianjia.html
INFO: [ app_begin ] --START--
INFO: Run Behavior\ReadHtmlCacheBehavior [ RunTime:0.000493s ]
INFO: [ app_begin ] --END-- [ RunTime:0.000849s ]
SQL: SHOW COLUMNS FROM `sp_manager` [ RunTime:0.0047s ]
SQL: SELECT r.role_auth_ac FROM sp_manager m INNER JOIN sp_role as r on m.role_id=r.role_id  WHERE m.mg_id = '502' LIMIT 1   [ RunTime:0.0003s ]
INFO: [ view_parse ] --START--
INFO: [ template_filter ] --START--
INFO: Run Behavior\ContentReplaceBehavior [ RunTime:0.000047s ]
INFO: [ template_filter ] --END-- [ RunTime:0.000080s ]
NOTIC: [8] Undefined variable: info D:\wamp\xiangmu\tpshop\Application\Runtime\Cache\Admin\e11298e9542875ed9ab9333e989b9c13.php 第 115 行.
INFO: Run Behavior\ParseTemplateBehavior [ RunTime:0.005908s ]
INFO: [ view_parse ] --END-- [ RunTime:0.005939s ]
INFO: [ view_filter ] --START--
INFO: Run Behavior\WriteHtmlCacheBehavior [ RunTime:0.000320s ]
INFO: [ view_filter ] --END-- [ RunTime:0.000345s ]
INFO: [ app_end ] --START--
INFO: Run Behavior\ShowPageTraceBehavior [ RunTime:0.000516s ]
INFO: [ app_end ] --END-- [ RunTime:0.000544s ]

[ 2017-07-05T19:09:52+08:00 ] 127.0.0.1 /index.php/Admin/Auth/tianjia.html
INFO: [ app_begin ] --START--
INFO: Run Behavior\ReadHtmlCacheBehavior [ RunTime:0.000515s ]
INFO: [ app_begin ] --END-- [ RunTime:0.000845s ]
SQL: SHOW COLUMNS FROM `sp_manager` [ RunTime:0.0051s ]
SQL: SELECT r.role_auth_ac FROM sp_manager m INNER JOIN sp_role as r on m.role_id=r.role_id  WHERE m.mg_id = '502' LIMIT 1   [ RunTime:0.0003s ]
INFO: [ view_parse ] --START--
INFO: [ template_filter ] --START--
INFO: Run Behavior\ContentReplaceBehavior [ RunTime:0.000043s ]
INFO: [ template_filter ] --END-- [ RunTime:0.000076s ]
NOTIC: [8] Undefined variable: info D:\wamp\xiangmu\tpshop\Application\Runtime\Cache\Admin\e11298e9542875ed9ab9333e989b9c13.php 第 115 行.
INFO: Run Behavior\ParseTemplateBehavior [ RunTime:0.006190s ]
INFO: [ view_parse ] --END-- [ RunTime:0.006222s ]
INFO: [ view_filter ] --START--
INFO: Run Behavior\WriteHtmlCacheBehavior [ RunTime:0.000381s ]
INFO: [ view_filter ] --END-- [ RunTime:0.000406s ]
INFO: [ app_end ] --START--
INFO: Run Behavior\ShowPageTraceBehavior [ RunTime:0.000560s ]
INFO: [ app_end ] --END-- [ RunTime:0.000587s ]

[ 2017-07-05T19:10:59+08:00 ] 127.0.0.1 /index.php/Admin/Auth/tianjia.html
INFO: [ app_begin ] --START--
INFO: Run Behavior\ReadHtmlCacheBehavior [ RunTime:0.000481s ]
INFO: [ app_begin ] --END-- [ RunTime:0.000833s ]
SQL: SHOW COLUMNS FROM `sp_manager` [ RunTime:0.0045s ]
SQL: SELECT r.role_auth_ac FROM sp_manager m INNER JOIN sp_role as r on m.role_id=r.role_id  WHERE m.mg_id = '502' LIMIT 1   [ RunTime:0.0004s ]
INFO: [ view_parse ] --START--
INFO: [ template_filter ] --START--
INFO: Run Behavior\ContentReplaceBehavior [ RunTime:0.000049s ]
INFO: [ template_filter ] --END-- [ RunTime:0.000083s ]
NOTIC: [8] Undefined variable: info D:\wamp\xiangmu\tpshop\Application\Runtime\Cache\Admin\e11298e9542875ed9ab9333e989b9c13.php 第 115 行.
INFO: Run Behavior\ParseTemplateBehavior [ RunTime:0.005963s ]
INFO: [ view_parse ] --END-- [ RunTime:0.006000s ]
INFO: [ view_filter ] --START--
INFO: Run Behavior\WriteHtmlCacheBehavior [ RunTime:0.000293s ]
INFO: [ view_filter ] --END-- [ RunTime:0.000318s ]
INFO: [ app_end ] --START--
INFO: Run Behavior\ShowPageTraceBehavior [ RunTime:0.000475s ]
INFO: [ app_end ] --END-- [ RunTime:0.000502s ]

[ 2017-07-05T19:11:59+08:00 ] 127.0.0.1 /index.php/Admin/Auth/tianjia.html
INFO: [ app_begin ] --START--
INFO: Run Behavior\ReadHtmlCacheBehavior [ RunTime:0.000463s ]
INFO: [ app_begin ] --END-- [ RunTime:0.000801s ]
SQL: SHOW COLUMNS FROM `sp_manager` [ RunTime:0.0047s ]
SQL: SELECT r.role_auth_ac FROM sp_manager m INNER JOIN sp_role as r on m.role_id=r.role_id  WHERE m.mg_id = '502' LIMIT 1   [ RunTime:0.0003s ]
INFO: [ view_parse ] --START--
INFO: [ template_filter ] --START--
INFO: Run Behavior\ContentReplaceBehavior [ RunTime:0.000049s ]
INFO: [ template_filter ] --END-- [ RunTime:0.000124s ]
NOTIC: [8] Undefined variable: info D:\wamp\xiangmu\tpshop\Application\Runtime\Cache\Admin\e11298e9542875ed9ab9333e989b9c13.php 第 115 行.
INFO: Run Behavior\ParseTemplateBehavior [ RunTime:0.005973s ]
INFO: [ view_parse ] --END-- [ RunTime:0.006002s ]
INFO: [ view_filter ] --START--
INFO: Run Behavior\WriteHtmlCacheBehavior [ RunTime:0.000318s ]
INFO: [ view_filter ] --END-- [ RunTime:0.000342s ]
INFO: [ app_end ] --START--
INFO: Run Behavior\ShowPageTraceBehavior [ RunTime:0.000507s ]
INFO: [ app_end ] --END-- [ RunTime:0.000535s ]

[ 2017-07-05T19:13:43+08:00 ] 127.0.0.1 /index.php/Admin/Auth/tianjia.html
INFO: [ app_begin ] --START--
INFO: Run Behavior\ReadHtmlCacheBehavior [ RunTime:0.000479s ]
INFO: [ app_begin ] --END-- [ RunTime:0.000821s ]
SQL: SHOW COLUMNS FROM `sp_manager` [ RunTime:0.0051s ]
SQL: SELECT r.role_auth_ac FROM sp_manager m INNER JOIN sp_role as r on m.role_id=r.role_id  WHERE m.mg_id = '502' LIMIT 1   [ RunTime:0.0003s ]
SQL: SHOW COLUMNS FROM `sp_auth` [ RunTime:0.0038s ]
SQL: SELECT * FROM `sp_auth` WHERE `auth_level` = '0'  [ RunTime:0.0004s ]
INFO: [ view_parse ] --START--
INFO: [ template_filter ] --START--
INFO: Run Behavior\ContentReplaceBehavior [ RunTime:0.000042s ]
INFO: [ template_filter ] --END-- [ RunTime:0.000072s ]
INFO: Run Behavior\ParseTemplateBehavior [ RunTime:0.005835s ]
INFO: [ view_parse ] --END-- [ RunTime:0.005872s ]
INFO: [ view_filter ] --START--
INFO: Run Behavior\WriteHtmlCacheBehavior [ RunTime:0.000308s ]
INFO: [ view_filter ] --END-- [ RunTime:0.000332s ]
INFO: [ app_end ] --START--
INFO: Run Behavior\ShowPageTraceBehavior [ RunTime:0.000478s ]
INFO: [ app_end ] --END-- [ RunTime:0.000507s ]

[ 2017-07-05T19:16:30+08:00 ] 127.0.0.1 /index.php/Admin/Auth/tianjia.html
INFO: [ app_begin ] --START--
INFO: Run Behavior\ReadHtmlCacheBehavior [ RunTime:0.000539s ]
INFO: [ app_begin ] --END-- [ RunTime:0.000905s ]
SQL: SHOW COLUMNS FROM `sp_manager` [ RunTime:0.0049s ]
SQL: SELECT r.role_auth_ac FROM sp_manager m INNER JOIN sp_role as r on m.role_id=r.role_id  WHERE m.mg_id = '502' LIMIT 1   [ RunTime:0.0003s ]
SQL: SHOW COLUMNS FROM `sp_auth` [ RunTime:0.0041s ]
SQL: INSERT INTO `sp_auth` (`auth_name`,`auth_pid`,`auth_c`,`auth_a`,`auth_level`) VALUES ('售后销售','0','sale','haha','0') [ RunTime:0.0594s ]

[ 2017-07-05T19:22:10+08:00 ] 127.0.0.1 /index.php/Admin/Index/index.html
INFO: [ app_end ] --START--
INFO: Run Behavior\ShowPageTraceBehavior [ RunTime:0.000464s ]
INFO: [ app_end ] --END-- [ RunTime:0.000793s ]

[ 2017-07-05T19:22:12+08:00 ] 127.0.0.1 /index.php/Admin/Index/top.html
INFO: [ app_end ] --START--
INFO: Run Behavior\ShowPageTraceBehavior [ RunTime:0.000484s ]
INFO: [ app_end ] --END-- [ RunTime:0.000838s ]

[ 2017-07-05T19:22:13+08:00 ] 127.0.0.1 /index.php/Admin/Index/center.html
INFO: [ app_end ] --START--
INFO: Run Behavior\ShowPageTraceBehavior [ RunTime:0.000547s ]
INFO: [ app_end ] --END-- [ RunTime:0.000929s ]

[ 2017-07-05T19:22:14+08:00 ] 127.0.0.1 /index.php/Admin/Index/down.html
INFO: [ app_end ] --START--
INFO: Run Behavior\ShowPageTraceBehavior [ RunTime:0.000508s ]
INFO: [ app_end ] --END-- [ RunTime:0.000855s ]

[ 2017-07-05T19:22:16+08:00 ] 127.0.0.1 /index.php/Admin/Index/right.html
INFO: [ app_end ] --START--
INFO: Run Behavior\ShowPageTraceBehavior [ RunTime:0.000487s ]
INFO: [ app_end ] --END-- [ RunTime:0.000872s ]

[ 2017-07-05T19:25:07+08:00 ] 127.0.0.1 /index.php/Admin/Auth/tianjia.html
INFO: [ app_begin ] --START--
INFO: Run Behavior\ReadHtmlCacheBehavior [ RunTime:0.000465s ]
INFO: [ app_begin ] --END-- [ RunTime:0.000827s ]
SQL: SHOW COLUMNS FROM `sp_manager` [ RunTime:0.0039s ]
SQL: SELECT r.role_auth_ac FROM sp_manager m INNER JOIN sp_role as r on m.role_id=r.role_id  WHERE m.mg_id = '502' LIMIT 1   [ RunTime:0.0003s ]
SQL: SHOW COLUMNS FROM `sp_auth` [ RunTime:0.0037s ]
SQL: INSERT INTO `sp_auth` (`auth_name`,`auth_pid`,`auth_c`,`auth_a`,`auth_level`) VALUES ('商品上架','101','Goods','shangjia','1') [ RunTime:0.0431s ]

[ 2017-07-05T19:25:51+08:00 ] 127.0.0.1 /index.php/Admin/Auth/tianjia.html
INFO: [ app_begin ] --START--
INFO: Run Behavior\ReadHtmlCacheBehavior [ RunTime:0.000477s ]
INFO: [ app_begin ] --END-- [ RunTime:0.000813s ]
SQL: SHOW COLUMNS FROM `sp_manager` [ RunTime:0.0050s ]
SQL: SELECT r.role_auth_ac FROM sp_manager m INNER JOIN sp_role as r on m.role_id=r.role_id  WHERE m.mg_id = '502' LIMIT 1   [ RunTime:0.0003s ]
SQL: SHOW COLUMNS FROM `sp_auth` [ RunTime:0.0039s ]
SQL: INSERT INTO `sp_auth` (`auth_name`,`auth_pid`,`auth_c`,`auth_a`,`auth_level`) VALUES ('商品打折','101','Goods','dazhe','1') [ RunTime:0.0617s ]

[ 2017-07-05T19:35:02+08:00 ] 127.0.0.1 /index.php/Admin/Index/index.html
INFO: [ app_end ] --START--
INFO: Run Behavior\ShowPageTraceBehavior [ RunTime:0.000526s ]
INFO: [ app_end ] --END-- [ RunTime:0.000904s ]

[ 2017-07-05T19:35:03+08:00 ] 127.0.0.1 /index.php/Admin/Index/top.html
INFO: [ app_end ] --START--
INFO: Run Behavior\ShowPageTraceBehavior [ RunTime:0.000464s ]
INFO: [ app_end ] --END-- [ RunTime:0.000806s ]

[ 2017-07-05T19:35:04+08:00 ] 127.0.0.1 /index.php/Admin/Index/center.html
INFO: [ app_end ] --START--
INFO: Run Behavior\ShowPageTraceBehavior [ RunTime:0.000560s ]
INFO: [ app_end ] --END-- [ RunTime:0.000981s ]

[ 2017-07-05T19:35:05+08:00 ] 127.0.0.1 /index.php/Admin/Index/down.html
INFO: [ app_end ] --START--
INFO: Run Behavior\ShowPageTraceBehavior [ RunTime:0.000498s ]
INFO: [ app_end ] --END-- [ RunTime:0.000842s ]

[ 2017-07-05T19:35:07+08:00 ] 127.0.0.1 /index.php/Admin/Index/right.html
INFO: [ app_end ] --START--
INFO: Run Behavior\ShowPageTraceBehavior [ RunTime:0.000691s ]
INFO: [ app_end ] --END-- [ RunTime:0.001275s ]

[ 2017-07-05T19:35:34+08:00 ] 127.0.0.1 /index.php/Admin/Auth/tianjia.html
INFO: [ app_begin ] --START--
INFO: Run Behavior\ReadHtmlCacheBehavior [ RunTime:0.000493s ]
INFO: [ app_begin ] --END-- [ RunTime:0.000918s ]
SQL: SHOW COLUMNS FROM `sp_manager` [ RunTime:0.0049s ]
SQL: SELECT r.role_auth_ac FROM sp_manager m INNER JOIN sp_role as r on m.role_id=r.role_id  WHERE m.mg_id = '502' LIMIT 1   [ RunTime:0.0003s ]
SQL: SHOW COLUMNS FROM `sp_auth` [ RunTime:0.0042s ]
SQL: INSERT INTO `sp_auth` (`auth_name`,`auth_pid`,`auth_c`,`auth_a`,`auth_level`) VALUES ('向涛','101','xt','xtt','1') [ RunTime:0.0460s ]

[ 2017-07-05T19:36:14+08:00 ] 127.0.0.1 /index.php/Admin/Auth/tianjia.html
INFO: [ app_begin ] --START--
INFO: Run Behavior\ReadHtmlCacheBehavior [ RunTime:0.000491s ]
INFO: [ app_begin ] --END-- [ RunTime:0.000839s ]
SQL: SHOW COLUMNS FROM `sp_manager` [ RunTime:0.0041s ]
SQL: SELECT r.role_auth_ac FROM sp_manager m INNER JOIN sp_role as r on m.role_id=r.role_id  WHERE m.mg_id = '502' LIMIT 1   [ RunTime:0.0003s ]
SQL: SHOW COLUMNS FROM `sp_auth` [ RunTime:0.0042s ]
SQL: INSERT INTO `sp_auth` (`auth_name`,`auth_pid`,`auth_c`,`auth_a`,`auth_level`) VALUES ('朱丽萍','0','zlp','zlp','0') [ RunTime:0.0370s ]

[ 2017-07-05T19:37:16+08:00 ] 127.0.0.1 /index.php/Admin/Auth/tianjia.html
INFO: [ app_begin ] --START--
INFO: Run Behavior\ReadHtmlCacheBehavior [ RunTime:0.000540s ]
INFO: [ app_begin ] --END-- [ RunTime:0.000975s ]
SQL: SHOW COLUMNS FROM `sp_manager` [ RunTime:0.0050s ]
SQL: SELECT r.role_auth_ac FROM sp_manager m INNER JOIN sp_role as r on m.role_id=r.role_id  WHERE m.mg_id = '502' LIMIT 1   [ RunTime:0.0003s ]
SQL: SHOW COLUMNS FROM `sp_auth` [ RunTime:0.0042s ]
SQL: INSERT INTO `sp_auth` (`auth_name`,`auth_pid`,`auth_c`,`auth_a`,`auth_level`) VALUES ('王鑫','101','wx','wxx','1') [ RunTime:0.0385s ]

[ 2017-07-05T19:44:47+08:00 ] 127.0.0.1 /index.php/Admin/Auth/tianjia.html
INFO: [ app_begin ] --START--
INFO: Run Behavior\ReadHtmlCacheBehavior [ RunTime:0.000491s ]
INFO: [ app_begin ] --END-- [ RunTime:0.000864s ]
SQL: SHOW COLUMNS FROM `sp_manager` [ RunTime:0.0049s ]
SQL: SELECT r.role_auth_ac FROM sp_manager m INNER JOIN sp_role as r on m.role_id=r.role_id  WHERE m.mg_id = '502' LIMIT 1   [ RunTime:0.0003s ]
SQL: SHOW COLUMNS FROM `sp_auth` [ RunTime:0.0038s ]
SQL: INSERT INTO `sp_auth` (`auth_name`,`auth_pid`,`auth_c`,`auth_a`,`auth_level`) VALUES ('商品类型','101','Type','showlist','1') [ RunTime:0.0364s ]

[ 2017-07-05T19:47:52+08:00 ] 127.0.0.1 /index.php/Admin/Index/index.html
INFO: [ app_end ] --START--
INFO: Run Behavior\ShowPageTraceBehavior [ RunTime:0.079179s ]
INFO: [ app_end ] --END-- [ RunTime:0.079588s ]

[ 2017-07-05T19:47:53+08:00 ] 127.0.0.1 /index.php/Admin/Index/top.html
INFO: [ app_end ] --START--
INFO: Run Behavior\ShowPageTraceBehavior [ RunTime:0.000508s ]
INFO: [ app_end ] --END-- [ RunTime:0.000880s ]

[ 2017-07-05T19:47:54+08:00 ] 127.0.0.1 /index.php/Admin/Index/center.html
INFO: [ app_end ] --START--
INFO: Run Behavior\ShowPageTraceBehavior [ RunTime:0.000523s ]
INFO: [ app_end ] --END-- [ RunTime:0.000892s ]

[ 2017-07-05T19:47:55+08:00 ] 127.0.0.1 /index.php/Admin/Index/down.html
INFO: [ app_end ] --START--
INFO: Run Behavior\ShowPageTraceBehavior [ RunTime:0.000509s ]
INFO: [ app_end ] --END-- [ RunTime:0.000848s ]

[ 2017-07-05T19:47:57+08:00 ] 127.0.0.1 /index.php/Admin/Index/right.html
INFO: [ app_end ] --START--
INFO: Run Behavior\ShowPageTraceBehavior [ RunTime:0.000485s ]
INFO: [ app_end ] --END-- [ RunTime:0.000864s ]

[ 2017-07-05T20:14:15+08:00 ] 127.0.0.1 /index.php/Admin/Index/index.html
INFO: [ app_end ] --START--
INFO: Run Behavior\ShowPageTraceBehavior [ RunTime:0.000559s ]
INFO: [ app_end ] --END-- [ RunTime:0.000934s ]

[ 2017-07-05T20:14:16+08:00 ] 127.0.0.1 /index.php/Admin/Index/top.html
INFO: [ app_end ] --START--
INFO: Run Behavior\ShowPageTraceBehavior [ RunTime:0.000485s ]
INFO: [ app_end ] --END-- [ RunTime:0.000841s ]

[ 2017-07-05T20:14:17+08:00 ] 127.0.0.1 /index.php/Admin/Index/center.html
INFO: [ app_end ] --START--
INFO: Run Behavior\ShowPageTraceBehavior [ RunTime:0.000496s ]
INFO: [ app_end ] --END-- [ RunTime:0.000836s ]

[ 2017-07-05T20:14:19+08:00 ] 127.0.0.1 /index.php/Admin/Index/down.html
INFO: [ app_end ] --START--
INFO: Run Behavior\ShowPageTraceBehavior [ RunTime:0.000567s ]
INFO: [ app_end ] --END-- [ RunTime:0.001029s ]

[ 2017-07-05T20:14:21+08:00 ] 127.0.0.1 /index.php/Admin/Index/right.html
INFO: [ app_end ] --START--
INFO: Run Behavior\ShowPageTraceBehavior [ RunTime:0.000438s ]
INFO: [ app_end ] --END-- [ RunTime:0.000742s ]

[ 2017-07-05T20:18:32+08:00 ] 127.0.0.1 /index.php/Admin/Index/index.html
INFO: [ app_end ] --START--
INFO: Run Behavior\ShowPageTraceBehavior [ RunTime:0.000558s ]
INFO: [ app_end ] --END-- [ RunTime:0.000950s ]

[ 2017-07-05T20:18:33+08:00 ] 127.0.0.1 /index.php/Admin/Index/top.html
INFO: [ app_end ] --START--
INFO: Run Behavior\ShowPageTraceBehavior [ RunTime:0.000453s ]
INFO: [ app_end ] --END-- [ RunTime:0.000782s ]

[ 2017-07-05T20:18:34+08:00 ] 127.0.0.1 /index.php/Admin/Index/center.html
INFO: [ app_end ] --START--
INFO: Run Behavior\ShowPageTraceBehavior [ RunTime:0.000550s ]
INFO: [ app_end ] --END-- [ RunTime:0.000934s ]

[ 2017-07-05T20:18:35+08:00 ] 127.0.0.1 /index.php/Admin/Index/down.html
INFO: [ app_end ] --START--
INFO: Run Behavior\ShowPageTraceBehavior [ RunTime:0.000455s ]
INFO: [ app_end ] --END-- [ RunTime:0.000813s ]

[ 2017-07-05T20:18:37+08:00 ] 127.0.0.1 /index.php/Admin/Index/right.html
INFO: [ app_end ] --START--
INFO: Run Behavior\ShowPageTraceBehavior [ RunTime:0.000508s ]
INFO: [ app_end ] --END-- [ RunTime:0.000869s ]

[ 2017-07-05T20:19:54+08:00 ] 127.0.0.1 /index.php/Admin/Type/tianjia.html
INFO: [ app_begin ] --START--
INFO: Run Behavior\ReadHtmlCacheBehavior [ RunTime:0.000499s ]
INFO: [ app_begin ] --END-- [ RunTime:0.000862s ]
SQL: SHOW COLUMNS FROM `sp_manager` [ RunTime:0.0046s ]
SQL: SELECT r.role_auth_ac FROM sp_manager m INNER JOIN sp_role as r on m.role_id=r.role_id  WHERE m.mg_id = '502' LIMIT 1   [ RunTime:0.0003s ]
SQL: SHOW COLUMNS FROM `sp_type` [ RunTime:0.0037s ]
SQL: INSERT INTO `sp_type` (`type_name`) VALUES ('运动') [ RunTime:0.0414s ]
NOTIC: [8] Array to string conversion D:\wamp\xiangmu\tpshop\Application\Admin\Controller\TypeController.class.php 第 18 行.

[ 2017-07-05T20:20:26+08:00 ] 127.0.0.1 /index.php/Admin/Type/tianjia.html
INFO: [ app_begin ] --START--
INFO: Run Behavior\ReadHtmlCacheBehavior [ RunTime:0.000492s ]
INFO: [ app_begin ] --END-- [ RunTime:0.000863s ]
SQL: SHOW COLUMNS FROM `sp_manager` [ RunTime:0.0055s ]
SQL: SELECT r.role_auth_ac FROM sp_manager m INNER JOIN sp_role as r on m.role_id=r.role_id  WHERE m.mg_id = '502' LIMIT 1   [ RunTime:0.0003s ]
SQL: SHOW COLUMNS FROM `sp_type` [ RunTime:0.0034s ]
SQL: INSERT INTO `sp_type` (`type_name`) VALUES ('服饰') [ RunTime:0.0688s ]
NOTIC: [8] Array to string conversion D:\wamp\xiangmu\tpshop\Application\Admin\Controller\TypeController.class.php 第 18 行.

[ 2017-07-05T20:21:16+08:00 ] 127.0.0.1 /index.php/Admin/Type/tianjia.html
INFO: [ app_begin ] --START--
INFO: Run Behavior\ReadHtmlCacheBehavior [ RunTime:0.000519s ]
INFO: [ app_begin ] --END-- [ RunTime:0.000849s ]
SQL: SHOW COLUMNS FROM `sp_manager` [ RunTime:0.0049s ]
SQL: SELECT r.role_auth_ac FROM sp_manager m INNER JOIN sp_role as r on m.role_id=r.role_id  WHERE m.mg_id = '502' LIMIT 1   [ RunTime:0.0003s ]
SQL: SHOW COLUMNS FROM `sp_type` [ RunTime:0.0035s ]
SQL: INSERT INTO `sp_type` (`type_name`) VALUES ('家装') [ RunTime:0.0756s ]
NOTIC: [8] Array to string conversion D:\wamp\xiangmu\tpshop\Application\Admin\Controller\TypeController.class.php 第 17 行.

[ 2017-07-05T20:22:18+08:00 ] 127.0.0.1 /index.php/Admin/Type/tianjia.html
INFO: [ app_begin ] --START--
INFO: Run Behavior\ReadHtmlCacheBehavior [ RunTime:0.000440s ]
INFO: [ app_begin ] --END-- [ RunTime:0.000748s ]
SQL: SHOW COLUMNS FROM `sp_manager` [ RunTime:0.0054s ]
SQL: SELECT r.role_auth_ac FROM sp_manager m INNER JOIN sp_role as r on m.role_id=r.role_id  WHERE m.mg_id = '502' LIMIT 1   [ RunTime:0.0003s ]
SQL: SHOW COLUMNS FROM `sp_type` [ RunTime:0.0040s ]
SQL: INSERT INTO `sp_type` (`type_name`) VALUES ('电器') [ RunTime:0.0580s ]
NOTIC: [8] Array to string conversion D:\wamp\xiangmu\tpshop\Application\Admin\Controller\TypeController.class.php 第 17 行.

[ 2017-07-05T20:23:18+08:00 ] 127.0.0.1 /index.php/Admin/Index/index.html
INFO: [ app_end ] --START--
INFO: Run Behavior\ShowPageTraceBehavior [ RunTime:0.000534s ]
INFO: [ app_end ] --END-- [ RunTime:0.000926s ]

[ 2017-07-05T20:23:19+08:00 ] 127.0.0.1 /index.php/Admin/Index/top.html
INFO: [ app_end ] --START--
INFO: Run Behavior\ShowPageTraceBehavior [ RunTime:0.000477s ]
INFO: [ app_end ] --END-- [ RunTime:0.000863s ]

[ 2017-07-05T20:23:20+08:00 ] 127.0.0.1 /index.php/Admin/Index/center.html
INFO: [ app_end ] --START--
INFO: Run Behavior\ShowPageTraceBehavior [ RunTime:0.000542s ]
INFO: [ app_end ] --END-- [ RunTime:0.000922s ]

[ 2017-07-05T20:23:21+08:00 ] 127.0.0.1 /index.php/Admin/Index/down.html
INFO: [ app_end ] --START--
INFO: Run Behavior\ShowPageTraceBehavior [ RunTime:0.000537s ]
INFO: [ app_end ] --END-- [ RunTime:0.000936s ]

[ 2017-07-05T20:23:24+08:00 ] 127.0.0.1 /index.php/Admin/Index/right.html
INFO: [ app_end ] --START--
INFO: Run Behavior\ShowPageTraceBehavior [ RunTime:0.000463s ]
INFO: [ app_end ] --END-- [ RunTime:0.000790s ]

[ 2017-07-05T20:23:34+08:00 ] 127.0.0.1 /index.php/Admin/Type/tianjia.html
INFO: [ app_begin ] --START--
INFO: Run Behavior\ReadHtmlCacheBehavior [ RunTime:0.000491s ]
INFO: [ app_begin ] --END-- [ RunTime:0.000851s ]
SQL: SHOW COLUMNS FROM `sp_manager` [ RunTime:0.0052s ]
SQL: SELECT r.role_auth_ac FROM sp_manager m INNER JOIN sp_role as r on m.role_id=r.role_id  WHERE m.mg_id = '502' LIMIT 1   [ RunTime:0.0003s ]
SQL: SHOW COLUMNS FROM `sp_type` [ RunTime:0.0038s ]
SQL: INSERT INTO `sp_type` (`type_name`) VALUES ('卫生') [ RunTime:0.0577s ]

