[ 2017-07-27T08:59:56+08:00 ] 127.0.0.1 /index.php/Admin/
INFO: [ app_end ] --START--
INFO: Run Behavior\ShowPageTraceBehavior [ RunTime:0.001377s ]
INFO: [ app_end ] --END-- [ RunTime:0.021165s ]

[ 2017-07-27T09:00:10+08:00 ] 127.0.0.1 /index.php/Admin/Index/index.html
INFO: [ app_end ] --START--
INFO: Run Behavior\ShowPageTraceBehavior [ RunTime:0.000538s ]
INFO: [ app_end ] --END-- [ RunTime:0.000910s ]

[ 2017-07-27T09:00:12+08:00 ] 127.0.0.1 /index.php/Admin/Index/top.html
INFO: [ app_end ] --START--
INFO: Run Behavior\ShowPageTraceBehavior [ RunTime:0.000599s ]
INFO: [ app_end ] --END-- [ RunTime:0.001046s ]

[ 2017-07-27T09:00:14+08:00 ] 127.0.0.1 /index.php/Admin/Index/center.html
INFO: [ app_end ] --START--
INFO: Run Behavior\ShowPageTraceBehavior [ RunTime:0.000542s ]
INFO: [ app_end ] --END-- [ RunTime:0.000916s ]

[ 2017-07-27T09:00:17+08:00 ] 127.0.0.1 /index.php/Admin/Index/down.html
INFO: [ app_end ] --START--
INFO: Run Behavior\ShowPageTraceBehavior [ RunTime:0.000742s ]
INFO: [ app_end ] --END-- [ RunTime:0.001277s ]

[ 2017-07-27T09:00:21+08:00 ] 127.0.0.1 /index.php/Admin/Index/right.html
INFO: [ app_end ] --START--
INFO: Run Behavior\ShowPageTraceBehavior [ RunTime:0.000533s ]
INFO: [ app_end ] --END-- [ RunTime:0.000942s ]

[ 2017-07-27T09:00:39+08:00 ] 127.0.0.1 /index.php/Admin/Category/showlist
ERR: 无法加载控制器:Category

[ 2017-07-27T09:00:48+08:00 ] 127.0.0.1 /index.php/Admin/Goods/getAttrByType?type_id=1
INFO: [ app_begin ] --START--
INFO: Run Behavior\ReadHtmlCacheBehavior [ RunTime:0.000490s ]
INFO: [ app_begin ] --END-- [ RunTime:0.000852s ]
NOTIC: [8] Memcache::connect():  D:\wamp\xiangmu\tpshop\ThinkPHP\Library\Think\Cache\Driver\Memcache.class.php 第 43 行.
NOTIC: [2] Memcache::connect():  D:\wamp\xiangmu\tpshop\ThinkPHP\Library\Think\Cache\Driver\Memcache.class.php 第 43 行.
SQL: SHOW COLUMNS FROM `sp_manager` [ RunTime:0.0039s ]
SQL: SELECT r.role_auth_ac FROM sp_manager m INNER JOIN sp_role as r on m.role_id=r.role_id  WHERE m.mg_id = '502' LIMIT 1   [ RunTime:0.0002s ]
SQL: SHOW COLUMNS FROM `sp_attribute` [ RunTime:0.0212s ]
SQL: SELECT * FROM `sp_attribute` WHERE `type_id` = 1  [ RunTime:0.0004s ]
INFO: [ app_end ] --START--
INFO: Run Behavior\ShowPageTraceBehavior [ RunTime:0.000703s ]
INFO: [ app_end ] --END-- [ RunTime:0.000743s ]

[ 2017-07-27T09:01:27+08:00 ] 127.0.0.1 /index.php/Admin/Goods/getAttrByType2?goods_id=44&type_id=0
INFO: [ app_begin ] --START--
INFO: Run Behavior\ReadHtmlCacheBehavior [ RunTime:0.000484s ]
INFO: [ app_begin ] --END-- [ RunTime:0.000840s ]
NOTIC: [8] Memcache::connect():  D:\wamp\xiangmu\tpshop\ThinkPHP\Library\Think\Cache\Driver\Memcache.class.php 第 43 行.
NOTIC: [2] Memcache::connect():  D:\wamp\xiangmu\tpshop\ThinkPHP\Library\Think\Cache\Driver\Memcache.class.php 第 43 行.
SQL: SHOW COLUMNS FROM `sp_manager` [ RunTime:0.0041s ]
SQL: SELECT r.role_auth_ac FROM sp_manager m INNER JOIN sp_role as r on m.role_id=r.role_id  WHERE m.mg_id = '502' LIMIT 1   [ RunTime:0.0003s ]
SQL: SHOW COLUMNS FROM `sp_attribute` [ RunTime:0.0035s ]
SQL: SELECT a.*,(select group_concat(ga.attr_value) from sp_goods_attr as ga where ga.attr_id=a.attr_id and ga.goods_id=44) as attr_values FROM sp_attribute a WHERE a.type_id = '0'  [ RunTime:0.0685s ]
INFO: [ app_end ] --START--
INFO: Run Behavior\ShowPageTraceBehavior [ RunTime:0.000722s ]
INFO: [ app_end ] --END-- [ RunTime:0.000760s ]

[ 2017-07-27T09:03:27+08:00 ] 127.0.0.1 /index.php/Admin/User/undefinedcss/modules/layer/default/layer.css?v=3.0.3303
ERR: 非法操作:undefinedcss

[ 2017-07-27T09:05:16+08:00 ] 127.0.0.1 /index.php/Admin/User/tianjia.html
ERR: 非法操作:tianjia

[ 2017-07-27T09:05:20+08:00 ] 127.0.0.1 /index.php/Admin/User/undefinedcss/modules/layer/default/layer.css?v=3.0.3303
ERR: 非法操作:undefinedcss

[ 2017-07-27T09:05:29+08:00 ] 127.0.0.1 /index.php/Admin/User/jiechu
INFO: [ app_begin ] --START--
INFO: Run Behavior\ReadHtmlCacheBehavior [ RunTime:0.001520s ]
INFO: [ app_begin ] --END-- [ RunTime:0.002725s ]
NOTIC: [8] Memcache::connect():  D:\wamp\xiangmu\tpshop\ThinkPHP\Library\Think\Cache\Driver\Memcache.class.php 第 43 行.
NOTIC: [2] Memcache::connect():  D:\wamp\xiangmu\tpshop\ThinkPHP\Library\Think\Cache\Driver\Memcache.class.php 第 43 行.
SQL: SHOW COLUMNS FROM `sp_manager` [ RunTime:0.0041s ]
SQL: SELECT r.role_auth_ac FROM sp_manager m INNER JOIN sp_role as r on m.role_id=r.role_id  WHERE m.mg_id = '502' LIMIT 1   [ RunTime:0.0003s ]
SQL: SHOW COLUMNS FROM `sp_user` [ RunTime:0.0035s ]
SQL: UPDATE `sp_user` SET `flag`='1',`dongjie_time`='0' WHERE `user_id` = 133 [ RunTime:0.0845s ]
INFO: [ app_end ] --START--
INFO: Run Behavior\ShowPageTraceBehavior [ RunTime:0.000865s ]
INFO: [ app_end ] --END-- [ RunTime:0.000912s ]

[ 2017-07-27T09:05:35+08:00 ] 127.0.0.1 /index.php/Admin/User/undefinedcss/modules/layer/default/layer.css?v=3.0.3303
ERR: 非法操作:undefinedcss

[ 2017-07-27T09:06:00+08:00 ] 127.0.0.1 /index.php/Admin/User/dj_user
INFO: [ app_begin ] --START--
INFO: Run Behavior\ReadHtmlCacheBehavior [ RunTime:0.000567s ]
INFO: [ app_begin ] --END-- [ RunTime:0.000949s ]
NOTIC: [8] Memcache::connect():  D:\wamp\xiangmu\tpshop\ThinkPHP\Library\Think\Cache\Driver\Memcache.class.php 第 43 行.
NOTIC: [2] Memcache::connect():  D:\wamp\xiangmu\tpshop\ThinkPHP\Library\Think\Cache\Driver\Memcache.class.php 第 43 行.
SQL: SHOW COLUMNS FROM `sp_manager` [ RunTime:0.0041s ]
SQL: SELECT r.role_auth_ac FROM sp_manager m INNER JOIN sp_role as r on m.role_id=r.role_id  WHERE m.mg_id = '502' LIMIT 1   [ RunTime:0.0003s ]
SQL: SHOW COLUMNS FROM `sp_user` [ RunTime:0.0036s ]
SQL: SELECT `dongjie_time`,`flag` FROM `sp_user` WHERE `user_id` = 133 LIMIT 1   [ RunTime:0.0003s ]
SQL: UPDATE `sp_user` SET `flag`='2',`dongjie_time`='1511744760' WHERE `user_id` = 133 [ RunTime:0.0268s ]
INFO: [ app_end ] --START--
INFO: Run Behavior\ShowPageTraceBehavior [ RunTime:0.000785s ]
INFO: [ app_end ] --END-- [ RunTime:0.000824s ]

[ 2017-07-27T09:06:06+08:00 ] 127.0.0.1 /index.php/Admin/User/undefinedcss/modules/layer/default/layer.css?v=3.0.3303
ERR: 非法操作:undefinedcss

[ 2017-07-27T09:06:28+08:00 ] 127.0.0.1 /index.php/Admin/User/
ERR: 非法操作:index

[ 2017-07-27T09:07:16+08:00 ] 127.0.0.1 /index.php/Admin/User/
ERR: 非法操作:index

[ 2017-07-27T09:07:32+08:00 ] 127.0.0.1 /index.php/Admin/Member/addMember
ERR: 无法加载控制器:Member

[ 2017-07-27T09:08:22+08:00 ] 127.0.0.1 /index.php/Admin/Attribute/getAttrInfoByType?type_id=1
INFO: [ app_begin ] --START--
INFO: Run Behavior\ReadHtmlCacheBehavior [ RunTime:0.000486s ]
INFO: [ app_begin ] --END-- [ RunTime:0.000850s ]
NOTIC: [8] Memcache::connect():  D:\wamp\xiangmu\tpshop\ThinkPHP\Library\Think\Cache\Driver\Memcache.class.php 第 43 行.
NOTIC: [2] Memcache::connect():  D:\wamp\xiangmu\tpshop\ThinkPHP\Library\Think\Cache\Driver\Memcache.class.php 第 43 行.
SQL: SHOW COLUMNS FROM `sp_manager` [ RunTime:0.0044s ]
SQL: SELECT r.role_auth_ac FROM sp_manager m INNER JOIN sp_role as r on m.role_id=r.role_id  WHERE m.mg_id = '502' LIMIT 1   [ RunTime:0.0003s ]
SQL: SHOW COLUMNS FROM `sp_attribute` [ RunTime:0.0031s ]
SQL: SELECT a.*,t.type_name FROM sp_attribute a INNER JOIN sp_type as t on a.type_id=t.type_id  WHERE a.type_id = '1'  [ RunTime:0.0003s ]
INFO: [ app_end ] --START--
INFO: Run Behavior\ShowPageTraceBehavior [ RunTime:0.000526s ]
INFO: [ app_end ] --END-- [ RunTime:0.000558s ]

[ 2017-07-27T09:08:41+08:00 ] 127.0.0.1 /index.php/Admin/Attribute/getAttrInfoByType?type_id=1
INFO: [ app_begin ] --START--
INFO: Run Behavior\ReadHtmlCacheBehavior [ RunTime:0.000895s ]
INFO: [ app_begin ] --END-- [ RunTime:0.001731s ]
NOTIC: [8] Memcache::connect():  D:\wamp\xiangmu\tpshop\ThinkPHP\Library\Think\Cache\Driver\Memcache.class.php 第 43 行.
NOTIC: [2] Memcache::connect():  D:\wamp\xiangmu\tpshop\ThinkPHP\Library\Think\Cache\Driver\Memcache.class.php 第 43 行.
SQL: SHOW COLUMNS FROM `sp_manager` [ RunTime:0.0041s ]
SQL: SELECT r.role_auth_ac FROM sp_manager m INNER JOIN sp_role as r on m.role_id=r.role_id  WHERE m.mg_id = '502' LIMIT 1   [ RunTime:0.0003s ]
SQL: SHOW COLUMNS FROM `sp_attribute` [ RunTime:0.0033s ]
SQL: SELECT a.*,t.type_name FROM sp_attribute a INNER JOIN sp_type as t on a.type_id=t.type_id  WHERE a.type_id = '1'  [ RunTime:0.0003s ]
INFO: [ app_end ] --START--
INFO: Run Behavior\ShowPageTraceBehavior [ RunTime:0.000649s ]
INFO: [ app_end ] --END-- [ RunTime:0.000684s ]

[ 2017-07-27T09:08:51+08:00 ] 127.0.0.1 /index.php/Admin/Attribute/getAttrInfoByType?type_id=2
INFO: [ app_begin ] --START--
INFO: Run Behavior\ReadHtmlCacheBehavior [ RunTime:0.000472s ]
INFO: [ app_begin ] --END-- [ RunTime:0.000811s ]
NOTIC: [8] Memcache::connect():  D:\wamp\xiangmu\tpshop\ThinkPHP\Library\Think\Cache\Driver\Memcache.class.php 第 43 行.
NOTIC: [2] Memcache::connect():  D:\wamp\xiangmu\tpshop\ThinkPHP\Library\Think\Cache\Driver\Memcache.class.php 第 43 行.
SQL: SHOW COLUMNS FROM `sp_manager` [ RunTime:0.0040s ]
SQL: SELECT r.role_auth_ac FROM sp_manager m INNER JOIN sp_role as r on m.role_id=r.role_id  WHERE m.mg_id = '502' LIMIT 1   [ RunTime:0.0003s ]
SQL: SHOW COLUMNS FROM `sp_attribute` [ RunTime:0.0034s ]
SQL: SELECT a.*,t.type_name FROM sp_attribute a INNER JOIN sp_type as t on a.type_id=t.type_id  WHERE a.type_id = '2'  [ RunTime:0.0003s ]
INFO: [ app_end ] --START--
INFO: Run Behavior\ShowPageTraceBehavior [ RunTime:0.000600s ]
INFO: [ app_end ] --END-- [ RunTime:0.000632s ]

[ 2017-07-27T09:08:55+08:00 ] 127.0.0.1 /index.php/Admin/Attribute/getAttrInfoByType?type_id=3
INFO: [ app_begin ] --START--
INFO: Run Behavior\ReadHtmlCacheBehavior [ RunTime:0.000487s ]
INFO: [ app_begin ] --END-- [ RunTime:0.000842s ]
NOTIC: [8] Memcache::connect():  D:\wamp\xiangmu\tpshop\ThinkPHP\Library\Think\Cache\Driver\Memcache.class.php 第 43 行.
NOTIC: [2] Memcache::connect():  D:\wamp\xiangmu\tpshop\ThinkPHP\Library\Think\Cache\Driver\Memcache.class.php 第 43 行.
SQL: SHOW COLUMNS FROM `sp_manager` [ RunTime:0.0036s ]
SQL: SELECT r.role_auth_ac FROM sp_manager m INNER JOIN sp_role as r on m.role_id=r.role_id  WHERE m.mg_id = '502' LIMIT 1   [ RunTime:0.0003s ]
SQL: SHOW COLUMNS FROM `sp_attribute` [ RunTime:0.0033s ]
SQL: SELECT a.*,t.type_name FROM sp_attribute a INNER JOIN sp_type as t on a.type_id=t.type_id  WHERE a.type_id = '3'  [ RunTime:0.0003s ]
INFO: [ app_end ] --START--
INFO: Run Behavior\ShowPageTraceBehavior [ RunTime:0.000585s ]
INFO: [ app_end ] --END-- [ RunTime:0.000616s ]

[ 2017-07-27T09:08:59+08:00 ] 127.0.0.1 /index.php/Admin/Attribute/getAttrInfoByType?type_id=1
INFO: [ app_begin ] --START--
INFO: Run Behavior\ReadHtmlCacheBehavior [ RunTime:0.000491s ]
INFO: [ app_begin ] --END-- [ RunTime:0.000851s ]
NOTIC: [8] Memcache::connect():  D:\wamp\xiangmu\tpshop\ThinkPHP\Library\Think\Cache\Driver\Memcache.class.php 第 43 行.
NOTIC: [2] Memcache::connect():  D:\wamp\xiangmu\tpshop\ThinkPHP\Library\Think\Cache\Driver\Memcache.class.php 第 43 行.
SQL: SHOW COLUMNS FROM `sp_manager` [ RunTime:0.0040s ]
SQL: SELECT r.role_auth_ac FROM sp_manager m INNER JOIN sp_role as r on m.role_id=r.role_id  WHERE m.mg_id = '502' LIMIT 1   [ RunTime:0.0003s ]
SQL: SHOW COLUMNS FROM `sp_attribute` [ RunTime:0.0030s ]
SQL: SELECT a.*,t.type_name FROM sp_attribute a INNER JOIN sp_type as t on a.type_id=t.type_id  WHERE a.type_id = '1'  [ RunTime:0.0004s ]
INFO: [ app_end ] --START--
INFO: Run Behavior\ShowPageTraceBehavior [ RunTime:0.000653s ]
INFO: [ app_end ] --END-- [ RunTime:0.000688s ]

[ 2017-07-27T09:11:08+08:00 ] 127.0.0.1 /index.php/Admin/Attribute/getAttrInfoByType?type_id=0
INFO: [ app_begin ] --START--
INFO: Run Behavior\ReadHtmlCacheBehavior [ RunTime:0.000530s ]
INFO: [ app_begin ] --END-- [ RunTime:0.000961s ]
NOTIC: [8] Memcache::connect():  D:\wamp\xiangmu\tpshop\ThinkPHP\Library\Think\Cache\Driver\Memcache.class.php 第 43 行.
NOTIC: [2] Memcache::connect():  D:\wamp\xiangmu\tpshop\ThinkPHP\Library\Think\Cache\Driver\Memcache.class.php 第 43 行.
SQL: SHOW COLUMNS FROM `sp_manager` [ RunTime:0.0040s ]
SQL: SELECT r.role_auth_ac FROM sp_manager m INNER JOIN sp_role as r on m.role_id=r.role_id  WHERE m.mg_id = '502' LIMIT 1   [ RunTime:0.0003s ]
SQL: SHOW COLUMNS FROM `sp_attribute` [ RunTime:0.0035s ]
SQL: SELECT a.*,t.type_name FROM sp_attribute a INNER JOIN sp_type as t on a.type_id=t.type_id   [ RunTime:0.0005s ]
INFO: [ app_end ] --START--
INFO: Run Behavior\ShowPageTraceBehavior [ RunTime:0.000745s ]
INFO: [ app_end ] --END-- [ RunTime:0.000791s ]

[ 2017-07-27T09:11:13+08:00 ] 127.0.0.1 /index.php/Admin/Attribute/updAttr/attr_id/1.html
ERR: 非法操作:updAttr

[ 2017-07-27T09:11:18+08:00 ] 127.0.0.1 /index.php/Admin/Attribute/getAttrInfoByType?type_id=0
INFO: [ app_begin ] --START--
INFO: Run Behavior\ReadHtmlCacheBehavior [ RunTime:0.001023s ]
INFO: [ app_begin ] --END-- [ RunTime:0.001810s ]
NOTIC: [8] Memcache::connect():  D:\wamp\xiangmu\tpshop\ThinkPHP\Library\Think\Cache\Driver\Memcache.class.php 第 43 行.
NOTIC: [2] Memcache::connect():  D:\wamp\xiangmu\tpshop\ThinkPHP\Library\Think\Cache\Driver\Memcache.class.php 第 43 行.
SQL: SHOW COLUMNS FROM `sp_manager` [ RunTime:0.0040s ]
SQL: SELECT r.role_auth_ac FROM sp_manager m INNER JOIN sp_role as r on m.role_id=r.role_id  WHERE m.mg_id = '502' LIMIT 1   [ RunTime:0.0003s ]
SQL: SHOW COLUMNS FROM `sp_attribute` [ RunTime:0.0038s ]
SQL: SELECT a.*,t.type_name FROM sp_attribute a INNER JOIN sp_type as t on a.type_id=t.type_id   [ RunTime:0.0004s ]
INFO: [ app_end ] --START--
INFO: Run Behavior\ShowPageTraceBehavior [ RunTime:0.000530s ]
INFO: [ app_end ] --END-- [ RunTime:0.000563s ]

[ 2017-07-27T10:11:44+08:00 ] 127.0.0.1 /index.php/Admin/Index/index.html
INFO: [ app_end ] --START--
INFO: Run Behavior\ShowPageTraceBehavior [ RunTime:0.000646s ]
INFO: [ app_end ] --END-- [ RunTime:0.001056s ]

[ 2017-07-27T10:11:46+08:00 ] 127.0.0.1 /index.php/Admin/Index/top.html
INFO: [ app_end ] --START--
INFO: Run Behavior\ShowPageTraceBehavior [ RunTime:0.000701s ]
INFO: [ app_end ] --END-- [ RunTime:0.001082s ]

[ 2017-07-27T10:11:48+08:00 ] 127.0.0.1 /index.php/Admin/Index/center.html
INFO: [ app_end ] --START--
INFO: Run Behavior\ShowPageTraceBehavior [ RunTime:0.000797s ]
INFO: [ app_end ] --END-- [ RunTime:0.001223s ]

[ 2017-07-27T10:11:50+08:00 ] 127.0.0.1 /index.php/Admin/Index/down.html
INFO: [ app_end ] --START--
INFO: Run Behavior\ShowPageTraceBehavior [ RunTime:0.000605s ]
INFO: [ app_end ] --END-- [ RunTime:0.000977s ]

[ 2017-07-27T10:11:54+08:00 ] 127.0.0.1 /index.php/Admin/Index/right.html
INFO: [ app_end ] --START--
INFO: Run Behavior\ShowPageTraceBehavior [ RunTime:0.000643s ]
INFO: [ app_end ] --END-- [ RunTime:0.001011s ]

[ 2017-07-27T10:12:02+08:00 ] 127.0.0.1 /index.php/Admin/Attribute/getAttrInfoByType?type_id=0
INFO: [ app_begin ] --START--
INFO: Run Behavior\ReadHtmlCacheBehavior [ RunTime:0.000686s ]
INFO: [ app_begin ] --END-- [ RunTime:0.001068s ]
NOTIC: [8] Memcache::connect():  D:\wamp\xiangmu\tpshop\ThinkPHP\Library\Think\Cache\Driver\Memcache.class.php 第 43 行.
NOTIC: [2] Memcache::connect():  D:\wamp\xiangmu\tpshop\ThinkPHP\Library\Think\Cache\Driver\Memcache.class.php 第 43 行.
SQL: SHOW COLUMNS FROM `sp_manager` [ RunTime:0.0042s ]
SQL: SELECT r.role_auth_ac FROM sp_manager m INNER JOIN sp_role as r on m.role_id=r.role_id  WHERE m.mg_id = '502' LIMIT 1   [ RunTime:0.0003s ]
SQL: SHOW COLUMNS FROM `sp_attribute` [ RunTime:0.0035s ]
SQL: SELECT a.*,t.type_name FROM sp_attribute a INNER JOIN sp_type as t on a.type_id=t.type_id   [ RunTime:0.0004s ]
INFO: [ app_end ] --START--
INFO: Run Behavior\ShowPageTraceBehavior [ RunTime:0.000740s ]
INFO: [ app_end ] --END-- [ RunTime:0.000774s ]

[ 2017-07-27T10:12:37+08:00 ] 127.0.0.1 /index.php/Admin/Attribute/add
ERR: 非法操作:add

[ 2017-07-27T10:44:21+08:00 ] 127.0.0.1 /index.php/Admin/Attribute/getAttrInfoByType?type_id=0
INFO: [ app_begin ] --START--
INFO: Run Behavior\ReadHtmlCacheBehavior [ RunTime:0.000479s ]
INFO: [ app_begin ] --END-- [ RunTime:0.000832s ]
NOTIC: [8] Memcache::connect():  D:\wamp\xiangmu\tpshop\ThinkPHP\Library\Think\Cache\Driver\Memcache.class.php 第 43 行.
NOTIC: [2] Memcache::connect():  D:\wamp\xiangmu\tpshop\ThinkPHP\Library\Think\Cache\Driver\Memcache.class.php 第 43 行.
SQL: SHOW COLUMNS FROM `sp_manager` [ RunTime:0.0037s ]
SQL: SELECT r.role_auth_ac FROM sp_manager m INNER JOIN sp_role as r on m.role_id=r.role_id  WHERE m.mg_id = '502' LIMIT 1   [ RunTime:0.0004s ]
SQL: SHOW COLUMNS FROM `sp_attribute` [ RunTime:0.0037s ]
SQL: SELECT a.*,t.type_name FROM sp_attribute a INNER JOIN sp_type as t on a.type_id=t.type_id   [ RunTime:0.0005s ]
INFO: [ app_end ] --START--
INFO: Run Behavior\ShowPageTraceBehavior [ RunTime:0.000624s ]
INFO: [ app_end ] --END-- [ RunTime:0.000665s ]

[ 2017-07-27T14:16:48+08:00 ] 127.0.0.1 /index.php/Admin/Attribute/getAttrInfoByType?type_id=0
INFO: [ app_begin ] --START--
INFO: Run Behavior\ReadHtmlCacheBehavior [ RunTime:0.001598s ]
INFO: [ app_begin ] --END-- [ RunTime:0.002172s ]
NOTIC: [8] Memcache::connect():  D:\wamp\xiangmu\tpshop\ThinkPHP\Library\Think\Cache\Driver\Memcache.class.php 第 43 行.
NOTIC: [2] Memcache::connect():  D:\wamp\xiangmu\tpshop\ThinkPHP\Library\Think\Cache\Driver\Memcache.class.php 第 43 行.
SQL: SHOW COLUMNS FROM `sp_manager` [ RunTime:0.0039s ]
SQL: SELECT r.role_auth_ac FROM sp_manager m INNER JOIN sp_role as r on m.role_id=r.role_id  WHERE m.mg_id = '502' LIMIT 1   [ RunTime:0.0004s ]
SQL: SHOW COLUMNS FROM `sp_attribute` [ RunTime:0.0037s ]
SQL: SELECT a.*,t.type_name FROM sp_attribute a INNER JOIN sp_type as t on a.type_id=t.type_id   [ RunTime:0.0004s ]
INFO: [ app_end ] --START--
INFO: Run Behavior\ShowPageTraceBehavior [ RunTime:0.000611s ]
INFO: [ app_end ] --END-- [ RunTime:0.000647s ]

[ 2017-07-27T14:17:04+08:00 ] 127.0.0.1 /index.php/Admin/
INFO: [ app_end ] --START--
INFO: Run Behavior\ShowPageTraceBehavior [ RunTime:0.000530s ]
INFO: [ app_end ] --END-- [ RunTime:0.000906s ]

[ 2017-07-27T14:17:06+08:00 ] 127.0.0.1 /index.php/Admin/Index/top.html
INFO: [ app_end ] --START--
INFO: Run Behavior\ShowPageTraceBehavior [ RunTime:0.000456s ]
INFO: [ app_end ] --END-- [ RunTime:0.000782s ]

[ 2017-07-27T14:17:08+08:00 ] 127.0.0.1 /index.php/Admin/Index/center.html
INFO: [ app_end ] --START--
INFO: Run Behavior\ShowPageTraceBehavior [ RunTime:0.000544s ]
INFO: [ app_end ] --END-- [ RunTime:0.000955s ]

[ 2017-07-27T14:17:10+08:00 ] 127.0.0.1 /index.php/Admin/Index/down.html
INFO: [ app_end ] --START--
INFO: Run Behavior\ShowPageTraceBehavior [ RunTime:0.000656s ]
INFO: [ app_end ] --END-- [ RunTime:0.001042s ]

[ 2017-07-27T14:17:14+08:00 ] 127.0.0.1 /index.php/Admin/Index/right.html
INFO: [ app_end ] --START--
INFO: Run Behavior\ShowPageTraceBehavior [ RunTime:0.000440s ]
INFO: [ app_end ] --END-- [ RunTime:0.000748s ]

[ 2017-07-27T14:17:23+08:00 ] 127.0.0.1 /index.php/Admin/Goods/getAttrByType?type_id=1
INFO: [ app_begin ] --START--
INFO: Run Behavior\ReadHtmlCacheBehavior [ RunTime:0.000530s ]
INFO: [ app_begin ] --END-- [ RunTime:0.000907s ]
NOTIC: [8] Memcache::connect():  D:\wamp\xiangmu\tpshop\ThinkPHP\Library\Think\Cache\Driver\Memcache.class.php 第 43 行.
NOTIC: [2] Memcache::connect():  D:\wamp\xiangmu\tpshop\ThinkPHP\Library\Think\Cache\Driver\Memcache.class.php 第 43 行.
SQL: SHOW COLUMNS FROM `sp_manager` [ RunTime:0.0041s ]
SQL: SELECT r.role_auth_ac FROM sp_manager m INNER JOIN sp_role as r on m.role_id=r.role_id  WHERE m.mg_id = '502' LIMIT 1   [ RunTime:0.0003s ]
SQL: SHOW COLUMNS FROM `sp_attribute` [ RunTime:0.0033s ]
SQL: SELECT * FROM `sp_attribute` WHERE `type_id` = 1  [ RunTime:0.0003s ]
INFO: [ app_end ] --START--
INFO: Run Behavior\ShowPageTraceBehavior [ RunTime:0.000707s ]
INFO: [ app_end ] --END-- [ RunTime:0.000743s ]

[ 2017-07-27T16:28:39+08:00 ] 127.0.0.1 /index.php/admin
INFO: [ app_end ] --START--
INFO: Run Behavior\ShowPageTraceBehavior [ RunTime:0.000651s ]
INFO: [ app_end ] --END-- [ RunTime:0.001003s ]

[ 2017-07-27T16:28:41+08:00 ] 127.0.0.1 /index.php/Admin/Index/top.html
INFO: [ app_end ] --START--
INFO: Run Behavior\ShowPageTraceBehavior [ RunTime:0.000634s ]
INFO: [ app_end ] --END-- [ RunTime:0.001022s ]

[ 2017-07-27T16:28:43+08:00 ] 127.0.0.1 /index.php/Admin/Index/center.html
INFO: [ app_end ] --START--
INFO: Run Behavior\ShowPageTraceBehavior [ RunTime:0.000668s ]
INFO: [ app_end ] --END-- [ RunTime:0.001106s ]

[ 2017-07-27T16:28:45+08:00 ] 127.0.0.1 /index.php/Admin/Index/down.html
INFO: [ app_end ] --START--
INFO: Run Behavior\ShowPageTraceBehavior [ RunTime:0.000659s ]
INFO: [ app_end ] --END-- [ RunTime:0.001056s ]

[ 2017-07-27T16:28:49+08:00 ] 127.0.0.1 /index.php/Admin/Index/right.html
INFO: [ app_end ] --START--
INFO: Run Behavior\ShowPageTraceBehavior [ RunTime:0.000623s ]
INFO: [ app_end ] --END-- [ RunTime:0.000986s ]

[ 2017-07-27T16:30:59+08:00 ] 127.0.0.1 /index.php/Admin/Kill/sec_kill/goods_id/44.html
ERR: 无法加载控制器:Kill

[ 2017-07-27T16:35:51+08:00 ] 127.0.0.1 /index.php/Admin/Kill/tianjia.html
INFO: [ app_begin ] --START--
INFO: Run Behavior\ReadHtmlCacheBehavior [ RunTime:0.000641s ]
INFO: [ app_begin ] --END-- [ RunTime:0.001006s ]
NOTIC: [8] Memcache::connect():  D:\wamp\xiangmu\tpshop\ThinkPHP\Library\Think\Cache\Driver\Memcache.class.php 第 43 行.
NOTIC: [2] Memcache::connect():  D:\wamp\xiangmu\tpshop\ThinkPHP\Library\Think\Cache\Driver\Memcache.class.php 第 43 行.
SQL: SHOW COLUMNS FROM `sp_manager` [ RunTime:0.0047s ]
SQL: SELECT r.role_auth_ac FROM sp_manager m INNER JOIN sp_role as r on m.role_id=r.role_id  WHERE m.mg_id = '502' LIMIT 1   [ RunTime:0.0003s ]
ERR: 非法操作:tianjia

[ 2017-07-27T16:45:59+08:00 ] 127.0.0.1 /index.php/Admin/Kill/showlist.html
ERR: 非法操作:showlist

[ 2017-07-27T16:57:06+08:00 ] 127.0.0.1 /index.php/Admin/Category/showlist
ERR: 无法加载控制器:Category

[ 2017-07-27T16:57:40+08:00 ] 127.0.0.1 /index.php/Admin/Kill/sec_kill/goods_id/43.html
ERR: 无法加载缓存类型:192.168.83.129

[ 2017-07-27T16:58:30+08:00 ] 127.0.0.1 /index.php/Admin/Kill/sec_kill/goods_id/43.html
ERR: 无法加载缓存类型:192.168.83.129

[ 2017-07-27T17:03:28+08:00 ] 127.0.0.1 /index.php/Admin/Kill/showlist.html
ERR: 非法操作:showlist

[ 2017-07-27T17:05:27+08:00 ] 127.0.0.1 /index.php/Admin/Kill/showlist.html
ERR: 非法操作:showlist

[ 2017-07-27T18:48:55+08:00 ] 127.0.0.1 /index.php/Admin/
INFO: [ app_end ] --START--
INFO: Run Behavior\ShowPageTraceBehavior [ RunTime:0.013513s ]
INFO: [ app_end ] --END-- [ RunTime:0.025015s ]

[ 2017-07-27T18:49:10+08:00 ] 127.0.0.1 /index.php/Admin/Index/index.html
INFO: [ app_end ] --START--
INFO: Run Behavior\ShowPageTraceBehavior [ RunTime:0.000602s ]
INFO: [ app_end ] --END-- [ RunTime:0.000961s ]

[ 2017-07-27T18:49:12+08:00 ] 127.0.0.1 /index.php/Admin/Index/top.html
INFO: [ app_end ] --START--
INFO: Run Behavior\ShowPageTraceBehavior [ RunTime:0.000612s ]
INFO: [ app_end ] --END-- [ RunTime:0.001030s ]

[ 2017-07-27T18:49:14+08:00 ] 127.0.0.1 /index.php/Admin/Index/center.html
INFO: [ app_end ] --START--
INFO: Run Behavior\ShowPageTraceBehavior [ RunTime:0.000529s ]
INFO: [ app_end ] --END-- [ RunTime:0.000895s ]

[ 2017-07-27T18:49:16+08:00 ] 127.0.0.1 /index.php/Admin/Index/down.html
INFO: [ app_end ] --START--
INFO: Run Behavior\ShowPageTraceBehavior [ RunTime:0.000751s ]
INFO: [ app_end ] --END-- [ RunTime:0.001150s ]

[ 2017-07-27T18:49:21+08:00 ] 127.0.0.1 /index.php/Admin/Index/right.html
INFO: [ app_end ] --START--
INFO: Run Behavior\ShowPageTraceBehavior [ RunTime:0.000641s ]
INFO: [ app_end ] --END-- [ RunTime:0.001075s ]

[ 2017-07-27T18:50:22+08:00 ] 127.0.0.1 /index.php/Admin/Kill/sec_kill/goods_id/41.html
ERR: Redis server went away

[ 2017-07-27T18:55:17+08:00 ] 127.0.0.1 /index.php/Admin/Kill/showlist.html
ERR: 非法操作:showlist

[ 2017-07-27T19:33:47+08:00 ] 127.0.0.1 /index.php/Admin/Kill/showlist.html
ERR: 非法操作:showlist

[ 2017-07-27T19:34:17+08:00 ] 127.0.0.1 /index.php/Admin/Kill/showlist.html
ERR: 非法操作:showlist

[ 2017-07-27T20:35:12+08:00 ] 127.0.0.1 /index.php/Admin/Kill/showlist.html
ERR: 非法操作:showlist

[ 2017-07-27T20:39:02+08:00 ] 127.0.0.1 /index.php/Admin/Kill/showlist.html
ERR: 非法操作:showlist

[ 2017-07-27T20:51:53+08:00 ] 127.0.0.1 /index.php/Admin/Kill/showlist.html
ERR: 非法操作:showlist

