[ 2017-07-08T08:54:47+08:00 ] 127.0.0.1 /index.php/Admin/
INFO: [ app_end ] --START--
INFO: Run Behavior\ShowPageTraceBehavior [ RunTime:0.001804s ]
INFO: [ app_end ] --END-- [ RunTime:0.003208s ]

[ 2017-07-08T08:54:56+08:00 ] 127.0.0.1 /index.php/Admin/Index/index.html
INFO: [ app_end ] --START--
INFO: Run Behavior\ShowPageTraceBehavior [ RunTime:0.002223s ]
INFO: [ app_end ] --END-- [ RunTime:0.003770s ]

[ 2017-07-08T08:54:58+08:00 ] 127.0.0.1 /index.php/Admin/Index/center.html
INFO: [ app_end ] --START--
INFO: Run Behavior\ShowPageTraceBehavior [ RunTime:0.001216s ]
INFO: [ app_end ] --END-- [ RunTime:0.002072s ]

[ 2017-07-08T08:54:59+08:00 ] 127.0.0.1 /index.php/Admin/Index/top.html
INFO: [ app_end ] --START--
INFO: Run Behavior\ShowPageTraceBehavior [ RunTime:0.001903s ]
INFO: [ app_end ] --END-- [ RunTime:0.003213s ]

[ 2017-07-08T08:55:00+08:00 ] 127.0.0.1 /index.php/Admin/Index/down.html
INFO: [ app_end ] --START--
INFO: Run Behavior\ShowPageTraceBehavior [ RunTime:0.002152s ]
INFO: [ app_end ] --END-- [ RunTime:0.003620s ]

[ 2017-07-08T08:55:02+08:00 ] 127.0.0.1 /index.php/Admin/Index/right.html
INFO: [ app_end ] --START--
INFO: Run Behavior\ShowPageTraceBehavior [ RunTime:0.002224s ]
INFO: [ app_end ] --END-- [ RunTime:0.003724s ]

[ 2017-07-08T08:55:14+08:00 ] 127.0.0.1 /index.php/Admin/Goods/getAttrByType2?goods_id=35&type_id=2
INFO: [ app_begin ] --START--
INFO: Run Behavior\ReadHtmlCacheBehavior [ RunTime:0.000484s ]
INFO: [ app_begin ] --END-- [ RunTime:0.000839s ]
SQL: SHOW COLUMNS FROM `sp_manager` [ RunTime:0.0063s ]
SQL: SELECT r.role_auth_ac FROM sp_manager m INNER JOIN sp_role as r on m.role_id=r.role_id  WHERE m.mg_id = '502' LIMIT 1   [ RunTime:0.0005s ]
SQL: SHOW COLUMNS FROM `sp_attribute` [ RunTime:0.0388s ]
SQL: SELECT a.*,(select group_concat(ga.attr_value) from sp_goods_attr as ga where ga.attr_id=a.attr_id and ga.goods_id=35) as attr_values FROM sp_attribute a WHERE a.type_id = '2'  [ RunTime:0.0389s ]
INFO: [ app_end ] --START--
INFO: Run Behavior\ShowPageTraceBehavior [ RunTime:0.002058s ]
INFO: [ app_end ] --END-- [ RunTime:0.002190s ]

[ 2017-07-08T08:55:17+08:00 ] 127.0.0.1 /index.php/Admin/Goods/getAttrByType2?goods_id=35&type_id=1
INFO: [ app_begin ] --START--
INFO: Run Behavior\ReadHtmlCacheBehavior [ RunTime:0.000463s ]
INFO: [ app_begin ] --END-- [ RunTime:0.000794s ]
SQL: SHOW COLUMNS FROM `sp_manager` [ RunTime:0.0065s ]
SQL: SELECT r.role_auth_ac FROM sp_manager m INNER JOIN sp_role as r on m.role_id=r.role_id  WHERE m.mg_id = '502' LIMIT 1   [ RunTime:0.0005s ]
SQL: SHOW COLUMNS FROM `sp_attribute` [ RunTime:0.0096s ]
SQL: SELECT a.*,(select group_concat(ga.attr_value) from sp_goods_attr as ga where ga.attr_id=a.attr_id and ga.goods_id=35) as attr_values FROM sp_attribute a WHERE a.type_id = '1'  [ RunTime:0.0019s ]
INFO: [ app_end ] --START--
INFO: Run Behavior\ShowPageTraceBehavior [ RunTime:0.002043s ]
INFO: [ app_end ] --END-- [ RunTime:0.002172s ]

[ 2017-07-08T08:56:27+08:00 ] 127.0.0.1 /index.php/Admin/Goods/getAttrByType2?goods_id=35&type_id=1
INFO: [ app_begin ] --START--
INFO: Run Behavior\ReadHtmlCacheBehavior [ RunTime:0.000602s ]
INFO: [ app_begin ] --END-- [ RunTime:0.001076s ]
SQL: SHOW COLUMNS FROM `sp_manager` [ RunTime:0.0062s ]
SQL: SELECT r.role_auth_ac FROM sp_manager m INNER JOIN sp_role as r on m.role_id=r.role_id  WHERE m.mg_id = '502' LIMIT 1   [ RunTime:0.0003s ]
SQL: SHOW COLUMNS FROM `sp_attribute` [ RunTime:0.0045s ]
SQL: SELECT a.*,(select group_concat(ga.attr_value) from sp_goods_attr as ga where ga.attr_id=a.attr_id and ga.goods_id=35) as attr_values FROM sp_attribute a WHERE a.type_id = '1'  [ RunTime:0.0007s ]
INFO: [ app_end ] --START--
INFO: Run Behavior\ShowPageTraceBehavior [ RunTime:0.000707s ]
INFO: [ app_end ] --END-- [ RunTime:0.000747s ]

[ 2017-07-08T08:57:10+08:00 ] 127.0.0.1 /index.php/Admin/Goods/getAttrByType2?goods_id=35&type_id=1
INFO: [ app_begin ] --START--
INFO: Run Behavior\ReadHtmlCacheBehavior [ RunTime:0.000508s ]
INFO: [ app_begin ] --END-- [ RunTime:0.000870s ]
SQL: SHOW COLUMNS FROM `sp_manager` [ RunTime:0.0124s ]
SQL: SELECT r.role_auth_ac FROM sp_manager m INNER JOIN sp_role as r on m.role_id=r.role_id  WHERE m.mg_id = '502' LIMIT 1   [ RunTime:0.0009s ]
SQL: SHOW COLUMNS FROM `sp_attribute` [ RunTime:0.0117s ]
SQL: SELECT a.*,(select group_concat(ga.attr_value) from sp_goods_attr as ga where ga.attr_id=a.attr_id and ga.goods_id=35) as attr_values FROM sp_attribute a WHERE a.type_id = '1'  [ RunTime:0.0018s ]
INFO: [ app_end ] --START--
INFO: Run Behavior\ShowPageTraceBehavior [ RunTime:0.002067s ]
INFO: [ app_end ] --END-- [ RunTime:0.002193s ]

[ 2017-07-08T08:59:11+08:00 ] 127.0.0.1 /index.php/Admin/Goods/getAttrByType2?goods_id=35&type_id=1
INFO: [ app_begin ] --START--
INFO: Run Behavior\ReadHtmlCacheBehavior [ RunTime:0.000515s ]
INFO: [ app_begin ] --END-- [ RunTime:0.000886s ]
SQL: SHOW COLUMNS FROM `sp_manager` [ RunTime:0.0118s ]
SQL: SELECT r.role_auth_ac FROM sp_manager m INNER JOIN sp_role as r on m.role_id=r.role_id  WHERE m.mg_id = '502' LIMIT 1   [ RunTime:0.0009s ]
SQL: SHOW COLUMNS FROM `sp_attribute` [ RunTime:0.0120s ]
SQL: SELECT a.*,(select group_concat(ga.attr_value) from sp_goods_attr as ga where ga.attr_id=a.attr_id and ga.goods_id=35) as attr_values FROM sp_attribute a WHERE a.type_id = '1'  [ RunTime:0.0020s ]
INFO: [ app_end ] --START--
INFO: Run Behavior\ShowPageTraceBehavior [ RunTime:0.002319s ]
INFO: [ app_end ] --END-- [ RunTime:0.002450s ]

[ 2017-07-08T08:59:17+08:00 ] 127.0.0.1 /index.php/Admin/Goods/getAttrByType2?goods_id=35&type_id=1
INFO: [ app_begin ] --START--
INFO: Run Behavior\ReadHtmlCacheBehavior [ RunTime:0.000474s ]
INFO: [ app_begin ] --END-- [ RunTime:0.000846s ]
SQL: SHOW COLUMNS FROM `sp_manager` [ RunTime:0.0125s ]
SQL: SELECT r.role_auth_ac FROM sp_manager m INNER JOIN sp_role as r on m.role_id=r.role_id  WHERE m.mg_id = '502' LIMIT 1   [ RunTime:0.0005s ]
SQL: SHOW COLUMNS FROM `sp_attribute` [ RunTime:0.0062s ]
SQL: SELECT a.*,(select group_concat(ga.attr_value) from sp_goods_attr as ga where ga.attr_id=a.attr_id and ga.goods_id=35) as attr_values FROM sp_attribute a WHERE a.type_id = '1'  [ RunTime:0.0010s ]
INFO: [ app_end ] --START--
INFO: Run Behavior\ShowPageTraceBehavior [ RunTime:0.001093s ]
INFO: [ app_end ] --END-- [ RunTime:0.001161s ]

[ 2017-07-08T08:59:31+08:00 ] 127.0.0.1 /index.php/Admin/Goods/getAttrByType2?goods_id=35&type_id=1
INFO: [ app_begin ] --START--
INFO: Run Behavior\ReadHtmlCacheBehavior [ RunTime:0.000493s ]
INFO: [ app_begin ] --END-- [ RunTime:0.000890s ]
SQL: SHOW COLUMNS FROM `sp_manager` [ RunTime:0.0120s ]
SQL: SELECT r.role_auth_ac FROM sp_manager m INNER JOIN sp_role as r on m.role_id=r.role_id  WHERE m.mg_id = '502' LIMIT 1   [ RunTime:0.0009s ]
SQL: SHOW COLUMNS FROM `sp_attribute` [ RunTime:0.0120s ]
SQL: SELECT a.*,(select group_concat(ga.attr_value) from sp_goods_attr as ga where ga.attr_id=a.attr_id and ga.goods_id=35) as attr_values FROM sp_attribute a WHERE a.type_id = '1'  [ RunTime:0.0018s ]
INFO: [ app_end ] --START--
INFO: Run Behavior\ShowPageTraceBehavior [ RunTime:0.002117s ]
INFO: [ app_end ] --END-- [ RunTime:0.002257s ]

[ 2017-07-08T09:01:18+08:00 ] 127.0.0.1 /index.php/Admin/Goods/getAttrByType2?goods_id=35&type_id=1
INFO: [ app_begin ] --START--
INFO: Run Behavior\ReadHtmlCacheBehavior [ RunTime:0.000459s ]
INFO: [ app_begin ] --END-- [ RunTime:0.000807s ]
SQL: SHOW COLUMNS FROM `sp_manager` [ RunTime:0.0120s ]
SQL: SELECT r.role_auth_ac FROM sp_manager m INNER JOIN sp_role as r on m.role_id=r.role_id  WHERE m.mg_id = '502' LIMIT 1   [ RunTime:0.0009s ]
SQL: SHOW COLUMNS FROM `sp_attribute` [ RunTime:0.0163s ]
SQL: SELECT a.*,(select group_concat(ga.attr_value) from sp_goods_attr as ga where ga.attr_id=a.attr_id and ga.goods_id=35) as attr_values FROM sp_attribute a WHERE a.type_id = '1'  [ RunTime:0.0019s ]
INFO: [ app_end ] --START--
INFO: Run Behavior\ShowPageTraceBehavior [ RunTime:0.002108s ]
INFO: [ app_end ] --END-- [ RunTime:0.002240s ]

[ 2017-07-08T09:01:38+08:00 ] 127.0.0.1 /index.php/Admin/Goods/getAttrByType2?goods_id=35&type_id=1
INFO: [ app_begin ] --START--
INFO: Run Behavior\ReadHtmlCacheBehavior [ RunTime:0.001149s ]
INFO: [ app_begin ] --END-- [ RunTime:0.002035s ]
SQL: SHOW COLUMNS FROM `sp_manager` [ RunTime:0.0123s ]
SQL: SELECT r.role_auth_ac FROM sp_manager m INNER JOIN sp_role as r on m.role_id=r.role_id  WHERE m.mg_id = '502' LIMIT 1   [ RunTime:0.0009s ]
SQL: SHOW COLUMNS FROM `sp_attribute` [ RunTime:0.0128s ]
SQL: SELECT a.*,(select group_concat(ga.attr_value) from sp_goods_attr as ga where ga.attr_id=a.attr_id and ga.goods_id=35) as attr_values FROM sp_attribute a WHERE a.type_id = '1'  [ RunTime:0.0018s ]
INFO: [ app_end ] --START--
INFO: Run Behavior\ShowPageTraceBehavior [ RunTime:0.002247s ]
INFO: [ app_end ] --END-- [ RunTime:0.002385s ]

[ 2017-07-08T09:01:43+08:00 ] 127.0.0.1 /index.php/Admin/Goods/getAttrByType2?goods_id=35&type_id=1
INFO: [ app_begin ] --START--
INFO: Run Behavior\ReadHtmlCacheBehavior [ RunTime:0.000526s ]
INFO: [ app_begin ] --END-- [ RunTime:0.000914s ]
SQL: SHOW COLUMNS FROM `sp_manager` [ RunTime:0.0115s ]
SQL: SELECT r.role_auth_ac FROM sp_manager m INNER JOIN sp_role as r on m.role_id=r.role_id  WHERE m.mg_id = '502' LIMIT 1   [ RunTime:0.0009s ]
SQL: SHOW COLUMNS FROM `sp_attribute` [ RunTime:0.0118s ]
SQL: SELECT a.*,(select group_concat(ga.attr_value) from sp_goods_attr as ga where ga.attr_id=a.attr_id and ga.goods_id=35) as attr_values FROM sp_attribute a WHERE a.type_id = '1'  [ RunTime:0.0019s ]
INFO: [ app_end ] --START--
INFO: Run Behavior\ShowPageTraceBehavior [ RunTime:0.002080s ]
INFO: [ app_end ] --END-- [ RunTime:0.002213s ]

[ 2017-07-08T09:32:40+08:00 ] 127.0.0.1 /index.php/Admin/
INFO: [ app_end ] --START--
INFO: Run Behavior\ShowPageTraceBehavior [ RunTime:0.001293s ]
INFO: [ app_end ] --END-- [ RunTime:0.002308s ]

[ 2017-07-08T09:32:58+08:00 ] 127.0.0.1 /index.php/Admin/Index/index.html
INFO: [ app_end ] --START--
INFO: Run Behavior\ShowPageTraceBehavior [ RunTime:0.000521s ]
INFO: [ app_end ] --END-- [ RunTime:0.000884s ]

[ 2017-07-08T09:32:59+08:00 ] 127.0.0.1 /index.php/Admin/Index/top.html
INFO: [ app_end ] --START--
INFO: Run Behavior\ShowPageTraceBehavior [ RunTime:0.001939s ]
INFO: [ app_end ] --END-- [ RunTime:0.003841s ]

[ 2017-07-08T09:33:00+08:00 ] 127.0.0.1 /index.php/Admin/Index/center.html
INFO: [ app_end ] --START--
INFO: Run Behavior\ShowPageTraceBehavior [ RunTime:0.000464s ]
INFO: [ app_end ] --END-- [ RunTime:0.000798s ]

[ 2017-07-08T09:33:01+08:00 ] 127.0.0.1 /index.php/Admin/Index/down.html
INFO: [ app_end ] --START--
INFO: Run Behavior\ShowPageTraceBehavior [ RunTime:0.001063s ]
INFO: [ app_end ] --END-- [ RunTime:0.001811s ]

[ 2017-07-08T09:33:02+08:00 ] 127.0.0.1 /index.php/Admin/Index/right.html
INFO: [ app_end ] --START--
INFO: Run Behavior\ShowPageTraceBehavior [ RunTime:0.000932s ]
INFO: [ app_end ] --END-- [ RunTime:0.001595s ]

[ 2017-07-08T09:33:14+08:00 ] 127.0.0.1 /index.php/Admin/Goods/getAttrByType2?goods_id=35&type_id=1
INFO: [ app_begin ] --START--
INFO: Run Behavior\ReadHtmlCacheBehavior [ RunTime:0.000471s ]
INFO: [ app_begin ] --END-- [ RunTime:0.000808s ]
SQL: SHOW COLUMNS FROM `sp_manager` [ RunTime:0.0118s ]
SQL: SELECT r.role_auth_ac FROM sp_manager m INNER JOIN sp_role as r on m.role_id=r.role_id  WHERE m.mg_id = '502' LIMIT 1   [ RunTime:0.0006s ]
SQL: SHOW COLUMNS FROM `sp_attribute` [ RunTime:0.0274s ]
SQL: SELECT a.*,(select group_concat(ga.attr_value) from sp_goods_attr as ga where ga.attr_id=a.attr_id and ga.goods_id=35) as attr_values FROM sp_attribute a WHERE a.type_id = '1'  [ RunTime:0.0406s ]
INFO: [ app_end ] --START--
INFO: Run Behavior\ShowPageTraceBehavior [ RunTime:0.001540s ]
INFO: [ app_end ] --END-- [ RunTime:0.001643s ]

[ 2017-07-08T09:43:06+08:00 ] 127.0.0.1 /index.php/Admin/Goods/getAttrByType2?goods_id=35&type_id=1
INFO: [ app_begin ] --START--
INFO: Run Behavior\ReadHtmlCacheBehavior [ RunTime:0.000743s ]
INFO: [ app_begin ] --END-- [ RunTime:0.001506s ]
SQL: SHOW COLUMNS FROM `sp_manager` [ RunTime:0.0078s ]
SQL: SELECT r.role_auth_ac FROM sp_manager m INNER JOIN sp_role as r on m.role_id=r.role_id  WHERE m.mg_id = '502' LIMIT 1   [ RunTime:0.0004s ]
SQL: SHOW COLUMNS FROM `sp_attribute` [ RunTime:0.0061s ]
SQL: SELECT a.*,(select group_concat(ga.attr_value) from sp_goods_attr as ga where ga.attr_id=a.attr_id and ga.goods_id=35) as attr_values FROM sp_attribute a WHERE a.type_id = '1'  [ RunTime:0.0008s ]
INFO: [ app_end ] --START--
INFO: Run Behavior\ShowPageTraceBehavior [ RunTime:0.000590s ]
INFO: [ app_end ] --END-- [ RunTime:0.000632s ]

[ 2017-07-08T09:43:44+08:00 ] 127.0.0.1 /index.php/Admin/Goods/getAttrByType2?goods_id=35&type_id=1
INFO: [ app_begin ] --START--
INFO: Run Behavior\ReadHtmlCacheBehavior [ RunTime:0.000464s ]
INFO: [ app_begin ] --END-- [ RunTime:0.000791s ]
SQL: SHOW COLUMNS FROM `sp_manager` [ RunTime:0.0156s ]
SQL: SELECT r.role_auth_ac FROM sp_manager m INNER JOIN sp_role as r on m.role_id=r.role_id  WHERE m.mg_id = '502' LIMIT 1   [ RunTime:0.0008s ]
SQL: SHOW COLUMNS FROM `sp_attribute` [ RunTime:0.0164s ]
SQL: SELECT a.*,(select group_concat(ga.attr_value) from sp_goods_attr as ga where ga.attr_id=a.attr_id and ga.goods_id=35) as attr_values FROM sp_attribute a WHERE a.type_id = '1'  [ RunTime:0.0012s ]
INFO: [ app_end ] --START--
INFO: Run Behavior\ShowPageTraceBehavior [ RunTime:0.001082s ]
INFO: [ app_end ] --END-- [ RunTime:0.001149s ]

[ 2017-07-08T09:44:09+08:00 ] 127.0.0.1 /index.php/Admin/Goods/getAttrByType2?goods_id=35&type_id=1
INFO: [ app_begin ] --START--
INFO: Run Behavior\ReadHtmlCacheBehavior [ RunTime:0.000940s ]
INFO: [ app_begin ] --END-- [ RunTime:0.001636s ]
SQL: SHOW COLUMNS FROM `sp_manager` [ RunTime:0.0059s ]
SQL: SELECT r.role_auth_ac FROM sp_manager m INNER JOIN sp_role as r on m.role_id=r.role_id  WHERE m.mg_id = '502' LIMIT 1   [ RunTime:0.0002s ]
SQL: SHOW COLUMNS FROM `sp_attribute` [ RunTime:0.0049s ]
SQL: SELECT a.*,(select group_concat(ga.attr_value) from sp_goods_attr as ga where ga.attr_id=a.attr_id and ga.goods_id=35) as attr_values FROM sp_attribute a WHERE a.type_id = '1'  [ RunTime:0.0006s ]
INFO: [ app_end ] --START--
INFO: Run Behavior\ShowPageTraceBehavior [ RunTime:0.000633s ]
INFO: [ app_end ] --END-- [ RunTime:0.000670s ]

[ 2017-07-08T09:44:26+08:00 ] 127.0.0.1 /index.php/Admin/Goods/getAttrByType2?goods_id=35&type_id=1
INFO: [ app_begin ] --START--
INFO: Run Behavior\ReadHtmlCacheBehavior [ RunTime:0.000517s ]
INFO: [ app_begin ] --END-- [ RunTime:0.000904s ]
SQL: SHOW COLUMNS FROM `sp_manager` [ RunTime:0.0055s ]
SQL: SELECT r.role_auth_ac FROM sp_manager m INNER JOIN sp_role as r on m.role_id=r.role_id  WHERE m.mg_id = '502' LIMIT 1   [ RunTime:0.0003s ]
SQL: SHOW COLUMNS FROM `sp_attribute` [ RunTime:0.0048s ]
SQL: SELECT a.*,(select group_concat(ga.attr_value) from sp_goods_attr as ga where ga.attr_id=a.attr_id and ga.goods_id=35) as attr_values FROM sp_attribute a WHERE a.type_id = '1'  [ RunTime:0.0007s ]
INFO: [ app_end ] --START--
INFO: Run Behavior\ShowPageTraceBehavior [ RunTime:0.000588s ]
INFO: [ app_end ] --END-- [ RunTime:0.000626s ]

[ 2017-07-08T09:45:14+08:00 ] 127.0.0.1 /index.php/Admin/Goods/getAttrByType2?goods_id=35&type_id=1
INFO: [ app_begin ] --START--
INFO: Run Behavior\ReadHtmlCacheBehavior [ RunTime:0.000501s ]
INFO: [ app_begin ] --END-- [ RunTime:0.000889s ]
SQL: SHOW COLUMNS FROM `sp_manager` [ RunTime:0.0061s ]
SQL: SELECT r.role_auth_ac FROM sp_manager m INNER JOIN sp_role as r on m.role_id=r.role_id  WHERE m.mg_id = '502' LIMIT 1   [ RunTime:0.0003s ]
SQL: SHOW COLUMNS FROM `sp_attribute` [ RunTime:0.0050s ]
SQL: SELECT a.*,(select group_concat(ga.attr_value) from sp_goods_attr as ga where ga.attr_id=a.attr_id and ga.goods_id=35) as attr_values FROM sp_attribute a WHERE a.type_id = '1'  [ RunTime:0.0020s ]
INFO: [ app_end ] --START--
INFO: Run Behavior\ShowPageTraceBehavior [ RunTime:0.002145s ]
INFO: [ app_end ] --END-- [ RunTime:0.002287s ]

[ 2017-07-08T09:46:55+08:00 ] 127.0.0.1 /index.php/Admin/Goods/getAttrByType2?goods_id=35&type_id=1
INFO: [ app_begin ] --START--
INFO: Run Behavior\ReadHtmlCacheBehavior [ RunTime:0.000633s ]
INFO: [ app_begin ] --END-- [ RunTime:0.001166s ]
SQL: SHOW COLUMNS FROM `sp_manager` [ RunTime:0.0172s ]
SQL: SELECT r.role_auth_ac FROM sp_manager m INNER JOIN sp_role as r on m.role_id=r.role_id  WHERE m.mg_id = '502' LIMIT 1   [ RunTime:0.0012s ]
SQL: SHOW COLUMNS FROM `sp_attribute` [ RunTime:0.0098s ]
SQL: SELECT a.*,(select group_concat(ga.attr_value) from sp_goods_attr as ga where ga.attr_id=a.attr_id and ga.goods_id=35) as attr_values FROM sp_attribute a WHERE a.type_id = '1'  [ RunTime:0.0011s ]
INFO: [ app_end ] --START--
INFO: Run Behavior\ShowPageTraceBehavior [ RunTime:0.001108s ]
INFO: [ app_end ] --END-- [ RunTime:0.001177s ]

[ 2017-07-08T09:47:21+08:00 ] 127.0.0.1 /index.php/Admin/Goods/getAttrByType2?goods_id=35&type_id=1
INFO: [ app_begin ] --START--
INFO: Run Behavior\ReadHtmlCacheBehavior [ RunTime:0.000483s ]
INFO: [ app_begin ] --END-- [ RunTime:0.000860s ]
SQL: SHOW COLUMNS FROM `sp_manager` [ RunTime:0.0060s ]
SQL: SELECT r.role_auth_ac FROM sp_manager m INNER JOIN sp_role as r on m.role_id=r.role_id  WHERE m.mg_id = '502' LIMIT 1   [ RunTime:0.0003s ]
SQL: SHOW COLUMNS FROM `sp_attribute` [ RunTime:0.0078s ]
SQL: SELECT a.*,(select group_concat(ga.attr_value) from sp_goods_attr as ga where ga.attr_id=a.attr_id and ga.goods_id=35) as attr_values FROM sp_attribute a WHERE a.type_id = '1'  [ RunTime:0.0023s ]
INFO: [ app_end ] --START--
INFO: Run Behavior\ShowPageTraceBehavior [ RunTime:0.000669s ]
INFO: [ app_end ] --END-- [ RunTime:0.000709s ]

[ 2017-07-08T09:47:37+08:00 ] 127.0.0.1 /index.php/Admin/Goods/getAttrByType2?goods_id=35&type_id=1
INFO: [ app_begin ] --START--
INFO: Run Behavior\ReadHtmlCacheBehavior [ RunTime:0.000590s ]
INFO: [ app_begin ] --END-- [ RunTime:0.001009s ]
SQL: SHOW COLUMNS FROM `sp_manager` [ RunTime:0.0059s ]
SQL: SELECT r.role_auth_ac FROM sp_manager m INNER JOIN sp_role as r on m.role_id=r.role_id  WHERE m.mg_id = '502' LIMIT 1   [ RunTime:0.0003s ]
SQL: SHOW COLUMNS FROM `sp_attribute` [ RunTime:0.0065s ]
SQL: SELECT a.*,(select group_concat(ga.attr_value) from sp_goods_attr as ga where ga.attr_id=a.attr_id and ga.goods_id=35) as attr_values FROM sp_attribute a WHERE a.type_id = '1'  [ RunTime:0.0012s ]
INFO: [ app_end ] --START--
INFO: Run Behavior\ShowPageTraceBehavior [ RunTime:0.000739s ]
INFO: [ app_end ] --END-- [ RunTime:0.000808s ]

[ 2017-07-08T09:48:25+08:00 ] 127.0.0.1 /index.php/Admin/Goods/getAttrByType2?goods_id=35&type_id=1
INFO: [ app_begin ] --START--
INFO: Run Behavior\ReadHtmlCacheBehavior [ RunTime:0.000499s ]
INFO: [ app_begin ] --END-- [ RunTime:0.000880s ]
SQL: SHOW COLUMNS FROM `sp_manager` [ RunTime:0.0064s ]
SQL: SELECT r.role_auth_ac FROM sp_manager m INNER JOIN sp_role as r on m.role_id=r.role_id  WHERE m.mg_id = '502' LIMIT 1   [ RunTime:0.0003s ]
SQL: SHOW COLUMNS FROM `sp_attribute` [ RunTime:0.0053s ]
SQL: SELECT a.*,(select group_concat(ga.attr_value) from sp_goods_attr as ga where ga.attr_id=a.attr_id and ga.goods_id=35) as attr_values FROM sp_attribute a WHERE a.type_id = '1'  [ RunTime:0.0006s ]
INFO: [ app_end ] --START--
INFO: Run Behavior\ShowPageTraceBehavior [ RunTime:0.000653s ]
INFO: [ app_end ] --END-- [ RunTime:0.000695s ]

[ 2017-07-08T09:55:02+08:00 ] 127.0.0.1 /index.php/Admin/Goods/getAttrByType2?goods_id=35&type_id=1
INFO: [ app_begin ] --START--
INFO: Run Behavior\ReadHtmlCacheBehavior [ RunTime:0.000478s ]
INFO: [ app_begin ] --END-- [ RunTime:0.000856s ]
SQL: SHOW COLUMNS FROM `sp_manager` [ RunTime:0.0055s ]
SQL: SELECT r.role_auth_ac FROM sp_manager m INNER JOIN sp_role as r on m.role_id=r.role_id  WHERE m.mg_id = '502' LIMIT 1   [ RunTime:0.0003s ]
SQL: SHOW COLUMNS FROM `sp_attribute` [ RunTime:0.0067s ]
SQL: SELECT a.*,(select group_concat(ga.attr_value) from sp_goods_attr as ga where ga.attr_id=a.attr_id and ga.goods_id=35) as attr_values FROM sp_attribute a WHERE a.type_id = '1'  [ RunTime:0.0013s ]
INFO: [ app_end ] --START--
INFO: Run Behavior\ShowPageTraceBehavior [ RunTime:0.000640s ]
INFO: [ app_end ] --END-- [ RunTime:0.000685s ]

[ 2017-07-08T10:00:31+08:00 ] 127.0.0.1 /index.php/Admin/Goods/getAttrByType2?goods_id=35&type_id=2
INFO: [ app_begin ] --START--
INFO: Run Behavior\ReadHtmlCacheBehavior [ RunTime:0.000575s ]
INFO: [ app_begin ] --END-- [ RunTime:0.000960s ]
SQL: SHOW COLUMNS FROM `sp_manager` [ RunTime:0.0050s ]
SQL: SELECT r.role_auth_ac FROM sp_manager m INNER JOIN sp_role as r on m.role_id=r.role_id  WHERE m.mg_id = '502' LIMIT 1   [ RunTime:0.0003s ]
SQL: SHOW COLUMNS FROM `sp_attribute` [ RunTime:0.0038s ]
SQL: SELECT a.*,(select group_concat(ga.attr_value) from sp_goods_attr as ga where ga.attr_id=a.attr_id and ga.goods_id=35) as attr_values FROM sp_attribute a WHERE a.type_id = '2'  [ RunTime:0.0005s ]
INFO: [ app_end ] --START--
INFO: Run Behavior\ShowPageTraceBehavior [ RunTime:0.000738s ]
INFO: [ app_end ] --END-- [ RunTime:0.000785s ]

[ 2017-07-08T10:00:36+08:00 ] 127.0.0.1 /index.php/Admin/Goods/getAttrByType2?goods_id=35&type_id=5
INFO: [ app_begin ] --START--
INFO: Run Behavior\ReadHtmlCacheBehavior [ RunTime:0.000448s ]
INFO: [ app_begin ] --END-- [ RunTime:0.000757s ]
SQL: SHOW COLUMNS FROM `sp_manager` [ RunTime:0.0162s ]
SQL: SELECT r.role_auth_ac FROM sp_manager m INNER JOIN sp_role as r on m.role_id=r.role_id  WHERE m.mg_id = '502' LIMIT 1   [ RunTime:0.0009s ]
SQL: SHOW COLUMNS FROM `sp_attribute` [ RunTime:0.0153s ]
SQL: SELECT a.*,(select group_concat(ga.attr_value) from sp_goods_attr as ga where ga.attr_id=a.attr_id and ga.goods_id=35) as attr_values FROM sp_attribute a WHERE a.type_id = '5'  [ RunTime:0.0013s ]
INFO: [ app_end ] --START--
INFO: Run Behavior\ShowPageTraceBehavior [ RunTime:0.002262s ]
INFO: [ app_end ] --END-- [ RunTime:0.002409s ]

[ 2017-07-08T10:00:38+08:00 ] 127.0.0.1 /index.php/Admin/Goods/getAttrByType2?goods_id=35&type_id=8
INFO: [ app_begin ] --START--
INFO: Run Behavior\ReadHtmlCacheBehavior [ RunTime:0.000601s ]
INFO: [ app_begin ] --END-- [ RunTime:0.001116s ]
SQL: SHOW COLUMNS FROM `sp_manager` [ RunTime:0.0053s ]
SQL: SELECT r.role_auth_ac FROM sp_manager m INNER JOIN sp_role as r on m.role_id=r.role_id  WHERE m.mg_id = '502' LIMIT 1   [ RunTime:0.0004s ]
SQL: SHOW COLUMNS FROM `sp_attribute` [ RunTime:0.0044s ]
SQL: SELECT a.*,(select group_concat(ga.attr_value) from sp_goods_attr as ga where ga.attr_id=a.attr_id and ga.goods_id=35) as attr_values FROM sp_attribute a WHERE a.type_id = '8'  [ RunTime:0.0004s ]
INFO: [ app_end ] --START--
INFO: Run Behavior\ShowPageTraceBehavior [ RunTime:0.000749s ]
INFO: [ app_end ] --END-- [ RunTime:0.000798s ]

[ 2017-07-08T10:00:40+08:00 ] 127.0.0.1 /index.php/Admin/Goods/getAttrByType2?goods_id=35&type_id=9
INFO: [ app_begin ] --START--
INFO: Run Behavior\ReadHtmlCacheBehavior [ RunTime:0.001982s ]
INFO: [ app_begin ] --END-- [ RunTime:0.002768s ]
SQL: SHOW COLUMNS FROM `sp_manager` [ RunTime:0.0046s ]
SQL: SELECT r.role_auth_ac FROM sp_manager m INNER JOIN sp_role as r on m.role_id=r.role_id  WHERE m.mg_id = '502' LIMIT 1   [ RunTime:0.0003s ]
SQL: SHOW COLUMNS FROM `sp_attribute` [ RunTime:0.0038s ]
SQL: SELECT a.*,(select group_concat(ga.attr_value) from sp_goods_attr as ga where ga.attr_id=a.attr_id and ga.goods_id=35) as attr_values FROM sp_attribute a WHERE a.type_id = '9'  [ RunTime:0.0003s ]
INFO: [ app_end ] --START--
INFO: Run Behavior\ShowPageTraceBehavior [ RunTime:0.000542s ]
INFO: [ app_end ] --END-- [ RunTime:0.000577s ]

[ 2017-07-08T10:00:41+08:00 ] 127.0.0.1 /index.php/Admin/Goods/getAttrByType2?goods_id=35&type_id=1
INFO: [ app_begin ] --START--
INFO: Run Behavior\ReadHtmlCacheBehavior [ RunTime:0.000487s ]
INFO: [ app_begin ] --END-- [ RunTime:0.000837s ]
SQL: SHOW COLUMNS FROM `sp_manager` [ RunTime:0.0048s ]
SQL: SELECT r.role_auth_ac FROM sp_manager m INNER JOIN sp_role as r on m.role_id=r.role_id  WHERE m.mg_id = '502' LIMIT 1   [ RunTime:0.0003s ]
SQL: SHOW COLUMNS FROM `sp_attribute` [ RunTime:0.0043s ]
SQL: SELECT a.*,(select group_concat(ga.attr_value) from sp_goods_attr as ga where ga.attr_id=a.attr_id and ga.goods_id=35) as attr_values FROM sp_attribute a WHERE a.type_id = '1'  [ RunTime:0.0006s ]
INFO: [ app_end ] --START--
INFO: Run Behavior\ShowPageTraceBehavior [ RunTime:0.000587s ]
INFO: [ app_end ] --END-- [ RunTime:0.000624s ]

[ 2017-07-08T10:57:35+08:00 ] 127.0.0.1 /index.php/Admin/Goods/getAttrByType2?goods_id=35&type_id=1
INFO: [ app_begin ] --START--
INFO: Run Behavior\ReadHtmlCacheBehavior [ RunTime:0.000478s ]
INFO: [ app_begin ] --END-- [ RunTime:0.000822s ]
SQL: SHOW COLUMNS FROM `sp_manager` [ RunTime:0.0057s ]
SQL: SELECT r.role_auth_ac FROM sp_manager m INNER JOIN sp_role as r on m.role_id=r.role_id  WHERE m.mg_id = '502' LIMIT 1   [ RunTime:0.0003s ]
SQL: SHOW COLUMNS FROM `sp_attribute` [ RunTime:0.0048s ]
SQL: SELECT a.*,(select group_concat(ga.attr_value) from sp_goods_attr as ga where ga.attr_id=a.attr_id and ga.goods_id=35) as attr_values FROM sp_attribute a WHERE a.type_id = '1'  [ RunTime:0.0007s ]
INFO: [ app_end ] --START--
INFO: Run Behavior\ShowPageTraceBehavior [ RunTime:0.000627s ]
INFO: [ app_end ] --END-- [ RunTime:0.000667s ]

[ 2017-07-08T10:58:17+08:00 ] 127.0.0.1 /index.php/Admin/Goods/getAttrByType2?goods_id=35&type_id=1
INFO: [ app_begin ] --START--
INFO: Run Behavior\ReadHtmlCacheBehavior [ RunTime:0.000773s ]
INFO: [ app_begin ] --END-- [ RunTime:0.001417s ]
SQL: SHOW COLUMNS FROM `sp_manager` [ RunTime:0.0110s ]
SQL: SELECT r.role_auth_ac FROM sp_manager m INNER JOIN sp_role as r on m.role_id=r.role_id  WHERE m.mg_id = '502' LIMIT 1   [ RunTime:0.0005s ]
SQL: SHOW COLUMNS FROM `sp_attribute` [ RunTime:0.0111s ]
SQL: SELECT a.*,(select group_concat(ga.attr_value) from sp_goods_attr as ga where ga.attr_id=a.attr_id and ga.goods_id=35) as attr_values FROM sp_attribute a WHERE a.type_id = '1'  [ RunTime:0.0011s ]
INFO: [ app_end ] --START--
INFO: Run Behavior\ShowPageTraceBehavior [ RunTime:0.000732s ]
INFO: [ app_end ] --END-- [ RunTime:0.000778s ]

[ 2017-07-08T10:59:04+08:00 ] 127.0.0.1 /index.php/Admin/Index/index.html
INFO: [ app_end ] --START--
INFO: Run Behavior\ShowPageTraceBehavior [ RunTime:0.002215s ]
INFO: [ app_end ] --END-- [ RunTime:0.003809s ]

[ 2017-07-08T10:59:05+08:00 ] 127.0.0.1 /index.php/Admin/Index/top.html
INFO: [ app_end ] --START--
INFO: Run Behavior\ShowPageTraceBehavior [ RunTime:0.000650s ]
INFO: [ app_end ] --END-- [ RunTime:0.001372s ]

[ 2017-07-08T10:59:06+08:00 ] 127.0.0.1 /index.php/Admin/Index/center.html
INFO: [ app_end ] --START--
INFO: Run Behavior\ShowPageTraceBehavior [ RunTime:0.002174s ]
INFO: [ app_end ] --END-- [ RunTime:0.003700s ]

[ 2017-07-08T10:59:07+08:00 ] 127.0.0.1 /index.php/Admin/Index/down.html
INFO: [ app_end ] --START--
INFO: Run Behavior\ShowPageTraceBehavior [ RunTime:0.000707s ]
INFO: [ app_end ] --END-- [ RunTime:0.001203s ]

[ 2017-07-08T10:59:09+08:00 ] 127.0.0.1 /index.php/Admin/Index/right.html
INFO: [ app_end ] --START--
INFO: Run Behavior\ShowPageTraceBehavior [ RunTime:0.001946s ]
INFO: [ app_end ] --END-- [ RunTime:0.003317s ]

[ 2017-07-08T11:10:01+08:00 ] 127.0.0.1 /index.php/Admin/Goods/getAttrByType2?goods_id=35&type_id=1
INFO: [ app_begin ] --START--
INFO: Run Behavior\ReadHtmlCacheBehavior [ RunTime:0.000484s ]
INFO: [ app_begin ] --END-- [ RunTime:0.000838s ]
SQL: SHOW COLUMNS FROM `sp_manager` [ RunTime:0.0071s ]
SQL: SELECT r.role_auth_ac FROM sp_manager m INNER JOIN sp_role as r on m.role_id=r.role_id  WHERE m.mg_id = '502' LIMIT 1   [ RunTime:0.0004s ]
SQL: SHOW COLUMNS FROM `sp_attribute` [ RunTime:0.0051s ]
SQL: SELECT a.*,(select group_concat(ga.attr_value) from sp_goods_attr as ga where ga.attr_id=a.attr_id and ga.goods_id=35) as attr_values FROM sp_attribute a WHERE a.type_id = '1'  [ RunTime:0.0012s ]
INFO: [ app_end ] --START--
INFO: Run Behavior\ShowPageTraceBehavior [ RunTime:0.000537s ]
INFO: [ app_end ] --END-- [ RunTime:0.000573s ]

[ 2017-07-08T11:10:15+08:00 ] 127.0.0.1 /index.php/Admin/Goods/getAttrByType2?goods_id=35&type_id=2
INFO: [ app_begin ] --START--
INFO: Run Behavior\ReadHtmlCacheBehavior [ RunTime:0.000500s ]
INFO: [ app_begin ] --END-- [ RunTime:0.000881s ]
SQL: SHOW COLUMNS FROM `sp_manager` [ RunTime:0.0092s ]
SQL: SELECT r.role_auth_ac FROM sp_manager m INNER JOIN sp_role as r on m.role_id=r.role_id  WHERE m.mg_id = '502' LIMIT 1   [ RunTime:0.0005s ]
SQL: SHOW COLUMNS FROM `sp_attribute` [ RunTime:0.0085s ]
SQL: SELECT a.*,(select group_concat(ga.attr_value) from sp_goods_attr as ga where ga.attr_id=a.attr_id and ga.goods_id=35) as attr_values FROM sp_attribute a WHERE a.type_id = '2'  [ RunTime:0.0009s ]
INFO: [ app_end ] --START--
INFO: Run Behavior\ShowPageTraceBehavior [ RunTime:0.000925s ]
INFO: [ app_end ] --END-- [ RunTime:0.000985s ]

[ 2017-07-08T11:10:40+08:00 ] 127.0.0.1 /index.php/Admin/Goods/getAttrByType2?goods_id=35&type_id=3
INFO: [ app_begin ] --START--
INFO: Run Behavior\ReadHtmlCacheBehavior [ RunTime:0.000678s ]
INFO: [ app_begin ] --END-- [ RunTime:0.001106s ]
SQL: SHOW COLUMNS FROM `sp_manager` [ RunTime:0.0230s ]
SQL: SELECT r.role_auth_ac FROM sp_manager m INNER JOIN sp_role as r on m.role_id=r.role_id  WHERE m.mg_id = '502' LIMIT 1   [ RunTime:0.0010s ]
SQL: SHOW COLUMNS FROM `sp_attribute` [ RunTime:0.0190s ]
SQL: SELECT a.*,(select group_concat(ga.attr_value) from sp_goods_attr as ga where ga.attr_id=a.attr_id and ga.goods_id=35) as attr_values FROM sp_attribute a WHERE a.type_id = '3'  [ RunTime:0.0011s ]
INFO: [ app_end ] --START--
INFO: Run Behavior\ShowPageTraceBehavior [ RunTime:0.002096s ]
INFO: [ app_end ] --END-- [ RunTime:0.002223s ]

[ 2017-07-08T11:10:44+08:00 ] 127.0.0.1 /index.php/Admin/Goods/getAttrByType2?goods_id=35&type_id=4
INFO: [ app_begin ] --START--
INFO: Run Behavior\ReadHtmlCacheBehavior [ RunTime:0.000497s ]
INFO: [ app_begin ] --END-- [ RunTime:0.000852s ]
SQL: SHOW COLUMNS FROM `sp_manager` [ RunTime:0.0058s ]
SQL: SELECT r.role_auth_ac FROM sp_manager m INNER JOIN sp_role as r on m.role_id=r.role_id  WHERE m.mg_id = '502' LIMIT 1   [ RunTime:0.0004s ]
SQL: SHOW COLUMNS FROM `sp_attribute` [ RunTime:0.0175s ]
SQL: SELECT a.*,(select group_concat(ga.attr_value) from sp_goods_attr as ga where ga.attr_id=a.attr_id and ga.goods_id=35) as attr_values FROM sp_attribute a WHERE a.type_id = '4'  [ RunTime:0.0013s ]
INFO: [ app_end ] --START--
INFO: Run Behavior\ShowPageTraceBehavior [ RunTime:0.001359s ]
INFO: [ app_end ] --END-- [ RunTime:0.001448s ]

[ 2017-07-08T11:10:50+08:00 ] 127.0.0.1 /index.php/Admin/Goods/getAttrByType2?goods_id=35&type_id=5
INFO: [ app_begin ] --START--
INFO: Run Behavior\ReadHtmlCacheBehavior [ RunTime:0.000494s ]
INFO: [ app_begin ] --END-- [ RunTime:0.000871s ]
SQL: SHOW COLUMNS FROM `sp_manager` [ RunTime:0.0076s ]
SQL: SELECT r.role_auth_ac FROM sp_manager m INNER JOIN sp_role as r on m.role_id=r.role_id  WHERE m.mg_id = '502' LIMIT 1   [ RunTime:0.0004s ]
SQL: SHOW COLUMNS FROM `sp_attribute` [ RunTime:0.0131s ]
SQL: SELECT a.*,(select group_concat(ga.attr_value) from sp_goods_attr as ga where ga.attr_id=a.attr_id and ga.goods_id=35) as attr_values FROM sp_attribute a WHERE a.type_id = '5'  [ RunTime:0.0004s ]
INFO: [ app_end ] --START--
INFO: Run Behavior\ShowPageTraceBehavior [ RunTime:0.000842s ]
INFO: [ app_end ] --END-- [ RunTime:0.000896s ]

[ 2017-07-08T11:10:53+08:00 ] 127.0.0.1 /index.php/Admin/Goods/getAttrByType2?goods_id=35&type_id=7
INFO: [ app_begin ] --START--
INFO: Run Behavior\ReadHtmlCacheBehavior [ RunTime:0.000672s ]
INFO: [ app_begin ] --END-- [ RunTime:0.001072s ]
SQL: SHOW COLUMNS FROM `sp_manager` [ RunTime:0.0202s ]
SQL: SELECT r.role_auth_ac FROM sp_manager m INNER JOIN sp_role as r on m.role_id=r.role_id  WHERE m.mg_id = '502' LIMIT 1   [ RunTime:0.0009s ]
SQL: SHOW COLUMNS FROM `sp_attribute` [ RunTime:0.0147s ]
SQL: SELECT a.*,(select group_concat(ga.attr_value) from sp_goods_attr as ga where ga.attr_id=a.attr_id and ga.goods_id=35) as attr_values FROM sp_attribute a WHERE a.type_id = '7'  [ RunTime:0.0007s ]
INFO: [ app_end ] --START--
INFO: Run Behavior\ShowPageTraceBehavior [ RunTime:0.001334s ]
INFO: [ app_end ] --END-- [ RunTime:0.001415s ]

[ 2017-07-08T11:10:56+08:00 ] 127.0.0.1 /index.php/Admin/Goods/getAttrByType2?goods_id=35&type_id=1
INFO: [ app_begin ] --START--
INFO: Run Behavior\ReadHtmlCacheBehavior [ RunTime:0.000489s ]
INFO: [ app_begin ] --END-- [ RunTime:0.000929s ]
SQL: SHOW COLUMNS FROM `sp_manager` [ RunTime:0.0057s ]
SQL: SELECT r.role_auth_ac FROM sp_manager m INNER JOIN sp_role as r on m.role_id=r.role_id  WHERE m.mg_id = '502' LIMIT 1   [ RunTime:0.0003s ]
SQL: SHOW COLUMNS FROM `sp_attribute` [ RunTime:0.0050s ]
SQL: SELECT a.*,(select group_concat(ga.attr_value) from sp_goods_attr as ga where ga.attr_id=a.attr_id and ga.goods_id=35) as attr_values FROM sp_attribute a WHERE a.type_id = '1'  [ RunTime:0.0006s ]
INFO: [ app_end ] --START--
INFO: Run Behavior\ShowPageTraceBehavior [ RunTime:0.000546s ]
INFO: [ app_end ] --END-- [ RunTime:0.000581s ]

[ 2017-07-08T13:39:05+08:00 ] 127.0.0.1 /index.php/admin
INFO: [ app_end ] --START--
INFO: Run Behavior\ShowPageTraceBehavior [ RunTime:0.000623s ]
INFO: [ app_end ] --END-- [ RunTime:0.001085s ]

[ 2017-07-08T14:43:46+08:00 ] 127.0.0.1 /index.php/Admin/
INFO: [ app_end ] --START--
INFO: Run Behavior\ShowPageTraceBehavior [ RunTime:0.000491s ]
INFO: [ app_end ] --END-- [ RunTime:0.000828s ]

[ 2017-07-08T15:20:42+08:00 ] 127.0.0.1 /index.php/Admin/
INFO: [ app_end ] --START--
INFO: Run Behavior\ShowPageTraceBehavior [ RunTime:0.000588s ]
INFO: [ app_end ] --END-- [ RunTime:0.000975s ]

[ 2017-07-08T15:20:52+08:00 ] 127.0.0.1 /index.php/Admin/Index/index.html
INFO: [ app_end ] --START--
INFO: Run Behavior\ShowPageTraceBehavior [ RunTime:0.001334s ]
INFO: [ app_end ] --END-- [ RunTime:0.002177s ]

[ 2017-07-08T15:20:53+08:00 ] 127.0.0.1 /index.php/Admin/Index/top.html
INFO: [ app_end ] --START--
INFO: Run Behavior\ShowPageTraceBehavior [ RunTime:0.000728s ]
INFO: [ app_end ] --END-- [ RunTime:0.001191s ]

[ 2017-07-08T15:20:54+08:00 ] 127.0.0.1 /index.php/Admin/Index/center.html
INFO: [ app_end ] --START--
INFO: Run Behavior\ShowPageTraceBehavior [ RunTime:0.000496s ]
INFO: [ app_end ] --END-- [ RunTime:0.000843s ]

[ 2017-07-08T15:20:55+08:00 ] 127.0.0.1 /index.php/Admin/Index/down.html
INFO: [ app_end ] --START--
INFO: Run Behavior\ShowPageTraceBehavior [ RunTime:0.000610s ]
INFO: [ app_end ] --END-- [ RunTime:0.001086s ]

[ 2017-07-08T15:20:57+08:00 ] 127.0.0.1 /index.php/Admin/Index/right.html
INFO: [ app_end ] --START--
INFO: Run Behavior\ShowPageTraceBehavior [ RunTime:0.000875s ]
INFO: [ app_end ] --END-- [ RunTime:0.001490s ]

[ 2017-07-08T15:21:04+08:00 ] 127.0.0.1 /index.php/Admin/Goods/getAttrByType2?goods_id=35&type_id=1
INFO: [ app_begin ] --START--
INFO: Run Behavior\ReadHtmlCacheBehavior [ RunTime:0.000500s ]
INFO: [ app_begin ] --END-- [ RunTime:0.000862s ]
SQL: SHOW COLUMNS FROM `sp_manager` [ RunTime:0.0058s ]
SQL: SELECT r.role_auth_ac FROM sp_manager m INNER JOIN sp_role as r on m.role_id=r.role_id  WHERE m.mg_id = '502' LIMIT 1   [ RunTime:0.0003s ]
SQL: SHOW COLUMNS FROM `sp_attribute` [ RunTime:0.0051s ]
SQL: SELECT a.*,(select group_concat(ga.attr_value) from sp_goods_attr as ga where ga.attr_id=a.attr_id and ga.goods_id=35) as attr_values FROM sp_attribute a WHERE a.type_id = '1'  [ RunTime:0.0012s ]
INFO: [ app_end ] --START--
INFO: Run Behavior\ShowPageTraceBehavior [ RunTime:0.000649s ]
INFO: [ app_end ] --END-- [ RunTime:0.000689s ]

[ 2017-07-08T15:22:00+08:00 ] 127.0.0.1 /index.php/Admin/Goods/getAttrByType2?goods_id=35&type_id=1
INFO: [ app_begin ] --START--
INFO: Run Behavior\ReadHtmlCacheBehavior [ RunTime:0.000656s ]
INFO: [ app_begin ] --END-- [ RunTime:0.001030s ]
SQL: SHOW COLUMNS FROM `sp_manager` [ RunTime:0.0057s ]
SQL: SELECT r.role_auth_ac FROM sp_manager m INNER JOIN sp_role as r on m.role_id=r.role_id  WHERE m.mg_id = '502' LIMIT 1   [ RunTime:0.0003s ]
SQL: SHOW COLUMNS FROM `sp_attribute` [ RunTime:0.0046s ]
SQL: SELECT a.*,(select group_concat(ga.attr_value) from sp_goods_attr as ga where ga.attr_id=a.attr_id and ga.goods_id=35) as attr_values FROM sp_attribute a WHERE a.type_id = '1'  [ RunTime:0.0007s ]
INFO: [ app_end ] --START--
INFO: Run Behavior\ShowPageTraceBehavior [ RunTime:0.000818s ]
INFO: [ app_end ] --END-- [ RunTime:0.000855s ]

[ 2017-07-08T15:23:11+08:00 ] 127.0.0.1 /index.php/Admin/Index/index.html
INFO: [ app_end ] --START--
INFO: Run Behavior\ShowPageTraceBehavior [ RunTime:0.000724s ]
INFO: [ app_end ] --END-- [ RunTime:0.001253s ]

[ 2017-07-08T15:23:12+08:00 ] 127.0.0.1 /index.php/Admin/Index/top.html
INFO: [ app_end ] --START--
INFO: Run Behavior\ShowPageTraceBehavior [ RunTime:0.000655s ]
INFO: [ app_end ] --END-- [ RunTime:0.001153s ]

[ 2017-07-08T15:23:13+08:00 ] 127.0.0.1 /index.php/Admin/Index/center.html
INFO: [ app_end ] --START--
INFO: Run Behavior\ShowPageTraceBehavior [ RunTime:0.000533s ]
INFO: [ app_end ] --END-- [ RunTime:0.000909s ]

[ 2017-07-08T15:23:14+08:00 ] 127.0.0.1 /index.php/Admin/Index/down.html
INFO: [ app_end ] --START--
INFO: Run Behavior\ShowPageTraceBehavior [ RunTime:0.001147s ]
INFO: [ app_end ] --END-- [ RunTime:0.001854s ]

[ 2017-07-08T15:23:16+08:00 ] 127.0.0.1 /index.php/Admin/Index/right.html
INFO: [ app_end ] --START--
INFO: Run Behavior\ShowPageTraceBehavior [ RunTime:0.000617s ]
INFO: [ app_end ] --END-- [ RunTime:0.001043s ]

