[ 2017-07-07T21:04:37+08:00 ] 127.0.0.1 /index.php/Admin/
INFO: [ app_end ] --START--
INFO: Run Behavior\ShowPageTraceBehavior [ RunTime:0.000790s ]
INFO: [ app_end ] --END-- [ RunTime:0.001368s ]

[ 2017-07-07T21:04:48+08:00 ] 127.0.0.1 /index.php/Admin/Index/index.html
INFO: [ app_end ] --START--
INFO: Run Behavior\ShowPageTraceBehavior [ RunTime:0.002209s ]
INFO: [ app_end ] --END-- [ RunTime:0.003726s ]

[ 2017-07-07T21:04:50+08:00 ] 127.0.0.1 /index.php/Admin/Index/top.html
INFO: [ app_end ] --START--
INFO: Run Behavior\ShowPageTraceBehavior [ RunTime:0.001956s ]
INFO: [ app_end ] --END-- [ RunTime:0.003300s ]

[ 2017-07-07T21:04:51+08:00 ] 127.0.0.1 /index.php/Admin/Index/center.html
INFO: [ app_end ] --START--
INFO: Run Behavior\ShowPageTraceBehavior [ RunTime:0.000961s ]
INFO: [ app_end ] --END-- [ RunTime:0.001634s ]

[ 2017-07-07T21:04:52+08:00 ] 127.0.0.1 /index.php/Admin/Index/down.html
INFO: [ app_end ] --START--
INFO: Run Behavior\ShowPageTraceBehavior [ RunTime:0.000712s ]
INFO: [ app_end ] --END-- [ RunTime:0.001187s ]

[ 2017-07-07T21:04:54+08:00 ] 127.0.0.1 /index.php/Admin/Index/right.html
INFO: [ app_end ] --START--
INFO: Run Behavior\ShowPageTraceBehavior [ RunTime:0.001424s ]
INFO: [ app_end ] --END-- [ RunTime:0.002135s ]

[ 2017-07-07T21:05:21+08:00 ] 127.0.0.1 /index.php/Admin/Goods/getAttrByType?type_id=1
INFO: [ app_begin ] --START--
INFO: Run Behavior\ReadHtmlCacheBehavior [ RunTime:0.000469s ]
INFO: [ app_begin ] --END-- [ RunTime:0.000801s ]
SQL: SHOW COLUMNS FROM `sp_manager` [ RunTime:0.0124s ]
SQL: SELECT r.role_auth_ac FROM sp_manager m INNER JOIN sp_role as r on m.role_id=r.role_id  WHERE m.mg_id = '502' LIMIT 1   [ RunTime:0.0011s ]
SQL: SHOW COLUMNS FROM `sp_attribute` [ RunTime:0.0387s ]
SQL: SELECT * FROM `sp_attribute` WHERE `type_id` = 1  [ RunTime:0.0012s ]
INFO: [ app_end ] --START--
INFO: Run Behavior\ShowPageTraceBehavior [ RunTime:0.002177s ]
INFO: [ app_end ] --END-- [ RunTime:0.002321s ]

[ 2017-07-07T21:17:52+08:00 ] 127.0.0.1 /index.php/Admin/Goods/checkName.html?goods_name=
INFO: [ app_begin ] --START--
INFO: Run Behavior\ReadHtmlCacheBehavior [ RunTime:0.000915s ]
INFO: [ app_begin ] --END-- [ RunTime:0.001485s ]
SQL: SHOW COLUMNS FROM `sp_manager` [ RunTime:0.0088s ]
SQL: SELECT r.role_auth_ac FROM sp_manager m INNER JOIN sp_role as r on m.role_id=r.role_id  WHERE m.mg_id = '502' LIMIT 1   [ RunTime:0.0006s ]
SQL: SHOW COLUMNS FROM `sp_goods` [ RunTime:0.0083s ]
SQL: SELECT * FROM `sp_goods` WHERE `goods_name` = '' LIMIT 1   [ RunTime:0.0009s ]
INFO: [ app_end ] --START--
INFO: Run Behavior\ShowPageTraceBehavior [ RunTime:0.001787s ]
INFO: [ app_end ] --END-- [ RunTime:0.001881s ]

[ 2017-07-07T21:18:03+08:00 ] 127.0.0.1 /index.php/Admin/Goods/checkName.html?goods_name=%E5%A4%A7%E7%B1%B3%E6%89%8B%E6%9C%BA
INFO: [ app_begin ] --START--
INFO: Run Behavior\ReadHtmlCacheBehavior [ RunTime:0.000578s ]
INFO: [ app_begin ] --END-- [ RunTime:0.000965s ]
SQL: SHOW COLUMNS FROM `sp_manager` [ RunTime:0.0098s ]
SQL: SELECT r.role_auth_ac FROM sp_manager m INNER JOIN sp_role as r on m.role_id=r.role_id  WHERE m.mg_id = '502' LIMIT 1   [ RunTime:0.0010s ]
SQL: SHOW COLUMNS FROM `sp_goods` [ RunTime:0.0127s ]
SQL: SELECT * FROM `sp_goods` WHERE `goods_name` = '大米手机' LIMIT 1   [ RunTime:0.0012s ]
INFO: [ app_end ] --START--
INFO: Run Behavior\ShowPageTraceBehavior [ RunTime:0.002302s ]
INFO: [ app_end ] --END-- [ RunTime:0.002446s ]

[ 2017-07-07T21:18:27+08:00 ] 127.0.0.1 /index.php/Admin/Goods/getAttrByType?type_id=1
INFO: [ app_begin ] --START--
INFO: Run Behavior\ReadHtmlCacheBehavior [ RunTime:0.000503s ]
INFO: [ app_begin ] --END-- [ RunTime:0.000870s ]
SQL: SHOW COLUMNS FROM `sp_manager` [ RunTime:0.0076s ]
SQL: SELECT r.role_auth_ac FROM sp_manager m INNER JOIN sp_role as r on m.role_id=r.role_id  WHERE m.mg_id = '502' LIMIT 1   [ RunTime:0.0004s ]
SQL: SHOW COLUMNS FROM `sp_attribute` [ RunTime:0.0053s ]
SQL: SELECT * FROM `sp_attribute` WHERE `type_id` = 1  [ RunTime:0.0005s ]
INFO: [ app_end ] --START--
INFO: Run Behavior\ShowPageTraceBehavior [ RunTime:0.000925s ]
INFO: [ app_end ] --END-- [ RunTime:0.000980s ]

[ 2017-07-07T21:19:40+08:00 ] 127.0.0.1 /index.php/Admin/Goods/delPics.html
INFO: [ app_begin ] --START--
INFO: Run Behavior\ReadHtmlCacheBehavior [ RunTime:0.000604s ]
INFO: [ app_begin ] --END-- [ RunTime:0.001008s ]
SQL: SHOW COLUMNS FROM `sp_manager` [ RunTime:0.0126s ]
SQL: SELECT r.role_auth_ac FROM sp_manager m INNER JOIN sp_role as r on m.role_id=r.role_id  WHERE m.mg_id = '502' LIMIT 1   [ RunTime:0.0009s ]
SQL: SHOW COLUMNS FROM `sp_goods_pics` [ RunTime:0.0115s ]
SQL: SELECT * FROM `sp_goods_pics` WHERE `pics_id` = 20 LIMIT 1   [ RunTime:0.0009s ]
SQL: DELETE FROM `sp_goods_pics` WHERE `pics_id` = 20 [ RunTime:0.0411s ]
INFO: [ app_end ] --START--
INFO: Run Behavior\ShowPageTraceBehavior [ RunTime:0.003019s ]
INFO: [ app_end ] --END-- [ RunTime:0.003159s ]

[ 2017-07-07T22:00:28+08:00 ] 127.0.0.1 /index.php/Admin/Goods/getAttrByType2?goods_id=35&type_id=2
INFO: [ app_begin ] --START--
INFO: Run Behavior\ReadHtmlCacheBehavior [ RunTime:0.000502s ]
INFO: [ app_begin ] --END-- [ RunTime:0.000892s ]
SQL: SHOW COLUMNS FROM `sp_manager` [ RunTime:0.0069s ]
SQL: SELECT r.role_auth_ac FROM sp_manager m INNER JOIN sp_role as r on m.role_id=r.role_id  WHERE m.mg_id = '502' LIMIT 1   [ RunTime:0.0006s ]
SQL: SHOW COLUMNS FROM `sp_attribute` [ RunTime:0.0067s ]
SQL: SELECT a.*,(select group_concat(ga.attr_value) from sp_goods_attr as ga where ga.attr_id=a.attr_id and ga.goods_id=35) as attr_values FROM sp_attribute a WHERE a.type_id = '2'  [ RunTime:0.0232s ]
INFO: [ app_end ] --START--
INFO: Run Behavior\ShowPageTraceBehavior [ RunTime:0.001932s ]
INFO: [ app_end ] --END-- [ RunTime:0.002054s ]

[ 2017-07-07T22:01:02+08:00 ] 127.0.0.1 /index.php/Admin/Goods/getAttrByType2?goods_id=35&type_id=1
INFO: [ app_begin ] --START--
INFO: Run Behavior\ReadHtmlCacheBehavior [ RunTime:0.000492s ]
INFO: [ app_begin ] --END-- [ RunTime:0.000881s ]
SQL: SHOW COLUMNS FROM `sp_manager` [ RunTime:0.0104s ]
SQL: SELECT r.role_auth_ac FROM sp_manager m INNER JOIN sp_role as r on m.role_id=r.role_id  WHERE m.mg_id = '502' LIMIT 1   [ RunTime:0.0011s ]
SQL: SHOW COLUMNS FROM `sp_attribute` [ RunTime:0.0119s ]
SQL: SELECT a.*,(select group_concat(ga.attr_value) from sp_goods_attr as ga where ga.attr_id=a.attr_id and ga.goods_id=35) as attr_values FROM sp_attribute a WHERE a.type_id = '1'  [ RunTime:0.0020s ]
INFO: [ app_end ] --START--
INFO: Run Behavior\ShowPageTraceBehavior [ RunTime:0.002103s ]
INFO: [ app_end ] --END-- [ RunTime:0.002268s ]

[ 2017-07-07T22:25:13+08:00 ] 127.0.0.1 /index.php/Admin/Goods/getAttrByType2?goods_id=35&type_id=1
INFO: [ app_begin ] --START--
INFO: Run Behavior\ReadHtmlCacheBehavior [ RunTime:0.000507s ]
INFO: [ app_begin ] --END-- [ RunTime:0.000905s ]
SQL: SHOW COLUMNS FROM `sp_manager` [ RunTime:0.0119s ]
SQL: SELECT r.role_auth_ac FROM sp_manager m INNER JOIN sp_role as r on m.role_id=r.role_id  WHERE m.mg_id = '502' LIMIT 1   [ RunTime:0.0010s ]
SQL: SHOW COLUMNS FROM `sp_attribute` [ RunTime:0.0117s ]
SQL: SELECT a.*,(select group_concat(ga.attr_value) from sp_goods_attr as ga where ga.attr_id=a.attr_id and ga.goods_id=35) as attr_values FROM sp_attribute a WHERE a.type_id = '1'  [ RunTime:0.0019s ]
INFO: [ app_end ] --START--
INFO: Run Behavior\ShowPageTraceBehavior [ RunTime:0.002082s ]
INFO: [ app_end ] --END-- [ RunTime:0.002193s ]

[ 2017-07-07T22:25:23+08:00 ] 127.0.0.1 /index.php/Admin/Goods/getAttrByType2?goods_id=35&type_id=2
INFO: [ app_begin ] --START--
INFO: Run Behavior\ReadHtmlCacheBehavior [ RunTime:0.000487s ]
INFO: [ app_begin ] --END-- [ RunTime:0.000888s ]
SQL: SHOW COLUMNS FROM `sp_manager` [ RunTime:0.0069s ]
SQL: SELECT r.role_auth_ac FROM sp_manager m INNER JOIN sp_role as r on m.role_id=r.role_id  WHERE m.mg_id = '502' LIMIT 1   [ RunTime:0.0005s ]
SQL: SHOW COLUMNS FROM `sp_attribute` [ RunTime:0.0065s ]
SQL: SELECT a.*,(select group_concat(ga.attr_value) from sp_goods_attr as ga where ga.attr_id=a.attr_id and ga.goods_id=35) as attr_values FROM sp_attribute a WHERE a.type_id = '2'  [ RunTime:0.0009s ]
INFO: [ app_end ] --START--
INFO: Run Behavior\ShowPageTraceBehavior [ RunTime:0.001155s ]
INFO: [ app_end ] --END-- [ RunTime:0.001227s ]

[ 2017-07-07T22:25:31+08:00 ] 127.0.0.1 /index.php/Admin/Goods/getAttrByType2?goods_id=35&type_id=1
INFO: [ app_begin ] --START--
INFO: Run Behavior\ReadHtmlCacheBehavior [ RunTime:0.000501s ]
INFO: [ app_begin ] --END-- [ RunTime:0.000885s ]
SQL: SHOW COLUMNS FROM `sp_manager` [ RunTime:0.0121s ]
SQL: SELECT r.role_auth_ac FROM sp_manager m INNER JOIN sp_role as r on m.role_id=r.role_id  WHERE m.mg_id = '502' LIMIT 1   [ RunTime:0.0009s ]
SQL: SHOW COLUMNS FROM `sp_attribute` [ RunTime:0.0118s ]
SQL: SELECT a.*,(select group_concat(ga.attr_value) from sp_goods_attr as ga where ga.attr_id=a.attr_id and ga.goods_id=35) as attr_values FROM sp_attribute a WHERE a.type_id = '1'  [ RunTime:0.0017s ]
INFO: [ app_end ] --START--
INFO: Run Behavior\ShowPageTraceBehavior [ RunTime:0.002055s ]
INFO: [ app_end ] --END-- [ RunTime:0.002191s ]

[ 2017-07-07T22:27:08+08:00 ] 127.0.0.1 /index.php/Admin/Goods/getAttrByType2?goods_id=35&type_id=2
INFO: [ app_begin ] --START--
INFO: Run Behavior\ReadHtmlCacheBehavior [ RunTime:0.000490s ]
INFO: [ app_begin ] --END-- [ RunTime:0.000875s ]
SQL: SHOW COLUMNS FROM `sp_manager` [ RunTime:0.0088s ]
SQL: SELECT r.role_auth_ac FROM sp_manager m INNER JOIN sp_role as r on m.role_id=r.role_id  WHERE m.mg_id = '502' LIMIT 1   [ RunTime:0.0006s ]
SQL: SHOW COLUMNS FROM `sp_attribute` [ RunTime:0.0074s ]
SQL: SELECT a.*,(select group_concat(ga.attr_value) from sp_goods_attr as ga where ga.attr_id=a.attr_id and ga.goods_id=35) as attr_values FROM sp_attribute a WHERE a.type_id = '2'  [ RunTime:0.0011s ]
INFO: [ app_end ] --START--
INFO: Run Behavior\ShowPageTraceBehavior [ RunTime:0.001418s ]
INFO: [ app_end ] --END-- [ RunTime:0.001504s ]

[ 2017-07-07T22:27:11+08:00 ] 127.0.0.1 /index.php/Admin/Goods/getAttrByType2?goods_id=35&type_id=1
INFO: [ app_begin ] --START--
INFO: Run Behavior\ReadHtmlCacheBehavior [ RunTime:0.000566s ]
INFO: [ app_begin ] --END-- [ RunTime:0.000933s ]
SQL: SHOW COLUMNS FROM `sp_manager` [ RunTime:0.0078s ]
SQL: SELECT r.role_auth_ac FROM sp_manager m INNER JOIN sp_role as r on m.role_id=r.role_id  WHERE m.mg_id = '502' LIMIT 1   [ RunTime:0.0006s ]
SQL: SHOW COLUMNS FROM `sp_attribute` [ RunTime:0.0075s ]
SQL: SELECT a.*,(select group_concat(ga.attr_value) from sp_goods_attr as ga where ga.attr_id=a.attr_id and ga.goods_id=35) as attr_values FROM sp_attribute a WHERE a.type_id = '1'  [ RunTime:0.0011s ]
INFO: [ app_end ] --START--
INFO: Run Behavior\ShowPageTraceBehavior [ RunTime:0.001462s ]
INFO: [ app_end ] --END-- [ RunTime:0.001547s ]

